Sender: LSF System <lsfadmin@node151>
Subject: Job 1507267: <#!/bin/sh;#BSUB -q renxg;#BSUB -oo job.log;#BSUB -n 24;#BSUB -m node151;export OMP_NUM_THREADS=8;EXEC=/home/nic/wszhang/eclipse_project/abacus-NewGit/ABACUS.1.0.0/tools/tools_exx/opt_orb_pytorch/main.py;python3 $EXEC > 000.log> in cluster <tc4600> Done

Job <#!/bin/sh;#BSUB -q renxg;#BSUB -oo job.log;#BSUB -n 24;#BSUB -m node151;export OMP_NUM_THREADS=8;EXEC=/home/nic/wszhang/eclipse_project/abacus-NewGit/ABACUS.1.0.0/tools/tools_exx/opt_orb_pytorch/main.py;python3 $EXEC > 000.log> was submitted from host <tc4600v3> by user <wszhang> in cluster <tc4600>.
Job was executed on host(s) <24*node151>, in queue <renxg>, as user <wszhang> in cluster <tc4600>.
</home/nic/wszhang> was used as the home directory.
</home/nic/wszhang/eclipse_project/abacus-NewGit/ABACUS.1.0.0/tools/tools_exx/opt_lcao_bash/opt_orb> was used as the working directory.
Started at Results reported on 
Your job looked like:

------------------------------------------------------------
# LSBATCH: User input
#!/bin/sh
#BSUB -q renxg
#BSUB -oo job.log
#BSUB -n 24
#BSUB -m node151
export OMP_NUM_THREADS=8
EXEC=/home/nic/wszhang/eclipse_project/abacus-NewGit/ABACUS.1.0.0/tools/tools_exx/opt_orb_pytorch/main.py
python3 $EXEC > 000.log

------------------------------------------------------------

Successfully completed.

Resource usage summary:

    CPU time :                                   1330.98 sec.
    Max Memory :                                 66 MB
    Average Memory :                             62.79 MB
    Total Requested Memory :                     -
    Delta Memory :                               -
    Max Swap :                                   2 MB
    Max Processes :                              4
    Max Threads :                                28
    Run time :                                   372 sec.
    Turnaround time :                            375 sec.

The output (if any) follows:

