seed: 5326818953308800806
../Si-6-1.75/test.20.dat
Si 3 3
read QI: 0 0
read SI: 0 0
read VI: 0 0
../Si-6-2/test.20.dat
Si 3 3
read QI: 1 0
read SI: 1 0
read VI: 1 0
../Si-6-2.25/test.20.dat
Si 3 3
read QI: 2 0
read SI: 2 0
read VI: 2 0
../Si-6-2.75/test.20.dat
Si 3 3
read QI: 3 0
read SI: 3 0
read VI: 3 0
../Si-6-3.75/test.20.dat
Si 3 3
read QI: 4 0
read SI: 4 0
read VI: 4 0
Nt_all	['Si']
Nu	{'Si': [2, 2, 1]}
Nb_true	[4.0, 4.0, 4.0, 4.0, 4.0]
weight	[1.0, 1.0, 1.0, 1.0, 1.0]
Rcut	{'Si': 6}
dr	{'Si': 0.01}
Ecut	{'Si': 100}
lr	0.01
Nl	{'Si': 3}
Nst	5
Nt	[['Si'], ['Si'], ['Si'], ['Si'], ['Si']]
Na	[{'Si': 2}, {'Si': 2}, {'Si': 2}, {'Si': 2}, {'Si': 2}]
Nb	[8, 8, 8, 8, 8]
Ne	{'Si': 19}
See "Spillage.dat" for running status 
Time:	 370.14801597595215
