Sender: LSF System <lsfadmin@node190>
Subject: Job 1588063: <../Generate_Orbital_AllInOne.sh ORBITAL_INPUT_DZP> in cluster <tc4600> Done

Job <../Generate_Orbital_AllInOne.sh ORBITAL_INPUT_DZP> was submitted from host <tcadmin> by user <wszhang> in cluster <tc4600>.
Job was executed on host(s) <8*node190>, in queue <idle>, as user <wszhang> in cluster <tc4600>.
</home/nic/wszhang> was used as the home directory.
</home/nic/wszhang/eclipse_project/abacus-NewGit/ABACUS.1.0.0/tools/SIAB/example_PTG_Si-TZDP> was used as the working directory.
Started at Results reported on 
Your job looked like:

------------------------------------------------------------
# LSBATCH: User input
../Generate_Orbital_AllInOne.sh ORBITAL_INPUT_DZP
------------------------------------------------------------

Successfully completed.

Resource usage summary:

    CPU time :                                   3330.76 sec.
    Max Memory :                                 1491 MB
    Average Memory :                             528.81 MB
    Total Requested Memory :                     -
    Delta Memory :                               -
    Max Swap :                                   2 MB
    Max Processes :                              14
    Max Threads :                                28
    Run time :                                   664 sec.
    Turnaround time :                            666 sec.

The output (if any) follows:

 
 ********************************************************* 
 *                                                       * 
 *          Start to Generate Orbital for LCAO           * 
 *                                                       * 
 ********************************************************* 
      InputFile = ORBITAL_INPUT_DZP
        EXE_mpi = mpijob 
    Host1_NCore = 8
         EXE_pw = /home/nic/wszhang/eclipse_project/abacus-NewGit/ABACUS.1.0.0/bin/20190930.fix0621.ABACUS.mpi 
    EXE_orbital = /home/nic/wszhang/eclipse_project/abacus-NewGit/ABACUS.1.0.0/tools/SIAB/PyTorchGradient/source/main.py 
        targets = 14_Si_100
     Pseudo_dir = /home/nic/wszhang/eclipse_project/delta_dft/CIF_POT/SG15_ONCV_PBE-1.0/ 
           ecut = 100
    rcut_number = 1, info_r = ( 6 )
         Pseudo = Si_ONCV_PBE-1.0.upf
        sigma = 0.01
          nSTRU = 1
        STRU[1] = dimer
   BL_number[1] = 5, info[1] = 1.8 2.0 2.3 2.8 3.8
    LevelEnd[1] = 2
      nbands[1] = 8.0
   ref_bands[1] = 4.0
    SkipSTRU[1] = 0
 -------------------------------------------------------> Si
 The dir exist: 14_Si_100
    |run  cicle: rcut=6
 nSTRU = 1 
        |run  cicle: iSTRU=1
            |run  cicle: BL=1.8
 na=2
 mpijob /home/nic/wszhang/eclipse_project/abacus-NewGit/ABACUS.1.0.0/bin/20190930.fix0621.ABACUS.mpi 
 *********************************************************
 *                                                       *
 *                  WELCOME TO ABACUS                    *
 *                                                       *
 *            'Atomic-orbital Based Ab-initio            *
 *                  Computation at UStc'                 *
 *                                                       *
 *          Website: http://abacus.ustc.edu.cn/          *
 *                                                       *
 *********************************************************
 Wed Oct  9 18:56:24 2019
 MAKE THE DIR         : OUT.Si-6-1.8/
 DONE(0.0548856  SEC) : SETUP UNITCELL
 DONE(0.0557375  SEC) : INIT K-POINTS
 ---------------------------------------------------------
 This calculation is self-consistent
 ---------------------------------------------------------
 SPIN    KPOINTS         PROCESSORS  
 1       1               8           
 ---------------------------------------------------------
 Use plane wave basis
 ---------------------------------------------------------
 ELEMENT NATOM       XC          
 Si      2           PBE
 ---------------------------------------------------------
 Initial plane wave basis and FFT box
 ---------------------------------------------------------
 DONE(0.661015   SEC) : INIT PLANEWAVE
 UNIFORM GRID DIM     : 128 * 128 * 128
 UNIFORM GRID DIM(BIG): 128 * 128 * 128
 MEMORY FOR PSI (MB)  : 2.06018
 DONE(0.732115   SEC) : LOCAL POTENTIAL
 DONE(0.759959   SEC) : NON-LOCAL POTENTIAL
 START POTENTIAL      : atomic
 DONE(1.00999    SEC) : INIT POTENTIAL
 DONE(1.1928     SEC) : INIT BASIS
 -------------------------------------------
 SELF-CONSISTENT : 
 -------------------------------------------
 ITER   ETOT(eV)       EDIFF(eV)      DRHO2      CG_ITER    TIME(S)    
 CG1    -2.061718e+02  0.000000e+00   3.184e-01  8.750e+00  1.660e+00  
 CG2    -2.069331e+02  -7.612549e-01  3.083e-02  3.250e+00  9.300e-01  
 CG3    -2.070168e+02  -8.373766e-02  1.623e-03  2.750e+00  8.300e-01  
 CG4    -2.070253e+02  -8.515627e-03  1.598e-03  3.875e+00  9.900e-01  
 CG5    -2.070289e+02  -3.555672e-03  5.205e-04  2.250e+00  7.900e-01  
 CG6    -2.070293e+02  -4.547128e-04  1.600e-04  2.750e+00  8.400e-01  
 CG7    -2.070299e+02  -5.658163e-04  6.799e-05  2.500e+00  8.000e-01  
 CG8    -2.070298e+02  1.373825e-04   4.082e-05  2.000e+00  7.300e-01  
 CG9    -2.070298e+02  -6.383553e-05  4.041e-07  2.250e+00  7.700e-01  
 CG10   -2.070298e+02  -2.108681e-06  1.070e-07  4.625e+00  1.090e+00  
 CG11   -2.070298e+02  -1.144306e-07  1.248e-08  2.375e+00  7.700e-01  
 DONE(1.231e+01  SEC) : jlq3d_overlap
 DONE(4.207e+01  SEC) : Sq_overlap
 DONE(4.221e+01  SEC) : BASIS OVERLAP (Q and S) GENERATION.

  |CLASS_NAME---------|NAME---------------|TIME(Sec)-----|CALLS----|AVG------|PER%-------
 A DC_Driv             divide_frag         0.61           1         0.61      1.4       %
 B PW_Basis            gen_pw              0.61           1         0.61      1.4       %
 A DC_Driv             solve_eachf         42             1         42        98        %
 B Run_Frag            frag_pw_line        42             1         42        98        %
 X FFT                 FFT3D               6.7            1034      0.0065    16        %
 E potential           v_of_rho            2.1            12        0.17      5         %
 C wavefunc            wfcinit             0.18           1         0.18      0.43      %
 G Hamilt_PW           cinitcgg            1.7            12        0.14      3.9       %
 H Hamilt_PW           h_psi               6.1            395       0.015     14        %
 I Hamilt_PW           add_vuspsi          0.19           395       0.00047   0.44      %
 C Ions                opt_ions_pw         10             1         10        24        %
 D electrons           self_consistent     10             1         10        24        %
 E electrons           c_bands             6.5            11        0.59      15        %
 F Hamilt              diago               6.4            11        0.58      15        %
 G Diago_CG            diag                4.9            11        0.45      12        %
 E Charge              mix_rho             0.57           11        0.051     1.3       %
 ----------------------------------------------------------------------------------------

 START  Time  : Wed Oct  9 18:56:24 2019
 FINISH Time  : Wed Oct  9 18:57:06 2019
 TOTAL  Time  : 42
 SEE INFORMATION IN : OUT.Si-6-1.8/
            |run  cicle: BL=2.0
 na=2
 mpijob /home/nic/wszhang/eclipse_project/abacus-NewGit/ABACUS.1.0.0/bin/20190930.fix0621.ABACUS.mpi 
 *********************************************************
 *                                                       *
 *                  WELCOME TO ABACUS                    *
 *                                                       *
 *            'Atomic-orbital Based Ab-initio            *
 *                  Computation at UStc'                 *
 *                                                       *
 *          Website: http://abacus.ustc.edu.cn/          *
 *                                                       *
 *********************************************************
 Wed Oct  9 18:57:07 2019
 MAKE THE DIR         : OUT.Si-6-2.0/
 DONE(0.0477219  SEC) : SETUP UNITCELL
 DONE(0.0485678  SEC) : INIT K-POINTS
 ---------------------------------------------------------
 This calculation is self-consistent
 ---------------------------------------------------------
 SPIN    KPOINTS         PROCESSORS  
 1       1               8           
 ---------------------------------------------------------
 Use plane wave basis
 ---------------------------------------------------------
 ELEMENT NATOM       XC          
 Si      2           PBE
 ---------------------------------------------------------
 Initial plane wave basis and FFT box
 ---------------------------------------------------------
 DONE(0.629491   SEC) : INIT PLANEWAVE
 UNIFORM GRID DIM     : 128 * 128 * 128
 UNIFORM GRID DIM(BIG): 128 * 128 * 128
 MEMORY FOR PSI (MB)  : 2.06018
 DONE(0.718325   SEC) : LOCAL POTENTIAL
 DONE(0.751655   SEC) : NON-LOCAL POTENTIAL
 START POTENTIAL      : atomic
 DONE(1.00133    SEC) : INIT POTENTIAL
 DONE(1.1875     SEC) : INIT BASIS
 -------------------------------------------
 SELF-CONSISTENT : 
 -------------------------------------------
 ITER   ETOT(eV)       EDIFF(eV)      DRHO2      CG_ITER    TIME(S)    
 CG1    -2.075209e+02  0.000000e+00   1.715e-01  8.625e+00  1.630e+00  
 CG2    -2.081104e+02  -5.895245e-01  6.334e-02  3.500e+00  9.500e-01  
 CG3    -2.081764e+02  -6.600380e-02  5.091e-03  2.000e+00  7.400e-01  
 CG4    -2.081907e+02  -1.430668e-02  6.570e-03  2.625e+00  8.200e-01  
 CG5    -2.081939e+02  -3.159341e-03  6.659e-04  2.000e+00  7.300e-01  
 CG6    -2.081950e+02  -1.134353e-03  3.684e-05  2.500e+00  8.200e-01  
 CG7    -2.081952e+02  -1.993676e-04  9.647e-06  4.000e+00  1.020e+00  
 CG8    -2.081952e+02  -2.116198e-05  2.314e-06  2.250e+00  7.600e-01  
 CG9    -2.081952e+02  -6.795090e-06  7.252e-07  2.500e+00  8.000e-01  
 CG10   -2.081952e+02  -1.568057e-06  3.613e-08  2.500e+00  7.700e-01  
 DONE(1.104e+01  SEC) : jlq3d_overlap
 DONE(4.081e+01  SEC) : Sq_overlap
 DONE(4.311e+01  SEC) : BASIS OVERLAP (Q and S) GENERATION.

  |CLASS_NAME---------|NAME---------------|TIME(Sec)-----|CALLS----|AVG------|PER%-------
 A DC_Driv             divide_frag         0.58           1         0.58      1.3       %
 B PW_Basis            gen_pw              0.58           1         0.58      1.3       %
 A DC_Driv             solve_eachf         42             1         42        99        %
 B Run_Frag            frag_pw_line        42             1         42        99        %
 X FFT                 FFT3D               5.9            919       0.0064    14        %
 E potential           v_of_rho            1.9            11        0.17      4.4       %
 C wavefunc            wfcinit             0.19           1         0.19      0.43      %
 G Hamilt_PW           cinitcgg            1.5            11        0.14      3.5       %
 H Hamilt_PW           h_psi               5.4            348       0.015     12        %
 I Hamilt_PW           add_vuspsi          0.17           348       0.00048   0.39      %
 C Ions                opt_ions_pw         9.1            1         9.1       21        %
 D electrons           self_consistent     9.1            1         9.1       21        %
 E electrons           c_bands             5.7            10        0.57      13        %
 F Hamilt              diago               5.6            10        0.56      13        %
 G Diago_CG            diag                4.3            10        0.43      9.9       %
 E Charge              mix_rho             0.51           10        0.051     1.2       %
 ----------------------------------------------------------------------------------------

 START  Time  : Wed Oct  9 18:57:07 2019
 FINISH Time  : Wed Oct  9 18:57:50 2019
 TOTAL  Time  : 43
 SEE INFORMATION IN : OUT.Si-6-2.0/
            |run  cicle: BL=2.3
 na=2
 mpijob /home/nic/wszhang/eclipse_project/abacus-NewGit/ABACUS.1.0.0/bin/20190930.fix0621.ABACUS.mpi 
 *********************************************************
 *                                                       *
 *                  WELCOME TO ABACUS                    *
 *                                                       *
 *            'Atomic-orbital Based Ab-initio            *
 *                  Computation at UStc'                 *
 *                                                       *
 *          Website: http://abacus.ustc.edu.cn/          *
 *                                                       *
 *********************************************************
 Wed Oct  9 18:57:50 2019
 MAKE THE DIR         : OUT.Si-6-2.3/
 DONE(0.0551512  SEC) : SETUP UNITCELL
 DONE(0.0560322  SEC) : INIT K-POINTS
 ---------------------------------------------------------
 This calculation is self-consistent
 ---------------------------------------------------------
 SPIN    KPOINTS         PROCESSORS  
 1       1               8           
 ---------------------------------------------------------
 Use plane wave basis
 ---------------------------------------------------------
 ELEMENT NATOM       XC          
 Si      2           PBE
 ---------------------------------------------------------
 Initial plane wave basis and FFT box
 ---------------------------------------------------------
 DONE(0.630762   SEC) : INIT PLANEWAVE
 UNIFORM GRID DIM     : 128 * 128 * 128
 UNIFORM GRID DIM(BIG): 128 * 128 * 128
 MEMORY FOR PSI (MB)  : 2.06018
 DONE(0.696911   SEC) : LOCAL POTENTIAL
 DONE(0.724243   SEC) : NON-LOCAL POTENTIAL
 START POTENTIAL      : atomic
 DONE(0.986796   SEC) : INIT POTENTIAL
 DONE(1.1691     SEC) : INIT BASIS
 -------------------------------------------
 SELF-CONSISTENT : 
 -------------------------------------------
 ITER   ETOT(eV)       EDIFF(eV)      DRHO2      CG_ITER    TIME(S)    
 CG1    -2.140209e+02  0.000000e+00   5.396e-02  8.875e+00  1.630e+00  
 CG2    -2.083317e+02  5.689238e+00   8.855e-02  4.000e+00  1.010e+00  
 CG3    -2.084472e+02  -1.155470e-01  1.729e-02  2.125e+00  7.600e-01  
 CG4    -2.084807e+02  -3.340546e-02  2.751e-03  2.000e+00  7.400e-01  
 CG5    -2.084903e+02  -9.596916e-03  5.342e-04  3.125e+00  8.800e-01  
 CG6    -2.084909e+02  -6.246127e-04  7.492e-05  2.375e+00  8.100e-01  
 CG7    -2.084910e+02  -8.597364e-05  4.265e-05  3.250e+00  9.000e-01  
 CG8    -2.084911e+02  -9.311164e-05  4.914e-06  2.500e+00  8.000e-01  
 CG9    -2.084911e+02  -7.152384e-06  6.085e-07  2.750e+00  8.300e-01  
 CG10   -2.084911e+02  -3.505908e-06  1.689e-07  3.750e+00  9.600e-01  
 CG11   -2.084911e+02  2.096167e-07   3.089e-08  2.500e+00  7.900e-01  
 DONE(1.208e+01  SEC) : jlq3d_overlap
 DONE(4.191e+01  SEC) : Sq_overlap
 DONE(4.206e+01  SEC) : BASIS OVERLAP (Q and S) GENERATION.

  |CLASS_NAME---------|NAME---------------|TIME(Sec)-----|CALLS----|AVG------|PER%-------
 A DC_Driv             divide_frag         0.57           1         0.57      1.4       %
 B PW_Basis            gen_pw              0.57           1         0.57      1.4       %
 A DC_Driv             solve_eachf         41             1         41        99        %
 B Run_Frag            frag_pw_line        41             1         41        99        %
 X FFT                 FFT3D               6.7            1032      0.0065    16        %
 E potential           v_of_rho            2.1            12        0.17      5         %
 C wavefunc            wfcinit             0.18           1         0.18      0.43      %
 G Hamilt_PW           cinitcgg            1.7            12        0.14      3.9       %
 H Hamilt_PW           h_psi               6.1            394       0.015     14        %
 I Hamilt_PW           add_vuspsi          0.19           394       0.00049   0.46      %
 C Ions                opt_ions_pw         10             1         10        24        %
 D electrons           self_consistent     10             1         10        24        %
 E electrons           c_bands             6.5            11        0.59      15        %
 F Hamilt              diago               6.4            11        0.58      15        %
 G Diago_CG            diag                4.9            11        0.44      12        %
 E Charge              mix_rho             0.5            11        0.045     1.2       %
 ----------------------------------------------------------------------------------------

 START  Time  : Wed Oct  9 18:57:50 2019
 FINISH Time  : Wed Oct  9 18:58:32 2019
 TOTAL  Time  : 42
 SEE INFORMATION IN : OUT.Si-6-2.3/
            |run  cicle: BL=2.8
 na=2
 mpijob /home/nic/wszhang/eclipse_project/abacus-NewGit/ABACUS.1.0.0/bin/20190930.fix0621.ABACUS.mpi 
 *********************************************************
 *                                                       *
 *                  WELCOME TO ABACUS                    *
 *                                                       *
 *            'Atomic-orbital Based Ab-initio            *
 *                  Computation at UStc'                 *
 *                                                       *
 *          Website: http://abacus.ustc.edu.cn/          *
 *                                                       *
 *********************************************************
 Wed Oct  9 18:58:33 2019
 MAKE THE DIR         : OUT.Si-6-2.8/
 DONE(0.0461667  SEC) : SETUP UNITCELL
 DONE(0.0469387  SEC) : INIT K-POINTS
 ---------------------------------------------------------
 This calculation is self-consistent
 ---------------------------------------------------------
 SPIN    KPOINTS         PROCESSORS  
 1       1               8           
 ---------------------------------------------------------
 Use plane wave basis
 ---------------------------------------------------------
 ELEMENT NATOM       XC          
 Si      2           PBE
 ---------------------------------------------------------
 Initial plane wave basis and FFT box
 ---------------------------------------------------------
 DONE(0.64343    SEC) : INIT PLANEWAVE
 UNIFORM GRID DIM     : 128 * 128 * 128
 UNIFORM GRID DIM(BIG): 128 * 128 * 128
 MEMORY FOR PSI (MB)  : 2.06018
 DONE(0.733114   SEC) : LOCAL POTENTIAL
 DONE(0.766521   SEC) : NON-LOCAL POTENTIAL
 START POTENTIAL      : atomic
 DONE(1.03884    SEC) : INIT POTENTIAL
 DONE(1.2369     SEC) : INIT BASIS
 -------------------------------------------
 SELF-CONSISTENT : 
 -------------------------------------------
 ITER   ETOT(eV)       EDIFF(eV)      DRHO2      CG_ITER    TIME(S)    
 CG1    -2.094520e+02  0.000000e+00   4.298e-02  8.750e+00  1.660e+00  
 CG2    -2.068842e+02  2.567865e+00   1.685e-01  4.000e+00  1.030e+00  
 CG3    -2.069704e+02  -8.621529e-02  3.690e-01  3.000e+00  8.900e-01  
 CG4    -2.076306e+02  -6.602166e-01  1.237e-02  2.500e+00  8.100e-01  
 CG5    -2.076480e+02  -1.735497e-02  4.568e-04  2.500e+00  8.400e-01  
 CG6    -2.076492e+02  -1.216309e-03  2.178e-05  3.375e+00  9.200e-01  
 CG7    -2.076492e+02  -5.441047e-05  2.804e-06  3.250e+00  9.000e-01  
 CG8    -2.076492e+02  -5.002714e-06  2.806e-06  2.875e+00  8.600e-01  
 CG9    -2.076493e+02  -6.084269e-06  1.570e-07  2.000e+00  7.300e-01  
 CG10   -2.076493e+02  -7.270485e-07  1.229e-08  3.250e+00  8.800e-01  
 DONE(1.156e+01  SEC) : jlq3d_overlap
 DONE(4.194e+01  SEC) : Sq_overlap
 DONE(4.209e+01  SEC) : BASIS OVERLAP (Q and S) GENERATION.

  |CLASS_NAME---------|NAME---------------|TIME(Sec)-----|CALLS----|AVG------|PER%-------
 A DC_Driv             divide_frag         0.6            1         0.6       1.4       %
 B PW_Basis            gen_pw              0.6            1         0.6       1.4       %
 A DC_Driv             solve_eachf         41             1         41        98        %
 B Run_Frag            frag_pw_line        41             1         41        98        %
 X FFT                 FFT3D               6.3            967       0.0065    15        %
 E potential           v_of_rho            2              11        0.18      4.7       %
 C wavefunc            wfcinit             0.2            1         0.2       0.47      %
 G Hamilt_PW           cinitcgg            1.5            11        0.14      3.7       %
 H Hamilt_PW           h_psi               5.8            372       0.016     14        %
 I Hamilt_PW           add_vuspsi          0.18           372       0.0005    0.44      %
 C Ions                opt_ions_pw         9.5            1         9.5       23        %
 D electrons           self_consistent     9.5            1         9.5       23        %
 E electrons           c_bands             6.2            10        0.62      15        %
 F Hamilt              diago               6.1            10        0.61      15        %
 G Diago_CG            diag                4.7            10        0.47      11        %
 E Charge              mix_rho             0.45           10        0.045     1.1       %
 ----------------------------------------------------------------------------------------

 START  Time  : Wed Oct  9 18:58:33 2019
 FINISH Time  : Wed Oct  9 18:59:15 2019
 TOTAL  Time  : 42
 SEE INFORMATION IN : OUT.Si-6-2.8/
            |run  cicle: BL=3.8
 na=2
 mpijob /home/nic/wszhang/eclipse_project/abacus-NewGit/ABACUS.1.0.0/bin/20190930.fix0621.ABACUS.mpi 
 *********************************************************
 *                                                       *
 *                  WELCOME TO ABACUS                    *
 *                                                       *
 *            'Atomic-orbital Based Ab-initio            *
 *                  Computation at UStc'                 *
 *                                                       *
 *          Website: http://abacus.ustc.edu.cn/          *
 *                                                       *
 *********************************************************
 Wed Oct  9 18:59:15 2019
 MAKE THE DIR         : OUT.Si-6-3.8/
 DONE(0.0402091  SEC) : SETUP UNITCELL
 DONE(0.040983   SEC) : INIT K-POINTS
 ---------------------------------------------------------
 This calculation is self-consistent
 ---------------------------------------------------------
 SPIN    KPOINTS         PROCESSORS  
 1       1               8           
 ---------------------------------------------------------
 Use plane wave basis
 ---------------------------------------------------------
 ELEMENT NATOM       XC          
 Si      2           PBE
 ---------------------------------------------------------
 Initial plane wave basis and FFT box
 ---------------------------------------------------------
 DONE(0.609603   SEC) : INIT PLANEWAVE
 UNIFORM GRID DIM     : 128 * 128 * 128
 UNIFORM GRID DIM(BIG): 128 * 128 * 128
 MEMORY FOR PSI (MB)  : 2.06018
 DONE(0.697476   SEC) : LOCAL POTENTIAL
 DONE(0.731167   SEC) : NON-LOCAL POTENTIAL
 START POTENTIAL      : atomic
 DONE(0.988843   SEC) : INIT POTENTIAL
 DONE(1.1752     SEC) : INIT BASIS
 -------------------------------------------
 SELF-CONSISTENT : 
 -------------------------------------------
 ITER   ETOT(eV)       EDIFF(eV)      DRHO2      CG_ITER    TIME(S)    
 CG1    -2.038805e+02  0.000000e+00   1.214e-01  8.250e+00  1.580e+00  
 CG2    -2.049885e+02  -1.108062e+00  1.422e+00  2.750e+00  8.500e-01  
 CG3    -2.056048e+02  -6.162571e-01  1.113e-01  2.125e+00  7.500e-01  
 CG4    -2.056904e+02  -8.557230e-02  2.210e-02  2.000e+00  7.300e-01  
 CG5    -2.052288e+02  4.615650e-01   4.663e-01  2.000e+00  7.400e-01  
 CG6    -2.056035e+02  -3.747470e-01  5.488e-02  2.125e+00  7.800e-01  
 CG7    -2.055537e+02  4.981803e-02   3.894e-02  2.000e+00  7.400e-01  
 CG8    -2.055917e+02  -3.801326e-02  1.053e-02  2.000e+00  7.300e-01  
 CG9    -2.055809e+02  1.079787e-02   1.171e-02  2.000e+00  7.400e-01  
 CG10   -2.055872e+02  -6.224773e-03  2.257e-04  2.000e+00  7.300e-01  
 CG11   -2.055866e+02  5.350122e-04   5.344e-04  2.000e+00  7.300e-01  
 CG12   -2.055870e+02  -3.375176e-04  4.287e-05  2.000e+00  7.400e-01  
 CG13   -2.055870e+02  -1.417469e-05  2.424e-06  2.000e+00  7.600e-01  
 CG14   -2.055870e+02  -2.348156e-06  1.896e-07  2.500e+00  8.200e-01  
 CG15   -2.055870e+02  -6.320643e-07  7.638e-09  2.875e+00  8.200e-01  
 DONE(1.426e+01  SEC) : jlq3d_overlap
 DONE(4.408e+01  SEC) : Sq_overlap
 DONE(4.621e+01  SEC) : BASIS OVERLAP (Q and S) GENERATION.

  |CLASS_NAME---------|NAME---------------|TIME(Sec)-----|CALLS----|AVG------|PER%-------
 A DC_Driv             divide_frag         0.57           1         0.57      1.2       %
 B PW_Basis            gen_pw              0.57           1         0.57      1.2       %
 A DC_Driv             solve_eachf         46             1         46        99        %
 B Run_Frag            frag_pw_line        46             1         46        99        %
 X FFT                 FFT3D               7.8            1202      0.0065    17        %
 E potential           v_of_rho            2.8            16        0.17      6         %
 C wavefunc            wfcinit             0.19           1         0.19      0.4       %
 G Hamilt_PW           cinitcgg            2.2            16        0.14      4.7       %
 H Hamilt_PW           h_psi               6.8            437       0.015     15        %
 I Hamilt_PW           add_vuspsi          0.21           437       0.00048   0.45      %
 C Ions                opt_ions_pw         12             1         12        27        %
 D electrons           self_consistent     12             1         12        27        %
 E electrons           c_bands             7.2            15        0.48      16        %
 F Hamilt              diago               7.1            15        0.47      15        %
 G Diago_CG            diag                5.1            15        0.34      11        %
 E Charge              mix_rho             0.76           15        0.051     1.7       %
 ----------------------------------------------------------------------------------------

 START  Time  : Wed Oct  9 18:59:15 2019
 FINISH Time  : Wed Oct  9 19:00:01 2019
 TOTAL  Time  : 46
 SEE INFORMATION IN : OUT.Si-6-3.8/

 iSTRULeft=0, LevelEnd[iSTRULeft]=0 
 
 Completely New SIA Calculation ... 
 ifRestart=0
 
 Using New PyTorch Gradient Method 

 LevelEnd[STRUs]: (0 2), iSTRULeft: 0, iSTRU: 1 
 numL = 2 2 1 0 0, LValueMax = 2 
 C_init_from_file = false 

 Set OMP_NUM_THREADS = 8 
 Use Python2:  /usr/bin/python2
 Use Python3:  /opt/anaconda3/envs/pytorch110/bin/python3

 Run /home/nic/wszhang/eclipse_project/abacus-NewGit/ABACUS.1.0.0/tools/SIAB/PyTorchGradient/source/main.py

3.6.7 | packaged by conda-forge | (default, Jul  2 2019, 02:18:42) 
[GCC 7.3.0]

 seed: 15495742325767568273
 ../Si-6-1.8.20.dat
 Si 3 3
 read QI: 0 0
 read SI: 0 0
 read VI: 0 0
 ../Si-6-2.0.20.dat
 Si 3 3
 read QI: 1 0
 read SI: 1 0
 read VI: 1 0
 ../Si-6-2.3.20.dat
 Si 3 3
 read QI: 2 0
 read SI: 2 0
 read VI: 2 0
 ../Si-6-2.8.20.dat
 Si 3 3
 read QI: 3 0
 read SI: 3 0
 read VI: 3 0
 ../Si-6-3.8.20.dat
 Si 3 3
 read QI: 4 0
 read SI: 4 0
 read VI: 4 0
 Nt_all	['Si']
 Nu	{'Si': [2, 2, 1]}
 Nb_true	[4.0, 4.0, 4.0, 4.0, 4.0]
 weight	[1.0, 1.0, 1.0, 1.0, 1.0]
 Rcut	{'Si': 6}
 dr	{'Si': 0.01}
 Ecut	{'Si': 100}
 lr	0.01
 Nl	{'Si': 3}
 Nst	5
 Nt	[['Si'], ['Si'], ['Si'], ['Si'], ['Si']]
 Na	[{'Si': 2}, {'Si': 2}, {'Si': 2}, {'Si': 2}, {'Si': 2}]
 Nb	[8, 8, 8, 8, 8]
 Ne	{'Si': 19}
 See "Spillage.dat" for running status 
 Time (PyTorch):     439.66474437713623


 Back to OMP_NUM_THREADS =  
 Back to Python2:  /opt/python/2.7.12-sq-tk/bin/python2
 Back to Python3:  /usr/bin/python3
