Sender: LSF System <lsfadmin@node184>
Subject: Job 1588438: <../Generate_Orbital_AllInOne.sh ORBITAL_INPUT_TZDP> in cluster <tc4600> Done

Job <../Generate_Orbital_AllInOne.sh ORBITAL_INPUT_TZDP> was submitted from host <tcadmin> by user <wszhang> in cluster <tc4600>.
Job was executed on host(s) <8*node184>, in queue <idle>, as user <wszhang> in cluster <tc4600>.
</home/nic/wszhang> was used as the home directory.
</home/nic/wszhang/eclipse_project/abacus-NewGit/ABACUS.1.0.0/tools/SIAB/example_PTG_Si-TZDP> was used as the working directory.
Started at Results reported on 
Your job looked like:

------------------------------------------------------------
# LSBATCH: User input
../Generate_Orbital_AllInOne.sh ORBITAL_INPUT_TZDP
------------------------------------------------------------

Successfully completed.

Resource usage summary:

    CPU time :                                   1084.00 sec.
    Max Memory :                                 1478 MB
    Average Memory :                             1069.12 MB
    Total Requested Memory :                     -
    Delta Memory :                               -
    Max Swap :                                   -
    Max Processes :                              14
    Max Threads :                                23
    Run time :                                   174 sec.
    Turnaround time :                            176 sec.

The output (if any) follows:

 
 ********************************************************* 
 *                                                       * 
 *          Start to Generate Orbital for LCAO           * 
 *                                                       * 
 ********************************************************* 
      InputFile = ORBITAL_INPUT_TZDP
        EXE_mpi = mpijob 
    Host1_NCore = 8
         EXE_pw = /home/nic/wszhang/eclipse_project/abacus-NewGit/ABACUS.1.0.0/bin/20190930.fix0621.ABACUS.mpi 
    EXE_orbital = /home/nic/wszhang/eclipse_project/abacus-NewGit/ABACUS.1.0.0/tools/SIAB/PyTorchGradient/source/main.py 
        targets = 14_Si_100
     Pseudo_dir = /home/nic/wszhang/eclipse_project/delta_dft/CIF_POT/SG15_ONCV_PBE-1.0/ 
           ecut = 100
    rcut_number = 1, info_r = ( 6 )
         Pseudo = Si_ONCV_PBE-1.0.upf
        sigma = 0.01
          nSTRU = 2
        STRU[1] = dimer
   BL_number[1] = 5, info[1] = 1.8 2.0 2.3 2.8 3.8
    LevelEnd[1] = 2
      nbands[1] = 8.0
   ref_bands[1] = 4.0
    SkipSTRU[1] = 1
        STRU[2] = dimer
   BL_number[2] = 3, info[2] = 1.9 2.1 2.6
    LevelEnd[2] = 3
      nbands[2] = 8.0
   ref_bands[2] = 4.0
    SkipSTRU[2] = 0
 -------------------------------------------------------> Si
 The dir exist: 14_Si_100
    |run  cicle: rcut=6
 nSTRU = 2 
        |skip cicle: iSTRU=1
        |run  cicle: iSTRU=2
            |run  cicle: BL=1.9
 na=2
 mpijob /home/nic/wszhang/eclipse_project/abacus-NewGit/ABACUS.1.0.0/bin/20190930.fix0621.ABACUS.mpi 
 *********************************************************
 *                                                       *
 *                  WELCOME TO ABACUS                    *
 *                                                       *
 *            'Atomic-orbital Based Ab-initio            *
 *                  Computation at UStc'                 *
 *                                                       *
 *          Website: http://abacus.ustc.edu.cn/          *
 *                                                       *
 *********************************************************
 Thu Oct 10 08:22:03 2019
 MAKE THE DIR         : OUT.Si-6-1.9/
 DONE(0.106139   SEC) : SETUP UNITCELL
 DONE(0.107086   SEC) : INIT K-POINTS
 ---------------------------------------------------------
 This calculation is self-consistent
 ---------------------------------------------------------
 SPIN    KPOINTS         PROCESSORS  
 1       1               8           
 ---------------------------------------------------------
 Use plane wave basis
 ---------------------------------------------------------
 ELEMENT NATOM       XC          
 Si      2           PBE
 ---------------------------------------------------------
 Initial plane wave basis and FFT box
 ---------------------------------------------------------
 DONE(0.70124    SEC) : INIT PLANEWAVE
 UNIFORM GRID DIM     : 128 * 128 * 128
 UNIFORM GRID DIM(BIG): 128 * 128 * 128
 MEMORY FOR PSI (MB)  : 2.06018
 DONE(0.785947   SEC) : LOCAL POTENTIAL
 DONE(0.819421   SEC) : NON-LOCAL POTENTIAL
 START POTENTIAL      : atomic
 DONE(1.07482    SEC) : INIT POTENTIAL
 DONE(1.262      SEC) : INIT BASIS
 -------------------------------------------
 SELF-CONSISTENT : 
 -------------------------------------------
 ITER   ETOT(eV)       EDIFF(eV)      DRHO2      CG_ITER    TIME(S)    
 CG1    -2.069773e+02  0.000000e+00   2.464e-01  8.625e+00  1.630e+00  
 CG2    -2.076853e+02  -7.079502e-01  3.316e-02  3.375e+00  9.500e-01  
 CG3    -2.077477e+02  -6.242173e-02  1.422e-03  2.375e+00  8.000e-01  
 CG4    -2.077596e+02  -1.193538e-02  2.334e-03  4.000e+00  9.800e-01  
 CG5    -2.077595e+02  1.694308e-04   4.530e-04  2.000e+00  7.500e-01  
 CG6    -2.077603e+02  -7.979301e-04  8.185e-05  3.000e+00  8.800e-01  
 CG7    -2.077604e+02  -1.409304e-04  1.683e-05  2.375e+00  7.900e-01  
 CG8    -2.077604e+02  -2.673988e-06  1.207e-05  2.500e+00  8.000e-01  
 CG9    -2.077604e+02  -7.550410e-06  1.304e-06  2.000e+00  7.300e-01  
 CG10   -2.077604e+02  -2.114998e-06  1.758e-07  2.625e+00  8.000e-01  
 CG11   -2.077604e+02  -8.562225e-07  1.736e-08  3.250e+00  8.800e-01  
 DONE(1.205e+01  SEC) : jlq3d_overlap
 DONE(4.183e+01  SEC) : Sq_overlap
 DONE(4.198e+01  SEC) : BASIS OVERLAP (Q and S) GENERATION.

  |CLASS_NAME---------|NAME---------------|TIME(Sec)-----|CALLS----|AVG------|PER%-------
 A DC_Driv             reading             0.11           1         0.11      0.26      %
 A DC_Driv             divide_frag         0.59           1         0.59      1.4       %
 B PW_Basis            gen_pw              0.59           1         0.59      1.4       %
 A DC_Driv             solve_eachf         41             1         41        98        %
 B Run_Frag            frag_pw_line        41             1         41        98        %
 X FFT                 FFT3D               6.5            1014      0.0064    16        %
 E potential           v_of_rho            2.1            12        0.17      4.9       %
 C wavefunc            wfcinit             0.19           1         0.19      0.45      %
 G Hamilt_PW           cinitcgg            1.7            12        0.14      3.9       %
 H Hamilt_PW           h_psi               5.9            385       0.015     14        %
 I Hamilt_PW           add_vuspsi          0.19           385       0.00048   0.44      %
 C Ions                opt_ions_pw         10             1         10        24        %
 D electrons           self_consistent     10             1         10        24        %
 E electrons           c_bands             6.3            11        0.57      15        %
 F Hamilt              diago               6.2            11        0.57      15        %
 G Diago_CG            diag                4.7            11        0.43      11        %
 E Charge              mix_rho             0.57           11        0.052     1.4       %
 ----------------------------------------------------------------------------------------

 START  Time  : Thu Oct 10 08:22:03 2019
 FINISH Time  : Thu Oct 10 08:22:45 2019
 TOTAL  Time  : 42
 SEE INFORMATION IN : OUT.Si-6-1.9/
            |run  cicle: BL=2.1
 na=2
 mpijob /home/nic/wszhang/eclipse_project/abacus-NewGit/ABACUS.1.0.0/bin/20190930.fix0621.ABACUS.mpi 
 *********************************************************
 *                                                       *
 *                  WELCOME TO ABACUS                    *
 *                                                       *
 *            'Atomic-orbital Based Ab-initio            *
 *                  Computation at UStc'                 *
 *                                                       *
 *          Website: http://abacus.ustc.edu.cn/          *
 *                                                       *
 *********************************************************
 Thu Oct 10 08:22:45 2019
 MAKE THE DIR         : OUT.Si-6-2.1/
 DONE(0.0571272  SEC) : SETUP UNITCELL
 DONE(0.0581129  SEC) : INIT K-POINTS
 ---------------------------------------------------------
 This calculation is self-consistent
 ---------------------------------------------------------
 SPIN    KPOINTS         PROCESSORS  
 1       1               8           
 ---------------------------------------------------------
 Use plane wave basis
 ---------------------------------------------------------
 ELEMENT NATOM       XC          
 Si      2           PBE
 ---------------------------------------------------------
 Initial plane wave basis and FFT box
 ---------------------------------------------------------
 DONE(0.653029   SEC) : INIT PLANEWAVE
 UNIFORM GRID DIM     : 128 * 128 * 128
 UNIFORM GRID DIM(BIG): 128 * 128 * 128
 MEMORY FOR PSI (MB)  : 2.06018
 DONE(0.740836   SEC) : LOCAL POTENTIAL
 DONE(0.774312   SEC) : NON-LOCAL POTENTIAL
 START POTENTIAL      : atomic
 DONE(1.04334    SEC) : INIT POTENTIAL
 DONE(1.2394     SEC) : INIT BASIS
 -------------------------------------------
 SELF-CONSISTENT : 
 -------------------------------------------
 ITER   ETOT(eV)       EDIFF(eV)      DRHO2      CG_ITER    TIME(S)    
 CG1    -2.080448e+02  0.000000e+00   8.658e-02  8.625e+00  1.630e+00  
 CG2    -2.083764e+02  -3.316301e-01  2.879e-02  3.750e+00  9.900e-01  
 CG3    -2.084053e+02  -2.891092e-02  4.612e-03  2.250e+00  7.700e-01  
 CG4    -2.084200e+02  -1.465161e-02  4.466e-03  2.625e+00  8.100e-01  
 CG5    -2.084224e+02  -2.450798e-03  3.644e-04  2.000e+00  7.500e-01  
 CG6    -2.084232e+02  -7.911334e-04  3.191e-05  3.250e+00  9.100e-01  
 CG7    -2.084233e+02  -6.954769e-05  5.823e-06  2.875e+00  8.500e-01  
 CG8    -2.084233e+02  -1.354617e-05  2.845e-06  2.625e+00  8.200e-01  
 CG9    -2.084233e+02  -4.360589e-06  3.389e-07  2.250e+00  7.500e-01  
 CG10   -2.084233e+02  -3.950345e-07  1.137e-07  3.000e+00  8.800e-01  
 CG11   -2.084233e+02  -5.715968e-07  7.006e-09  3.125e+00  8.500e-01  
 DONE(1.205e+01  SEC) : jlq3d_overlap
 DONE(4.182e+01  SEC) : Sq_overlap
 DONE(4.202e+01  SEC) : BASIS OVERLAP (Q and S) GENERATION.

  |CLASS_NAME---------|NAME---------------|TIME(Sec)-----|CALLS----|AVG------|PER%-------
 A DC_Driv             divide_frag         0.59           1         0.59      1.4       %
 B PW_Basis            gen_pw              0.59           1         0.59      1.4       %
 A DC_Driv             solve_eachf         41             1         41        98        %
 B Run_Frag            frag_pw_line        41             1         41        98        %
 X FFT                 FFT3D               6.5            1018      0.0064    16        %
 E potential           v_of_rho            2.1            12        0.17      5         %
 C wavefunc            wfcinit             0.2            1         0.2       0.47      %
 G Hamilt_PW           cinitcgg            1.7            12        0.14      4         %
 H Hamilt_PW           h_psi               6              387       0.015     14        %
 I Hamilt_PW           add_vuspsi          0.19           387       0.00049   0.45      %
 C Ions                opt_ions_pw         10             1         10        24        %
 D electrons           self_consistent     10             1         10        24        %
 E electrons           c_bands             6.3            11        0.58      15        %
 F Hamilt              diago               6.3            11        0.57      15        %
 G Diago_CG            diag                4.8            11        0.43      11        %
 E Charge              mix_rho             0.56           11        0.05      1.3       %
 ----------------------------------------------------------------------------------------

 START  Time  : Thu Oct 10 08:22:45 2019
 FINISH Time  : Thu Oct 10 08:23:27 2019
 TOTAL  Time  : 42
 SEE INFORMATION IN : OUT.Si-6-2.1/
            |run  cicle: BL=2.6
 na=2
 mpijob /home/nic/wszhang/eclipse_project/abacus-NewGit/ABACUS.1.0.0/bin/20190930.fix0621.ABACUS.mpi 
 *********************************************************
 *                                                       *
 *                  WELCOME TO ABACUS                    *
 *                                                       *
 *            'Atomic-orbital Based Ab-initio            *
 *                  Computation at UStc'                 *
 *                                                       *
 *          Website: http://abacus.ustc.edu.cn/          *
 *                                                       *
 *********************************************************
 Thu Oct 10 08:23:28 2019
 MAKE THE DIR         : OUT.Si-6-2.6/
 DONE(0.0486088  SEC) : SETUP UNITCELL
 DONE(0.049587   SEC) : INIT K-POINTS
 ---------------------------------------------------------
 This calculation is self-consistent
 ---------------------------------------------------------
 SPIN    KPOINTS         PROCESSORS  
 1       1               8           
 ---------------------------------------------------------
 Use plane wave basis
 ---------------------------------------------------------
 ELEMENT NATOM       XC          
 Si      2           PBE
 ---------------------------------------------------------
 Initial plane wave basis and FFT box
 ---------------------------------------------------------
 DONE(0.647252   SEC) : INIT PLANEWAVE
 UNIFORM GRID DIM     : 128 * 128 * 128
 UNIFORM GRID DIM(BIG): 128 * 128 * 128
 MEMORY FOR PSI (MB)  : 2.06018
 DONE(0.733905   SEC) : LOCAL POTENTIAL
 DONE(0.767287   SEC) : NON-LOCAL POTENTIAL
 START POTENTIAL      : atomic
 DONE(1.03759    SEC) : INIT POTENTIAL
 DONE(1.2324     SEC) : INIT BASIS
 -------------------------------------------
 SELF-CONSISTENT : 
 -------------------------------------------
 ITER   ETOT(eV)       EDIFF(eV)      DRHO2      CG_ITER    TIME(S)    
 CG1    -2.107525e+02  0.000000e+00   5.095e-02  8.750e+00  1.620e+00  
 CG2    -2.074548e+02  3.297667e+00   1.803e-01  4.500e+00  1.080e+00  
 CG3    -2.075774e+02  -1.226243e-01  1.774e-01  3.250e+00  9.000e-01  
 CG4    -2.080353e+02  -4.578269e-01  2.822e-02  2.375e+00  8.000e-01  
 CG5    -2.080798e+02  -4.456134e-02  6.876e-04  2.000e+00  7.500e-01  
 CG6    -2.080852e+02  -5.354609e-03  6.639e-04  3.375e+00  9.200e-01  
 CG7    -2.080859e+02  -7.448912e-04  4.738e-05  2.000e+00  7.400e-01  
 CG8    -2.080860e+02  -9.841784e-05  5.837e-06  3.000e+00  8.600e-01  
 CG9    -2.080860e+02  -6.838667e-06  1.400e-06  3.750e+00  9.700e-01  
 CG10   -2.080860e+02  -4.944142e-06  7.374e-08  3.250e+00  8.800e-01  
 DONE(1.155e+01  SEC) : jlq3d_overlap
 DONE(4.465e+01  SEC) : Sq_overlap
 DONE(4.481e+01  SEC) : BASIS OVERLAP (Q and S) GENERATION.

  |CLASS_NAME---------|NAME---------------|TIME(Sec)-----|CALLS----|AVG------|PER%-------
 A DC_Driv             divide_frag         0.6            1         0.6       1.3       %
 B PW_Basis            gen_pw              0.6            1         0.6       1.3       %
 A DC_Driv             solve_eachf         44             1         44        99        %
 B Run_Frag            frag_pw_line        44             1         44        99        %
 X FFT                 FFT3D               6.3            979       0.0065    14        %
 E potential           v_of_rho            1.9            11        0.18      4.3       %
 C wavefunc            wfcinit             0.19           1         0.19      0.43      %
 G Hamilt_PW           cinitcgg            1.5            11        0.14      3.4       %
 H Hamilt_PW           h_psi               5.8            378       0.015     13        %
 I Hamilt_PW           add_vuspsi          0.18           378       0.00048   0.4       %
 C Ions                opt_ions_pw         9.5            1         9.5       21        %
 D electrons           self_consistent     9.5            1         9.5       21        %
 E electrons           c_bands             6.2            10        0.62      14        %
 F Hamilt              diago               6.1            10        0.61      14        %
 G Diago_CG            diag                4.8            10        0.48      11        %
 E Charge              mix_rho             0.45           10        0.045     1         %
 ----------------------------------------------------------------------------------------

 START  Time  : Thu Oct 10 08:23:28 2019
 FINISH Time  : Thu Oct 10 08:24:12 2019
 TOTAL  Time  : 44
 SEE INFORMATION IN : OUT.Si-6-2.6/

 iSTRULeft=1, LevelEnd[iSTRULeft]=2 
 
 Restart from Previous SIA Calculation ... 
 
 Move Old Orbital files and Rename as STRU1.*
 Found file: STRU1.ORBITAL_RESULTS.txt, copy as ORBITAL_RESULTS.txt ... 
 ifRestart=1
 
 Using New PyTorch Gradient Method 

 LevelEnd[STRUs]: (0 2 3), iSTRULeft: 1, iSTRU: 2 
 numL = 3 3 2 0 0, LValueMax = 2 
 C_init_from_file = true 

 Set OMP_NUM_THREADS = 8 
 Use Python2:  /usr/bin/python2
 Use Python3:  /opt/anaconda3/envs/pytorch110/bin/python3

 Run /home/nic/wszhang/eclipse_project/abacus-NewGit/ABACUS.1.0.0/tools/SIAB/PyTorchGradient/source/main.py

3.6.7 | packaged by conda-forge | (default, Jul  2 2019, 02:18:42) 
[GCC 7.3.0]

 seed: 16933171084432432194
 ../Si-6-1.9.20.dat
 Si 3 3
 read QI: 0 0
 read SI: 0 0
 read VI: 0 0
 ../Si-6-2.1.20.dat
 Si 3 3
 read QI: 1 0
 read SI: 1 0
 read VI: 1 0
 ../Si-6-2.6.20.dat
 Si 3 3
 read QI: 2 0
 read SI: 2 0
 read VI: 2 0
 Nt_all	['Si']
 Nu	{'Si': [3, 3, 2]}
 Nb_true	[4.0, 4.0, 4.0]
 weight	[1.0, 1.0, 1.0]
 Rcut	{'Si': 6}
 dr	{'Si': 0.01}
 Ecut	{'Si': 100}
 lr	0.01
 Nl	{'Si': 3}
 Nst	3
 Nt	[['Si'], ['Si'], ['Si']]
 Na	[{'Si': 2}, {'Si': 2}, {'Si': 2}]
 Nb	[8, 8, 8]
 Ne	{'Si': 19}
 See "Spillage.dat" for running status 
 Time (PyTorch):     31.426225662231445


 Back to OMP_NUM_THREADS =  
 Back to Python2:  /opt/python/2.7.12-sq-tk/bin/python2
 Back to Python3:  /usr/bin/python3
