The system is: Linux - 4.15.0-51-generic - x86_64
Compiling the C compiler identification source file "CMakeCCompilerId.c" succeeded.
Compiler: /usr/bin/cc 
Build flags: 
Id flags:  

The output was:
0


Compilation of the C compiler identification source "CMakeCCompilerId.c" produced "a.out"

The C compiler identification is GNU, found in "/home/qianrui/github/reconstruction/abacus-develop/source/build/CMakeFiles/3.20.5/CompilerIdC/a.out"

Compiling the CXX compiler identification source file "CMakeCXXCompilerId.cpp" succeeded.
Compiler: /opt/intel/oneapi/compiler/2021.3.0/linux/bin/intel64/icpc 
Build flags: 
Id flags:  

The output was:
0


Compilation of the CXX compiler identification source "CMakeCXXCompilerId.cpp" produced "a.out"

The CXX compiler identification is Intel, found in "/home/qianrui/github/reconstruction/abacus-develop/source/build/CMakeFiles/3.20.5/CompilerIdCXX/a.out"

Detecting C compiler ABI info compiled with the following output:
Change Dir: /home/qianrui/github/reconstruction/abacus-develop/source/build/CMakeFiles/CMakeTmp

Run Build Command(s):/usr/bin/make -f Makefile cmTC_2d0cf/fast && /usr/bin/make  -f CMakeFiles/cmTC_2d0cf.dir/build.make CMakeFiles/cmTC_2d0cf.dir/build
make[1]: Entering directory '/home/qianrui/github/reconstruction/abacus-develop/source/build/CMakeFiles/CMakeTmp'
Building C object CMakeFiles/cmTC_2d0cf.dir/CMakeCCompilerABI.c.o
/usr/bin/cc   -v -o CMakeFiles/cmTC_2d0cf.dir/CMakeCCompilerABI.c.o -c /usr/local/share/cmake-3.20/Modules/CMakeCCompilerABI.c
Using built-in specs.
COLLECT_GCC=/usr/bin/cc
Target: x86_64-linux-gnu
Configured with: ../src/configure -v --with-pkgversion='Ubuntu 5.4.0-6ubuntu1~16.04.11' --with-bugurl=file:///usr/share/doc/gcc-5/README.Bugs --enable-languages=c,ada,c++,java,go,d,fortran,objc,obj-c++ --prefix=/usr --program-suffix=-5 --enable-shared --enable-linker-build-id --libexecdir=/usr/lib --without-included-gettext --enable-threads=posix --libdir=/usr/lib --enable-nls --with-sysroot=/ --enable-clocale=gnu --enable-libstdcxx-debug --enable-libstdcxx-time=yes --with-default-libstdcxx-abi=new --enable-gnu-unique-object --disable-vtable-verify --enable-libmpx --enable-plugin --with-system-zlib --disable-browser-plugin --enable-java-awt=gtk --enable-gtk-cairo --with-java-home=/usr/lib/jvm/java-1.5.0-gcj-5-amd64/jre --enable-java-home --with-jvm-root-dir=/usr/lib/jvm/java-1.5.0-gcj-5-amd64 --with-jvm-jar-dir=/usr/lib/jvm-exports/java-1.5.0-gcj-5-amd64 --with-arch-directory=amd64 --with-ecj-jar=/usr/share/java/eclipse-ecj.jar --enable-objc-gc --enable-multiarch --disable-werror --with-arch-32=i686 --with-abi=m64 --with-multilib-list=m32,m64,mx32 --enable-multilib --with-tune=generic --enable-checking=release --build=x86_64-linux-gnu --host=x86_64-linux-gnu --target=x86_64-linux-gnu
Thread model: posix
gcc version 5.4.0 20160609 (Ubuntu 5.4.0-6ubuntu1~16.04.11) 
COLLECT_GCC_OPTIONS='-v' '-o' 'CMakeFiles/cmTC_2d0cf.dir/CMakeCCompilerABI.c.o' '-c' '-mtune=generic' '-march=x86-64'
 /usr/lib/gcc/x86_64-linux-gnu/5/cc1 -quiet -v -imultiarch x86_64-linux-gnu /usr/local/share/cmake-3.20/Modules/CMakeCCompilerABI.c -quiet -dumpbase CMakeCCompilerABI.c -mtune=generic -march=x86-64 -auxbase-strip CMakeFiles/cmTC_2d0cf.dir/CMakeCCompilerABI.c.o -version -fstack-protector-strong -Wformat -Wformat-security -o /tmp/cc3C4OdN.s
GNU C11 (Ubuntu 5.4.0-6ubuntu1~16.04.11) version 5.4.0 20160609 (x86_64-linux-gnu)
	compiled by GNU C version 5.4.0 20160609, GMP version 6.1.0, MPFR version 3.1.4, MPC version 1.0.3
GGC heuristics: --param ggc-min-expand=100 --param ggc-min-heapsize=131072
ignoring duplicate directory "//home/qianrui/gnucompile/g_gsl-2.6/include"
ignoring nonexistent directory "/usr/local/include/x86_64-linux-gnu"
ignoring nonexistent directory "/usr/lib/gcc/x86_64-linux-gnu/5/../../../../x86_64-linux-gnu/include"
ignoring duplicate directory "/opt/intel/oneapi/mpi/2021.3.0//include"
ignoring duplicate directory "/opt/intel/oneapi/mkl/2021.3.0/include"
ignoring duplicate directory "/opt/intel/oneapi/compiler/2021.3.0/linux/include"
#include "..." search starts here:
#include <...> search starts here:
 /opt/intel/oneapi/mpi/2021.3.0//include
 /opt/intel/oneapi/mkl/2021.3.0/include
 /opt/intel/oneapi/compiler/2021.3.0/linux/include
 .
 //home/qianrui/gnucompile/g_gsl-2.6/include
 /usr/lib/gcc/x86_64-linux-gnu/5/include
 /usr/local/include
 /usr/lib/gcc/x86_64-linux-gnu/5/include-fixed
 /usr/include/x86_64-linux-gnu
 /usr/include
End of search list.
GNU C11 (Ubuntu 5.4.0-6ubuntu1~16.04.11) version 5.4.0 20160609 (x86_64-linux-gnu)
	compiled by GNU C version 5.4.0 20160609, GMP version 6.1.0, MPFR version 3.1.4, MPC version 1.0.3
GGC heuristics: --param ggc-min-expand=100 --param ggc-min-heapsize=131072
Compiler executable checksum: 5f69ca549f086e2c3748f9d1423a4dee
COLLECT_GCC_OPTIONS='-v' '-o' 'CMakeFiles/cmTC_2d0cf.dir/CMakeCCompilerABI.c.o' '-c' '-mtune=generic' '-march=x86-64'
 as -v --64 -o CMakeFiles/cmTC_2d0cf.dir/CMakeCCompilerABI.c.o /tmp/cc3C4OdN.s
GNU assembler version 2.26.1 (x86_64-linux-gnu) using BFD version (GNU Binutils for Ubuntu) 2.26.1
COMPILER_PATH=/usr/lib/gcc/x86_64-linux-gnu/5/:/usr/lib/gcc/x86_64-linux-gnu/5/:/usr/lib/gcc/x86_64-linux-gnu/:/usr/lib/gcc/x86_64-linux-gnu/5/:/usr/lib/gcc/x86_64-linux-gnu/
LIBRARY_PATH=/opt/intel/oneapi/mpi/2021.3.0//libfabric/lib/../lib/:/opt/intel/oneapi/mpi/2021.3.0//lib/../lib/:/opt/intel/oneapi/compiler/2021.3.0/linux/lib/../lib/:/opt/intel/oneapi/mpi/2021.3.0//libfabric/lib/../lib/:/opt/intel/oneapi/mpi/2021.3.0//lib/../lib/:/opt/intel/oneapi/compiler/2021.3.0/linux/lib/../lib/:/home/qianrui/gnucompile/g_gsl-2.6/lib/../lib/:/usr/local/lib/../lib/:/home/qianrui/gnucompile/g_gsl-2.6/lib/../lib/:/usr/local/lib/../lib/:/usr/lib/gcc/x86_64-linux-gnu/5/:/usr/lib/gcc/x86_64-linux-gnu/5/../../../x86_64-linux-gnu/:/usr/lib/gcc/x86_64-linux-gnu/5/../../../../lib/:/lib/x86_64-linux-gnu/:/lib/../lib/:/usr/lib/x86_64-linux-gnu/:/usr/lib/../lib/:/opt/intel/oneapi/mpi/2021.3.0//libfabric/lib/:/opt/intel/oneapi/mpi/2021.3.0//lib/release/:/opt/intel/oneapi/mpi/2021.3.0//lib/:/opt/intel/oneapi/mkl/2021.3.0/lib/intel64/:/opt/intel/oneapi/compiler/2021.3.0/linux/compiler/lib/intel64_lin/:/opt/intel/oneapi/compiler/2021.3.0/linux/lib/:/opt/intel/oneapi/mpi/2021.3.0//libfabric/lib/:/opt/intel/oneapi/mpi/2021.3.0//lib/release/:/opt/intel/oneapi/mpi/2021.3.0//lib/:/opt/intel/oneapi/mkl/2021.3.0/lib/intel64/:/opt/intel/oneapi/compiler/2021.3.0/linux/compiler/lib/intel64_lin/:/opt/intel/oneapi/compiler/2021.3.0/linux/lib/:/home/qianrui/gnucompile/g_gsl-2.6/lib/:/opt/intel/composer_xe_2013_sp1.3.174/mkl/lib/intel64/:/usr/local/lib/:/home/qianrui/gnucompile/g_gsl-2.6/lib/:/opt/intel/composer_xe_2013_sp1.3.174/mkl/lib/intel64/:/usr/local/lib/:/usr/lib/gcc/x86_64-linux-gnu/5/../../../:/lib/:/usr/lib/
COLLECT_GCC_OPTIONS='-v' '-o' 'CMakeFiles/cmTC_2d0cf.dir/CMakeCCompilerABI.c.o' '-c' '-mtune=generic' '-march=x86-64'
Linking C executable cmTC_2d0cf
/usr/local/bin/cmake -E cmake_link_script CMakeFiles/cmTC_2d0cf.dir/link.txt --verbose=1
/usr/bin/cc  -v -rdynamic CMakeFiles/cmTC_2d0cf.dir/CMakeCCompilerABI.c.o -o cmTC_2d0cf 
Using built-in specs.
COLLECT_GCC=/usr/bin/cc
COLLECT_LTO_WRAPPER=/usr/lib/gcc/x86_64-linux-gnu/5/lto-wrapper
Target: x86_64-linux-gnu
Configured with: ../src/configure -v --with-pkgversion='Ubuntu 5.4.0-6ubuntu1~16.04.11' --with-bugurl=file:///usr/share/doc/gcc-5/README.Bugs --enable-languages=c,ada,c++,java,go,d,fortran,objc,obj-c++ --prefix=/usr --program-suffix=-5 --enable-shared --enable-linker-build-id --libexecdir=/usr/lib --without-included-gettext --enable-threads=posix --libdir=/usr/lib --enable-nls --with-sysroot=/ --enable-clocale=gnu --enable-libstdcxx-debug --enable-libstdcxx-time=yes --with-default-libstdcxx-abi=new --enable-gnu-unique-object --disable-vtable-verify --enable-libmpx --enable-plugin --with-system-zlib --disable-browser-plugin --enable-java-awt=gtk --enable-gtk-cairo --with-java-home=/usr/lib/jvm/java-1.5.0-gcj-5-amd64/jre --enable-java-home --with-jvm-root-dir=/usr/lib/jvm/java-1.5.0-gcj-5-amd64 --with-jvm-jar-dir=/usr/lib/jvm-exports/java-1.5.0-gcj-5-amd64 --with-arch-directory=amd64 --with-ecj-jar=/usr/share/java/eclipse-ecj.jar --enable-objc-gc --enable-multiarch --disable-werror --with-arch-32=i686 --with-abi=m64 --with-multilib-list=m32,m64,mx32 --enable-multilib --with-tune=generic --enable-checking=release --build=x86_64-linux-gnu --host=x86_64-linux-gnu --target=x86_64-linux-gnu
Thread model: posix
gcc version 5.4.0 20160609 (Ubuntu 5.4.0-6ubuntu1~16.04.11) 
COMPILER_PATH=/usr/lib/gcc/x86_64-linux-gnu/5/:/usr/lib/gcc/x86_64-linux-gnu/5/:/usr/lib/gcc/x86_64-linux-gnu/:/usr/lib/gcc/x86_64-linux-gnu/5/:/usr/lib/gcc/x86_64-linux-gnu/
LIBRARY_PATH=/opt/intel/oneapi/mpi/2021.3.0//libfabric/lib/../lib/:/opt/intel/oneapi/mpi/2021.3.0//lib/../lib/:/opt/intel/oneapi/compiler/2021.3.0/linux/lib/../lib/:/opt/intel/oneapi/mpi/2021.3.0//libfabric/lib/../lib/:/opt/intel/oneapi/mpi/2021.3.0//lib/../lib/:/opt/intel/oneapi/compiler/2021.3.0/linux/lib/../lib/:/home/qianrui/gnucompile/g_gsl-2.6/lib/../lib/:/usr/local/lib/../lib/:/home/qianrui/gnucompile/g_gsl-2.6/lib/../lib/:/usr/local/lib/../lib/:/usr/lib/gcc/x86_64-linux-gnu/5/:/usr/lib/gcc/x86_64-linux-gnu/5/../../../x86_64-linux-gnu/:/usr/lib/gcc/x86_64-linux-gnu/5/../../../../lib/:/lib/x86_64-linux-gnu/:/lib/../lib/:/usr/lib/x86_64-linux-gnu/:/usr/lib/../lib/:/opt/intel/oneapi/mpi/2021.3.0//libfabric/lib/:/opt/intel/oneapi/mpi/2021.3.0//lib/release/:/opt/intel/oneapi/mpi/2021.3.0//lib/:/opt/intel/oneapi/mkl/2021.3.0/lib/intel64/:/opt/intel/oneapi/compiler/2021.3.0/linux/compiler/lib/intel64_lin/:/opt/intel/oneapi/compiler/2021.3.0/linux/lib/:/opt/intel/oneapi/mpi/2021.3.0//libfabric/lib/:/opt/intel/oneapi/mpi/2021.3.0//lib/release/:/opt/intel/oneapi/mpi/2021.3.0//lib/:/opt/intel/oneapi/mkl/2021.3.0/lib/intel64/:/opt/intel/oneapi/compiler/2021.3.0/linux/compiler/lib/intel64_lin/:/opt/intel/oneapi/compiler/2021.3.0/linux/lib/:/home/qianrui/gnucompile/g_gsl-2.6/lib/:/opt/intel/composer_xe_2013_sp1.3.174/mkl/lib/intel64/:/usr/local/lib/:/home/qianrui/gnucompile/g_gsl-2.6/lib/:/opt/intel/composer_xe_2013_sp1.3.174/mkl/lib/intel64/:/usr/local/lib/:/usr/lib/gcc/x86_64-linux-gnu/5/../../../:/lib/:/usr/lib/
COLLECT_GCC_OPTIONS='-v' '-rdynamic' '-o' 'cmTC_2d0cf' '-mtune=generic' '-march=x86-64'
 /usr/lib/gcc/x86_64-linux-gnu/5/collect2 -plugin /usr/lib/gcc/x86_64-linux-gnu/5/liblto_plugin.so -plugin-opt=/usr/lib/gcc/x86_64-linux-gnu/5/lto-wrapper -plugin-opt=-fresolution=/tmp/ccKCLxCQ.res -plugin-opt=-pass-through=-lgcc -plugin-opt=-pass-through=-lgcc_s -plugin-opt=-pass-through=-lc -plugin-opt=-pass-through=-lgcc -plugin-opt=-pass-through=-lgcc_s --sysroot=/ --build-id --eh-frame-hdr -m elf_x86_64 --hash-style=gnu --as-needed -export-dynamic -dynamic-linker /lib64/ld-linux-x86-64.so.2 -z relro -o cmTC_2d0cf /usr/lib/gcc/x86_64-linux-gnu/5/../../../x86_64-linux-gnu/crt1.o /usr/lib/gcc/x86_64-linux-gnu/5/../../../x86_64-linux-gnu/crti.o /usr/lib/gcc/x86_64-linux-gnu/5/crtbegin.o -L/opt/intel/oneapi/mpi/2021.3.0//libfabric/lib/../lib -L/opt/intel/oneapi/mpi/2021.3.0//lib/../lib -L/opt/intel/oneapi/compiler/2021.3.0/linux/lib/../lib -L/opt/intel/oneapi/mpi/2021.3.0//libfabric/lib/../lib -L/opt/intel/oneapi/mpi/2021.3.0//lib/../lib -L/opt/intel/oneapi/compiler/2021.3.0/linux/lib/../lib -L/home/qianrui/gnucompile/g_gsl-2.6/lib/../lib -L/usr/local/lib/../lib -L/home/qianrui/gnucompile/g_gsl-2.6/lib/../lib -L/usr/local/lib/../lib -L/usr/lib/gcc/x86_64-linux-gnu/5 -L/usr/lib/gcc/x86_64-linux-gnu/5/../../../x86_64-linux-gnu -L/usr/lib/gcc/x86_64-linux-gnu/5/../../../../lib -L/lib/x86_64-linux-gnu -L/lib/../lib -L/usr/lib/x86_64-linux-gnu -L/usr/lib/../lib -L/opt/intel/oneapi/mpi/2021.3.0//libfabric/lib -L/opt/intel/oneapi/mpi/2021.3.0//lib/release -L/opt/intel/oneapi/mpi/2021.3.0//lib -L/opt/intel/oneapi/mkl/2021.3.0/lib/intel64 -L/opt/intel/oneapi/compiler/2021.3.0/linux/compiler/lib/intel64_lin -L/opt/intel/oneapi/compiler/2021.3.0/linux/lib -L/opt/intel/oneapi/mpi/2021.3.0//libfabric/lib -L/opt/intel/oneapi/mpi/2021.3.0//lib/release -L/opt/intel/oneapi/mpi/2021.3.0//lib -L/opt/intel/oneapi/mkl/2021.3.0/lib/intel64 -L/opt/intel/oneapi/compiler/2021.3.0/linux/compiler/lib/intel64_lin -L/opt/intel/oneapi/compiler/2021.3.0/linux/lib -L/home/qianrui/gnucompile/g_gsl-2.6/lib -L/opt/intel/composer_xe_2013_sp1.3.174/mkl/lib/intel64 -L/usr/local/lib -L/home/qianrui/gnucompile/g_gsl-2.6/lib -L/opt/intel/composer_xe_2013_sp1.3.174/mkl/lib/intel64 -L/usr/local/lib -L/usr/lib/gcc/x86_64-linux-gnu/5/../../.. CMakeFiles/cmTC_2d0cf.dir/CMakeCCompilerABI.c.o -lgcc --as-needed -lgcc_s --no-as-needed -lc -lgcc --as-needed -lgcc_s --no-as-needed /usr/lib/gcc/x86_64-linux-gnu/5/crtend.o /usr/lib/gcc/x86_64-linux-gnu/5/../../../x86_64-linux-gnu/crtn.o
make[1]: Leaving directory '/home/qianrui/github/reconstruction/abacus-develop/source/build/CMakeFiles/CMakeTmp'



Parsed C implicit include dir info from above output: rv=done
  found start of include info
  found start of implicit include info
    add: [/opt/intel/oneapi/mpi/2021.3.0//include]
    add: [/opt/intel/oneapi/mkl/2021.3.0/include]
    add: [/opt/intel/oneapi/compiler/2021.3.0/linux/include]
    add: [.]
    add: [//home/qianrui/gnucompile/g_gsl-2.6/include]
    add: [/usr/lib/gcc/x86_64-linux-gnu/5/include]
    add: [/usr/local/include]
    add: [/usr/lib/gcc/x86_64-linux-gnu/5/include-fixed]
    add: [/usr/include/x86_64-linux-gnu]
    add: [/usr/include]
  end of search list found
  collapse include dir [/opt/intel/oneapi/mpi/2021.3.0//include] ==> [/opt/intel/oneapi/mpi/2021.3.0/include]
  collapse include dir [/opt/intel/oneapi/mkl/2021.3.0/include] ==> [/opt/intel/oneapi/mkl/2021.3.0/include]
  collapse include dir [/opt/intel/oneapi/compiler/2021.3.0/linux/include] ==> [/opt/intel/oneapi/compiler/2021.3.0/linux/include]
  skipping relative include dir [.]
  collapse include dir [//home/qianrui/gnucompile/g_gsl-2.6/include] ==> [//home/qianrui/gnucompile/g_gsl-2.6/include]
  collapse include dir [/usr/lib/gcc/x86_64-linux-gnu/5/include] ==> [/usr/lib/gcc/x86_64-linux-gnu/5/include]
  collapse include dir [/usr/local/include] ==> [/usr/local/include]
  collapse include dir [/usr/lib/gcc/x86_64-linux-gnu/5/include-fixed] ==> [/usr/lib/gcc/x86_64-linux-gnu/5/include-fixed]
  collapse include dir [/usr/include/x86_64-linux-gnu] ==> [/usr/include/x86_64-linux-gnu]
  collapse include dir [/usr/include] ==> [/usr/include]
  implicit include dirs: [/opt/intel/oneapi/mpi/2021.3.0/include;/opt/intel/oneapi/mkl/2021.3.0/include;/opt/intel/oneapi/compiler/2021.3.0/linux/include;//home/qianrui/gnucompile/g_gsl-2.6/include;/usr/lib/gcc/x86_64-linux-gnu/5/include;/usr/local/include;/usr/lib/gcc/x86_64-linux-gnu/5/include-fixed;/usr/include/x86_64-linux-gnu;/usr/include]


Parsed C implicit link information from above output:
  link line regex: [^( *|.*[/\])(ld|CMAKE_LINK_STARTFILE-NOTFOUND|([^/\]+-)?ld|collect2)[^/\]*( |$)]
  ignore line: [Change Dir: /home/qianrui/github/reconstruction/abacus-develop/source/build/CMakeFiles/CMakeTmp]
  ignore line: []
  ignore line: [Run Build Command(s):/usr/bin/make -f Makefile cmTC_2d0cf/fast && /usr/bin/make  -f CMakeFiles/cmTC_2d0cf.dir/build.make CMakeFiles/cmTC_2d0cf.dir/build]
  ignore line: [make[1]: Entering directory '/home/qianrui/github/reconstruction/abacus-develop/source/build/CMakeFiles/CMakeTmp']
  ignore line: [Building C object CMakeFiles/cmTC_2d0cf.dir/CMakeCCompilerABI.c.o]
  ignore line: [/usr/bin/cc   -v -o CMakeFiles/cmTC_2d0cf.dir/CMakeCCompilerABI.c.o -c /usr/local/share/cmake-3.20/Modules/CMakeCCompilerABI.c]
  ignore line: [Using built-in specs.]
  ignore line: [COLLECT_GCC=/usr/bin/cc]
  ignore line: [Target: x86_64-linux-gnu]
  ignore line: [Configured with: ../src/configure -v --with-pkgversion='Ubuntu 5.4.0-6ubuntu1~16.04.11' --with-bugurl=file:///usr/share/doc/gcc-5/README.Bugs --enable-languages=c ada c++ java go d fortran objc obj-c++ --prefix=/usr --program-suffix=-5 --enable-shared --enable-linker-build-id --libexecdir=/usr/lib --without-included-gettext --enable-threads=posix --libdir=/usr/lib --enable-nls --with-sysroot=/ --enable-clocale=gnu --enable-libstdcxx-debug --enable-libstdcxx-time=yes --with-default-libstdcxx-abi=new --enable-gnu-unique-object --disable-vtable-verify --enable-libmpx --enable-plugin --with-system-zlib --disable-browser-plugin --enable-java-awt=gtk --enable-gtk-cairo --with-java-home=/usr/lib/jvm/java-1.5.0-gcj-5-amd64/jre --enable-java-home --with-jvm-root-dir=/usr/lib/jvm/java-1.5.0-gcj-5-amd64 --with-jvm-jar-dir=/usr/lib/jvm-exports/java-1.5.0-gcj-5-amd64 --with-arch-directory=amd64 --with-ecj-jar=/usr/share/java/eclipse-ecj.jar --enable-objc-gc --enable-multiarch --disable-werror --with-arch-32=i686 --with-abi=m64 --with-multilib-list=m32 m64 mx32 --enable-multilib --with-tune=generic --enable-checking=release --build=x86_64-linux-gnu --host=x86_64-linux-gnu --target=x86_64-linux-gnu]
  ignore line: [Thread model: posix]
  ignore line: [gcc version 5.4.0 20160609 (Ubuntu 5.4.0-6ubuntu1~16.04.11) ]
  ignore line: [COLLECT_GCC_OPTIONS='-v' '-o' 'CMakeFiles/cmTC_2d0cf.dir/CMakeCCompilerABI.c.o' '-c' '-mtune=generic' '-march=x86-64']
  ignore line: [ /usr/lib/gcc/x86_64-linux-gnu/5/cc1 -quiet -v -imultiarch x86_64-linux-gnu /usr/local/share/cmake-3.20/Modules/CMakeCCompilerABI.c -quiet -dumpbase CMakeCCompilerABI.c -mtune=generic -march=x86-64 -auxbase-strip CMakeFiles/cmTC_2d0cf.dir/CMakeCCompilerABI.c.o -version -fstack-protector-strong -Wformat -Wformat-security -o /tmp/cc3C4OdN.s]
  ignore line: [GNU C11 (Ubuntu 5.4.0-6ubuntu1~16.04.11) version 5.4.0 20160609 (x86_64-linux-gnu)]
  ignore line: [	compiled by GNU C version 5.4.0 20160609  GMP version 6.1.0  MPFR version 3.1.4  MPC version 1.0.3]
  ignore line: [GGC heuristics: --param ggc-min-expand=100 --param ggc-min-heapsize=131072]
  ignore line: [ignoring duplicate directory "//home/qianrui/gnucompile/g_gsl-2.6/include"]
  ignore line: [ignoring nonexistent directory "/usr/local/include/x86_64-linux-gnu"]
  ignore line: [ignoring nonexistent directory "/usr/lib/gcc/x86_64-linux-gnu/5/../../../../x86_64-linux-gnu/include"]
  ignore line: [ignoring duplicate directory "/opt/intel/oneapi/mpi/2021.3.0//include"]
  ignore line: [ignoring duplicate directory "/opt/intel/oneapi/mkl/2021.3.0/include"]
  ignore line: [ignoring duplicate directory "/opt/intel/oneapi/compiler/2021.3.0/linux/include"]
  ignore line: [#include "..." search starts here:]
  ignore line: [#include <...> search starts here:]
  ignore line: [ /opt/intel/oneapi/mpi/2021.3.0//include]
  ignore line: [ /opt/intel/oneapi/mkl/2021.3.0/include]
  ignore line: [ /opt/intel/oneapi/compiler/2021.3.0/linux/include]
  ignore line: [ .]
  ignore line: [ //home/qianrui/gnucompile/g_gsl-2.6/include]
  ignore line: [ /usr/lib/gcc/x86_64-linux-gnu/5/include]
  ignore line: [ /usr/local/include]
  ignore line: [ /usr/lib/gcc/x86_64-linux-gnu/5/include-fixed]
  ignore line: [ /usr/include/x86_64-linux-gnu]
  ignore line: [ /usr/include]
  ignore line: [End of search list.]
  ignore line: [GNU C11 (Ubuntu 5.4.0-6ubuntu1~16.04.11) version 5.4.0 20160609 (x86_64-linux-gnu)]
  ignore line: [	compiled by GNU C version 5.4.0 20160609  GMP version 6.1.0  MPFR version 3.1.4  MPC version 1.0.3]
  ignore line: [GGC heuristics: --param ggc-min-expand=100 --param ggc-min-heapsize=131072]
  ignore line: [Compiler executable checksum: 5f69ca549f086e2c3748f9d1423a4dee]
  ignore line: [COLLECT_GCC_OPTIONS='-v' '-o' 'CMakeFiles/cmTC_2d0cf.dir/CMakeCCompilerABI.c.o' '-c' '-mtune=generic' '-march=x86-64']
  ignore line: [ as -v --64 -o CMakeFiles/cmTC_2d0cf.dir/CMakeCCompilerABI.c.o /tmp/cc3C4OdN.s]
  ignore line: [GNU assembler version 2.26.1 (x86_64-linux-gnu) using BFD version (GNU Binutils for Ubuntu) 2.26.1]
  ignore line: [COMPILER_PATH=/usr/lib/gcc/x86_64-linux-gnu/5/:/usr/lib/gcc/x86_64-linux-gnu/5/:/usr/lib/gcc/x86_64-linux-gnu/:/usr/lib/gcc/x86_64-linux-gnu/5/:/usr/lib/gcc/x86_64-linux-gnu/]
  ignore line: [LIBRARY_PATH=/opt/intel/oneapi/mpi/2021.3.0//libfabric/lib/../lib/:/opt/intel/oneapi/mpi/2021.3.0//lib/../lib/:/opt/intel/oneapi/compiler/2021.3.0/linux/lib/../lib/:/opt/intel/oneapi/mpi/2021.3.0//libfabric/lib/../lib/:/opt/intel/oneapi/mpi/2021.3.0//lib/../lib/:/opt/intel/oneapi/compiler/2021.3.0/linux/lib/../lib/:/home/qianrui/gnucompile/g_gsl-2.6/lib/../lib/:/usr/local/lib/../lib/:/home/qianrui/gnucompile/g_gsl-2.6/lib/../lib/:/usr/local/lib/../lib/:/usr/lib/gcc/x86_64-linux-gnu/5/:/usr/lib/gcc/x86_64-linux-gnu/5/../../../x86_64-linux-gnu/:/usr/lib/gcc/x86_64-linux-gnu/5/../../../../lib/:/lib/x86_64-linux-gnu/:/lib/../lib/:/usr/lib/x86_64-linux-gnu/:/usr/lib/../lib/:/opt/intel/oneapi/mpi/2021.3.0//libfabric/lib/:/opt/intel/oneapi/mpi/2021.3.0//lib/release/:/opt/intel/oneapi/mpi/2021.3.0//lib/:/opt/intel/oneapi/mkl/2021.3.0/lib/intel64/:/opt/intel/oneapi/compiler/2021.3.0/linux/compiler/lib/intel64_lin/:/opt/intel/oneapi/compiler/2021.3.0/linux/lib/:/opt/intel/oneapi/mpi/2021.3.0//libfabric/lib/:/opt/intel/oneapi/mpi/2021.3.0//lib/release/:/opt/intel/oneapi/mpi/2021.3.0//lib/:/opt/intel/oneapi/mkl/2021.3.0/lib/intel64/:/opt/intel/oneapi/compiler/2021.3.0/linux/compiler/lib/intel64_lin/:/opt/intel/oneapi/compiler/2021.3.0/linux/lib/:/home/qianrui/gnucompile/g_gsl-2.6/lib/:/opt/intel/composer_xe_2013_sp1.3.174/mkl/lib/intel64/:/usr/local/lib/:/home/qianrui/gnucompile/g_gsl-2.6/lib/:/opt/intel/composer_xe_2013_sp1.3.174/mkl/lib/intel64/:/usr/local/lib/:/usr/lib/gcc/x86_64-linux-gnu/5/../../../:/lib/:/usr/lib/]
  ignore line: [COLLECT_GCC_OPTIONS='-v' '-o' 'CMakeFiles/cmTC_2d0cf.dir/CMakeCCompilerABI.c.o' '-c' '-mtune=generic' '-march=x86-64']
  ignore line: [Linking C executable cmTC_2d0cf]
  ignore line: [/usr/local/bin/cmake -E cmake_link_script CMakeFiles/cmTC_2d0cf.dir/link.txt --verbose=1]
  ignore line: [/usr/bin/cc  -v -rdynamic CMakeFiles/cmTC_2d0cf.dir/CMakeCCompilerABI.c.o -o cmTC_2d0cf ]
  ignore line: [Using built-in specs.]
  ignore line: [COLLECT_GCC=/usr/bin/cc]
  ignore line: [COLLECT_LTO_WRAPPER=/usr/lib/gcc/x86_64-linux-gnu/5/lto-wrapper]
  ignore line: [Target: x86_64-linux-gnu]
  ignore line: [Configured with: ../src/configure -v --with-pkgversion='Ubuntu 5.4.0-6ubuntu1~16.04.11' --with-bugurl=file:///usr/share/doc/gcc-5/README.Bugs --enable-languages=c ada c++ java go d fortran objc obj-c++ --prefix=/usr --program-suffix=-5 --enable-shared --enable-linker-build-id --libexecdir=/usr/lib --without-included-gettext --enable-threads=posix --libdir=/usr/lib --enable-nls --with-sysroot=/ --enable-clocale=gnu --enable-libstdcxx-debug --enable-libstdcxx-time=yes --with-default-libstdcxx-abi=new --enable-gnu-unique-object --disable-vtable-verify --enable-libmpx --enable-plugin --with-system-zlib --disable-browser-plugin --enable-java-awt=gtk --enable-gtk-cairo --with-java-home=/usr/lib/jvm/java-1.5.0-gcj-5-amd64/jre --enable-java-home --with-jvm-root-dir=/usr/lib/jvm/java-1.5.0-gcj-5-amd64 --with-jvm-jar-dir=/usr/lib/jvm-exports/java-1.5.0-gcj-5-amd64 --with-arch-directory=amd64 --with-ecj-jar=/usr/share/java/eclipse-ecj.jar --enable-objc-gc --enable-multiarch --disable-werror --with-arch-32=i686 --with-abi=m64 --with-multilib-list=m32 m64 mx32 --enable-multilib --with-tune=generic --enable-checking=release --build=x86_64-linux-gnu --host=x86_64-linux-gnu --target=x86_64-linux-gnu]
  ignore line: [Thread model: posix]
  ignore line: [gcc version 5.4.0 20160609 (Ubuntu 5.4.0-6ubuntu1~16.04.11) ]
  ignore line: [COMPILER_PATH=/usr/lib/gcc/x86_64-linux-gnu/5/:/usr/lib/gcc/x86_64-linux-gnu/5/:/usr/lib/gcc/x86_64-linux-gnu/:/usr/lib/gcc/x86_64-linux-gnu/5/:/usr/lib/gcc/x86_64-linux-gnu/]
  ignore line: [LIBRARY_PATH=/opt/intel/oneapi/mpi/2021.3.0//libfabric/lib/../lib/:/opt/intel/oneapi/mpi/2021.3.0//lib/../lib/:/opt/intel/oneapi/compiler/2021.3.0/linux/lib/../lib/:/opt/intel/oneapi/mpi/2021.3.0//libfabric/lib/../lib/:/opt/intel/oneapi/mpi/2021.3.0//lib/../lib/:/opt/intel/oneapi/compiler/2021.3.0/linux/lib/../lib/:/home/qianrui/gnucompile/g_gsl-2.6/lib/../lib/:/usr/local/lib/../lib/:/home/qianrui/gnucompile/g_gsl-2.6/lib/../lib/:/usr/local/lib/../lib/:/usr/lib/gcc/x86_64-linux-gnu/5/:/usr/lib/gcc/x86_64-linux-gnu/5/../../../x86_64-linux-gnu/:/usr/lib/gcc/x86_64-linux-gnu/5/../../../../lib/:/lib/x86_64-linux-gnu/:/lib/../lib/:/usr/lib/x86_64-linux-gnu/:/usr/lib/../lib/:/opt/intel/oneapi/mpi/2021.3.0//libfabric/lib/:/opt/intel/oneapi/mpi/2021.3.0//lib/release/:/opt/intel/oneapi/mpi/2021.3.0//lib/:/opt/intel/oneapi/mkl/2021.3.0/lib/intel64/:/opt/intel/oneapi/compiler/2021.3.0/linux/compiler/lib/intel64_lin/:/opt/intel/oneapi/compiler/2021.3.0/linux/lib/:/opt/intel/oneapi/mpi/2021.3.0//libfabric/lib/:/opt/intel/oneapi/mpi/2021.3.0//lib/release/:/opt/intel/oneapi/mpi/2021.3.0//lib/:/opt/intel/oneapi/mkl/2021.3.0/lib/intel64/:/opt/intel/oneapi/compiler/2021.3.0/linux/compiler/lib/intel64_lin/:/opt/intel/oneapi/compiler/2021.3.0/linux/lib/:/home/qianrui/gnucompile/g_gsl-2.6/lib/:/opt/intel/composer_xe_2013_sp1.3.174/mkl/lib/intel64/:/usr/local/lib/:/home/qianrui/gnucompile/g_gsl-2.6/lib/:/opt/intel/composer_xe_2013_sp1.3.174/mkl/lib/intel64/:/usr/local/lib/:/usr/lib/gcc/x86_64-linux-gnu/5/../../../:/lib/:/usr/lib/]
  ignore line: [COLLECT_GCC_OPTIONS='-v' '-rdynamic' '-o' 'cmTC_2d0cf' '-mtune=generic' '-march=x86-64']
  link line: [ /usr/lib/gcc/x86_64-linux-gnu/5/collect2 -plugin /usr/lib/gcc/x86_64-linux-gnu/5/liblto_plugin.so -plugin-opt=/usr/lib/gcc/x86_64-linux-gnu/5/lto-wrapper -plugin-opt=-fresolution=/tmp/ccKCLxCQ.res -plugin-opt=-pass-through=-lgcc -plugin-opt=-pass-through=-lgcc_s -plugin-opt=-pass-through=-lc -plugin-opt=-pass-through=-lgcc -plugin-opt=-pass-through=-lgcc_s --sysroot=/ --build-id --eh-frame-hdr -m elf_x86_64 --hash-style=gnu --as-needed -export-dynamic -dynamic-linker /lib64/ld-linux-x86-64.so.2 -z relro -o cmTC_2d0cf /usr/lib/gcc/x86_64-linux-gnu/5/../../../x86_64-linux-gnu/crt1.o /usr/lib/gcc/x86_64-linux-gnu/5/../../../x86_64-linux-gnu/crti.o /usr/lib/gcc/x86_64-linux-gnu/5/crtbegin.o -L/opt/intel/oneapi/mpi/2021.3.0//libfabric/lib/../lib -L/opt/intel/oneapi/mpi/2021.3.0//lib/../lib -L/opt/intel/oneapi/compiler/2021.3.0/linux/lib/../lib -L/opt/intel/oneapi/mpi/2021.3.0//libfabric/lib/../lib -L/opt/intel/oneapi/mpi/2021.3.0//lib/../lib -L/opt/intel/oneapi/compiler/2021.3.0/linux/lib/../lib -L/home/qianrui/gnucompile/g_gsl-2.6/lib/../lib -L/usr/local/lib/../lib -L/home/qianrui/gnucompile/g_gsl-2.6/lib/../lib -L/usr/local/lib/../lib -L/usr/lib/gcc/x86_64-linux-gnu/5 -L/usr/lib/gcc/x86_64-linux-gnu/5/../../../x86_64-linux-gnu -L/usr/lib/gcc/x86_64-linux-gnu/5/../../../../lib -L/lib/x86_64-linux-gnu -L/lib/../lib -L/usr/lib/x86_64-linux-gnu -L/usr/lib/../lib -L/opt/intel/oneapi/mpi/2021.3.0//libfabric/lib -L/opt/intel/oneapi/mpi/2021.3.0//lib/release -L/opt/intel/oneapi/mpi/2021.3.0//lib -L/opt/intel/oneapi/mkl/2021.3.0/lib/intel64 -L/opt/intel/oneapi/compiler/2021.3.0/linux/compiler/lib/intel64_lin -L/opt/intel/oneapi/compiler/2021.3.0/linux/lib -L/opt/intel/oneapi/mpi/2021.3.0//libfabric/lib -L/opt/intel/oneapi/mpi/2021.3.0//lib/release -L/opt/intel/oneapi/mpi/2021.3.0//lib -L/opt/intel/oneapi/mkl/2021.3.0/lib/intel64 -L/opt/intel/oneapi/compiler/2021.3.0/linux/compiler/lib/intel64_lin -L/opt/intel/oneapi/compiler/2021.3.0/linux/lib -L/home/qianrui/gnucompile/g_gsl-2.6/lib -L/opt/intel/composer_xe_2013_sp1.3.174/mkl/lib/intel64 -L/usr/local/lib -L/home/qianrui/gnucompile/g_gsl-2.6/lib -L/opt/intel/composer_xe_2013_sp1.3.174/mkl/lib/intel64 -L/usr/local/lib -L/usr/lib/gcc/x86_64-linux-gnu/5/../../.. CMakeFiles/cmTC_2d0cf.dir/CMakeCCompilerABI.c.o -lgcc --as-needed -lgcc_s --no-as-needed -lc -lgcc --as-needed -lgcc_s --no-as-needed /usr/lib/gcc/x86_64-linux-gnu/5/crtend.o /usr/lib/gcc/x86_64-linux-gnu/5/../../../x86_64-linux-gnu/crtn.o]
    arg [/usr/lib/gcc/x86_64-linux-gnu/5/collect2] ==> ignore
    arg [-plugin] ==> ignore
    arg [/usr/lib/gcc/x86_64-linux-gnu/5/liblto_plugin.so] ==> ignore
    arg [-plugin-opt=/usr/lib/gcc/x86_64-linux-gnu/5/lto-wrapper] ==> ignore
    arg [-plugin-opt=-fresolution=/tmp/ccKCLxCQ.res] ==> ignore
    arg [-plugin-opt=-pass-through=-lgcc] ==> ignore
    arg [-plugin-opt=-pass-through=-lgcc_s] ==> ignore
    arg [-plugin-opt=-pass-through=-lc] ==> ignore
    arg [-plugin-opt=-pass-through=-lgcc] ==> ignore
    arg [-plugin-opt=-pass-through=-lgcc_s] ==> ignore
    arg [--sysroot=/] ==> ignore
    arg [--build-id] ==> ignore
    arg [--eh-frame-hdr] ==> ignore
    arg [-m] ==> ignore
    arg [elf_x86_64] ==> ignore
    arg [--hash-style=gnu] ==> ignore
    arg [--as-needed] ==> ignore
    arg [-export-dynamic] ==> ignore
    arg [-dynamic-linker] ==> ignore
    arg [/lib64/ld-linux-x86-64.so.2] ==> ignore
    arg [-zrelro] ==> ignore
    arg [-o] ==> ignore
    arg [cmTC_2d0cf] ==> ignore
    arg [/usr/lib/gcc/x86_64-linux-gnu/5/../../../x86_64-linux-gnu/crt1.o] ==> obj [/usr/lib/gcc/x86_64-linux-gnu/5/../../../x86_64-linux-gnu/crt1.o]
    arg [/usr/lib/gcc/x86_64-linux-gnu/5/../../../x86_64-linux-gnu/crti.o] ==> obj [/usr/lib/gcc/x86_64-linux-gnu/5/../../../x86_64-linux-gnu/crti.o]
    arg [/usr/lib/gcc/x86_64-linux-gnu/5/crtbegin.o] ==> obj [/usr/lib/gcc/x86_64-linux-gnu/5/crtbegin.o]
    arg [-L/opt/intel/oneapi/mpi/2021.3.0//libfabric/lib/../lib] ==> dir [/opt/intel/oneapi/mpi/2021.3.0//libfabric/lib/../lib]
    arg [-L/opt/intel/oneapi/mpi/2021.3.0//lib/../lib] ==> dir [/opt/intel/oneapi/mpi/2021.3.0//lib/../lib]
    arg [-L/opt/intel/oneapi/compiler/2021.3.0/linux/lib/../lib] ==> dir [/opt/intel/oneapi/compiler/2021.3.0/linux/lib/../lib]
    arg [-L/opt/intel/oneapi/mpi/2021.3.0//libfabric/lib/../lib] ==> dir [/opt/intel/oneapi/mpi/2021.3.0//libfabric/lib/../lib]
    arg [-L/opt/intel/oneapi/mpi/2021.3.0//lib/../lib] ==> dir [/opt/intel/oneapi/mpi/2021.3.0//lib/../lib]
    arg [-L/opt/intel/oneapi/compiler/2021.3.0/linux/lib/../lib] ==> dir [/opt/intel/oneapi/compiler/2021.3.0/linux/lib/../lib]
    arg [-L/home/qianrui/gnucompile/g_gsl-2.6/lib/../lib] ==> dir [/home/qianrui/gnucompile/g_gsl-2.6/lib/../lib]
    arg [-L/usr/local/lib/../lib] ==> dir [/usr/local/lib/../lib]
    arg [-L/home/qianrui/gnucompile/g_gsl-2.6/lib/../lib] ==> dir [/home/qianrui/gnucompile/g_gsl-2.6/lib/../lib]
    arg [-L/usr/local/lib/../lib] ==> dir [/usr/local/lib/../lib]
    arg [-L/usr/lib/gcc/x86_64-linux-gnu/5] ==> dir [/usr/lib/gcc/x86_64-linux-gnu/5]
    arg [-L/usr/lib/gcc/x86_64-linux-gnu/5/../../../x86_64-linux-gnu] ==> dir [/usr/lib/gcc/x86_64-linux-gnu/5/../../../x86_64-linux-gnu]
    arg [-L/usr/lib/gcc/x86_64-linux-gnu/5/../../../../lib] ==> dir [/usr/lib/gcc/x86_64-linux-gnu/5/../../../../lib]
    arg [-L/lib/x86_64-linux-gnu] ==> dir [/lib/x86_64-linux-gnu]
    arg [-L/lib/../lib] ==> dir [/lib/../lib]
    arg [-L/usr/lib/x86_64-linux-gnu] ==> dir [/usr/lib/x86_64-linux-gnu]
    arg [-L/usr/lib/../lib] ==> dir [/usr/lib/../lib]
    arg [-L/opt/intel/oneapi/mpi/2021.3.0//libfabric/lib] ==> dir [/opt/intel/oneapi/mpi/2021.3.0//libfabric/lib]
    arg [-L/opt/intel/oneapi/mpi/2021.3.0//lib/release] ==> dir [/opt/intel/oneapi/mpi/2021.3.0//lib/release]
    arg [-L/opt/intel/oneapi/mpi/2021.3.0//lib] ==> dir [/opt/intel/oneapi/mpi/2021.3.0//lib]
    arg [-L/opt/intel/oneapi/mkl/2021.3.0/lib/intel64] ==> dir [/opt/intel/oneapi/mkl/2021.3.0/lib/intel64]
    arg [-L/opt/intel/oneapi/compiler/2021.3.0/linux/compiler/lib/intel64_lin] ==> dir [/opt/intel/oneapi/compiler/2021.3.0/linux/compiler/lib/intel64_lin]
    arg [-L/opt/intel/oneapi/compiler/2021.3.0/linux/lib] ==> dir [/opt/intel/oneapi/compiler/2021.3.0/linux/lib]
    arg [-L/opt/intel/oneapi/mpi/2021.3.0//libfabric/lib] ==> dir [/opt/intel/oneapi/mpi/2021.3.0//libfabric/lib]
    arg [-L/opt/intel/oneapi/mpi/2021.3.0//lib/release] ==> dir [/opt/intel/oneapi/mpi/2021.3.0//lib/release]
    arg [-L/opt/intel/oneapi/mpi/2021.3.0//lib] ==> dir [/opt/intel/oneapi/mpi/2021.3.0//lib]
    arg [-L/opt/intel/oneapi/mkl/2021.3.0/lib/intel64] ==> dir [/opt/intel/oneapi/mkl/2021.3.0/lib/intel64]
    arg [-L/opt/intel/oneapi/compiler/2021.3.0/linux/compiler/lib/intel64_lin] ==> dir [/opt/intel/oneapi/compiler/2021.3.0/linux/compiler/lib/intel64_lin]
    arg [-L/opt/intel/oneapi/compiler/2021.3.0/linux/lib] ==> dir [/opt/intel/oneapi/compiler/2021.3.0/linux/lib]
    arg [-L/home/qianrui/gnucompile/g_gsl-2.6/lib] ==> dir [/home/qianrui/gnucompile/g_gsl-2.6/lib]
    arg [-L/opt/intel/composer_xe_2013_sp1.3.174/mkl/lib/intel64] ==> dir [/opt/intel/composer_xe_2013_sp1.3.174/mkl/lib/intel64]
    arg [-L/usr/local/lib] ==> dir [/usr/local/lib]
    arg [-L/home/qianrui/gnucompile/g_gsl-2.6/lib] ==> dir [/home/qianrui/gnucompile/g_gsl-2.6/lib]
    arg [-L/opt/intel/composer_xe_2013_sp1.3.174/mkl/lib/intel64] ==> dir [/opt/intel/composer_xe_2013_sp1.3.174/mkl/lib/intel64]
    arg [-L/usr/local/lib] ==> dir [/usr/local/lib]
    arg [-L/usr/lib/gcc/x86_64-linux-gnu/5/../../..] ==> dir [/usr/lib/gcc/x86_64-linux-gnu/5/../../..]
    arg [CMakeFiles/cmTC_2d0cf.dir/CMakeCCompilerABI.c.o] ==> ignore
    arg [-lgcc] ==> lib [gcc]
    arg [--as-needed] ==> ignore
    arg [-lgcc_s] ==> lib [gcc_s]
    arg [--no-as-needed] ==> ignore
    arg [-lc] ==> lib [c]
    arg [-lgcc] ==> lib [gcc]
    arg [--as-needed] ==> ignore
    arg [-lgcc_s] ==> lib [gcc_s]
    arg [--no-as-needed] ==> ignore
    arg [/usr/lib/gcc/x86_64-linux-gnu/5/crtend.o] ==> obj [/usr/lib/gcc/x86_64-linux-gnu/5/crtend.o]
    arg [/usr/lib/gcc/x86_64-linux-gnu/5/../../../x86_64-linux-gnu/crtn.o] ==> obj [/usr/lib/gcc/x86_64-linux-gnu/5/../../../x86_64-linux-gnu/crtn.o]
  collapse obj [/usr/lib/gcc/x86_64-linux-gnu/5/../../../x86_64-linux-gnu/crt1.o] ==> [/usr/lib/x86_64-linux-gnu/crt1.o]
  collapse obj [/usr/lib/gcc/x86_64-linux-gnu/5/../../../x86_64-linux-gnu/crti.o] ==> [/usr/lib/x86_64-linux-gnu/crti.o]
  collapse obj [/usr/lib/gcc/x86_64-linux-gnu/5/../../../x86_64-linux-gnu/crtn.o] ==> [/usr/lib/x86_64-linux-gnu/crtn.o]
  collapse library dir [/opt/intel/oneapi/mpi/2021.3.0//libfabric/lib/../lib] ==> [/opt/intel/oneapi/mpi/2021.3.0/libfabric/lib]
  collapse library dir [/opt/intel/oneapi/mpi/2021.3.0//lib/../lib] ==> [/opt/intel/oneapi/mpi/2021.3.0/lib]
  collapse library dir [/opt/intel/oneapi/compiler/2021.3.0/linux/lib/../lib] ==> [/opt/intel/oneapi/compiler/2021.3.0/linux/lib]
  collapse library dir [/opt/intel/oneapi/mpi/2021.3.0//libfabric/lib/../lib] ==> [/opt/intel/oneapi/mpi/2021.3.0/libfabric/lib]
  collapse library dir [/opt/intel/oneapi/mpi/2021.3.0//lib/../lib] ==> [/opt/intel/oneapi/mpi/2021.3.0/lib]
  collapse library dir [/opt/intel/oneapi/compiler/2021.3.0/linux/lib/../lib] ==> [/opt/intel/oneapi/compiler/2021.3.0/linux/lib]
  collapse library dir [/home/qianrui/gnucompile/g_gsl-2.6/lib/../lib] ==> [/home/qianrui/gnucompile/g_gsl-2.6/lib]
  collapse library dir [/usr/local/lib/../lib] ==> [/usr/local/lib]
  collapse library dir [/home/qianrui/gnucompile/g_gsl-2.6/lib/../lib] ==> [/home/qianrui/gnucompile/g_gsl-2.6/lib]
  collapse library dir [/usr/local/lib/../lib] ==> [/usr/local/lib]
  collapse library dir [/usr/lib/gcc/x86_64-linux-gnu/5] ==> [/usr/lib/gcc/x86_64-linux-gnu/5]
  collapse library dir [/usr/lib/gcc/x86_64-linux-gnu/5/../../../x86_64-linux-gnu] ==> [/usr/lib/x86_64-linux-gnu]
  collapse library dir [/usr/lib/gcc/x86_64-linux-gnu/5/../../../../lib] ==> [/usr/lib]
  collapse library dir [/lib/x86_64-linux-gnu] ==> [/lib/x86_64-linux-gnu]
  collapse library dir [/lib/../lib] ==> [/lib]
  collapse library dir [/usr/lib/x86_64-linux-gnu] ==> [/usr/lib/x86_64-linux-gnu]
  collapse library dir [/usr/lib/../lib] ==> [/usr/lib]
  collapse library dir [/opt/intel/oneapi/mpi/2021.3.0//libfabric/lib] ==> [/opt/intel/oneapi/mpi/2021.3.0/libfabric/lib]
  collapse library dir [/opt/intel/oneapi/mpi/2021.3.0//lib/release] ==> [/opt/intel/oneapi/mpi/2021.3.0/lib/release]
  collapse library dir [/opt/intel/oneapi/mpi/2021.3.0//lib] ==> [/opt/intel/oneapi/mpi/2021.3.0/lib]
  collapse library dir [/opt/intel/oneapi/mkl/2021.3.0/lib/intel64] ==> [/opt/intel/oneapi/mkl/2021.3.0/lib/intel64]
  collapse library dir [/opt/intel/oneapi/compiler/2021.3.0/linux/compiler/lib/intel64_lin] ==> [/opt/intel/oneapi/compiler/2021.3.0/linux/compiler/lib/intel64_lin]
  collapse library dir [/opt/intel/oneapi/compiler/2021.3.0/linux/lib] ==> [/opt/intel/oneapi/compiler/2021.3.0/linux/lib]
  collapse library dir [/opt/intel/oneapi/mpi/2021.3.0//libfabric/lib] ==> [/opt/intel/oneapi/mpi/2021.3.0/libfabric/lib]
  collapse library dir [/opt/intel/oneapi/mpi/2021.3.0//lib/release] ==> [/opt/intel/oneapi/mpi/2021.3.0/lib/release]
  collapse library dir [/opt/intel/oneapi/mpi/2021.3.0//lib] ==> [/opt/intel/oneapi/mpi/2021.3.0/lib]
  collapse library dir [/opt/intel/oneapi/mkl/2021.3.0/lib/intel64] ==> [/opt/intel/oneapi/mkl/2021.3.0/lib/intel64]
  collapse library dir [/opt/intel/oneapi/compiler/2021.3.0/linux/compiler/lib/intel64_lin] ==> [/opt/intel/oneapi/compiler/2021.3.0/linux/compiler/lib/intel64_lin]
  collapse library dir [/opt/intel/oneapi/compiler/2021.3.0/linux/lib] ==> [/opt/intel/oneapi/compiler/2021.3.0/linux/lib]
  collapse library dir [/home/qianrui/gnucompile/g_gsl-2.6/lib] ==> [/home/qianrui/gnucompile/g_gsl-2.6/lib]
  collapse library dir [/opt/intel/composer_xe_2013_sp1.3.174/mkl/lib/intel64] ==> [/opt/intel/composer_xe_2013_sp1.3.174/mkl/lib/intel64]
  collapse library dir [/usr/local/lib] ==> [/usr/local/lib]
  collapse library dir [/home/qianrui/gnucompile/g_gsl-2.6/lib] ==> [/home/qianrui/gnucompile/g_gsl-2.6/lib]
  collapse library dir [/opt/intel/composer_xe_2013_sp1.3.174/mkl/lib/intel64] ==> [/opt/intel/composer_xe_2013_sp1.3.174/mkl/lib/intel64]
  collapse library dir [/usr/local/lib] ==> [/usr/local/lib]
  collapse library dir [/usr/lib/gcc/x86_64-linux-gnu/5/../../..] ==> [/usr/lib]
  implicit libs: [gcc;gcc_s;c;gcc;gcc_s]
  implicit objs: [/usr/lib/x86_64-linux-gnu/crt1.o;/usr/lib/x86_64-linux-gnu/crti.o;/usr/lib/gcc/x86_64-linux-gnu/5/crtbegin.o;/usr/lib/gcc/x86_64-linux-gnu/5/crtend.o;/usr/lib/x86_64-linux-gnu/crtn.o]
  implicit dirs: [/opt/intel/oneapi/mpi/2021.3.0/libfabric/lib;/opt/intel/oneapi/mpi/2021.3.0/lib;/opt/intel/oneapi/compiler/2021.3.0/linux/lib;/home/qianrui/gnucompile/g_gsl-2.6/lib;/usr/local/lib;/usr/lib/gcc/x86_64-linux-gnu/5;/usr/lib/x86_64-linux-gnu;/usr/lib;/lib/x86_64-linux-gnu;/lib;/opt/intel/oneapi/mpi/2021.3.0/lib/release;/opt/intel/oneapi/mkl/2021.3.0/lib/intel64;/opt/intel/oneapi/compiler/2021.3.0/linux/compiler/lib/intel64_lin;/opt/intel/composer_xe_2013_sp1.3.174/mkl/lib/intel64]
  implicit fwks: []


Detecting CXX compiler ABI info compiled with the following output:
Change Dir: /home/qianrui/github/reconstruction/abacus-develop/source/build/CMakeFiles/CMakeTmp

Run Build Command(s):/usr/bin/make -f Makefile cmTC_2167f/fast && /usr/bin/make  -f CMakeFiles/cmTC_2167f.dir/build.make CMakeFiles/cmTC_2167f.dir/build
make[1]: Entering directory '/home/qianrui/github/reconstruction/abacus-develop/source/build/CMakeFiles/CMakeTmp'
Building CXX object CMakeFiles/cmTC_2167f.dir/CMakeCXXCompilerABI.cpp.o
/opt/intel/oneapi/compiler/2021.3.0/linux/bin/intel64/icpc   -v -MD -MT CMakeFiles/cmTC_2167f.dir/CMakeCXXCompilerABI.cpp.o -MF CMakeFiles/cmTC_2167f.dir/CMakeCXXCompilerABI.cpp.o.d -o CMakeFiles/cmTC_2167f.dir/CMakeCXXCompilerABI.cpp.o -c /usr/local/share/cmake-3.20/Modules/CMakeCXXCompilerABI.cpp
icpc version 2021.3.0 (gcc version 5.4.0 compatibility)
/opt/intel/oneapi/compiler/2021.3.0/linux/bin/intel64/../../bin/intel64/mcpcom    --target_efi2 --lang=c++ -oCMakeFiles/cmTC_2167f.dir/CMakeCXXCompilerABI.cpp.o -_g -mP3OPT_inline_alloca -D__ICC=2021 -D__INTEL_COMPILER=2021 -D__INTEL_COMPILER_UPDATE=3 -D__PTRDIFF_TYPE__=long "-D__SIZE_TYPE__=unsigned long" -D__WCHAR_TYPE__=int "-D__WINT_TYPE__=unsigned int" "-D__INTMAX_TYPE__=long int" "-D__UINTMAX_TYPE__=long unsigned int" -D__GLIBCXX_TYPE_INT_N_0=__int128 -D__GLIBCXX_BITSIZE_INT_N_0=128 -D__LONG_MAX__=9223372036854775807L -D__QMSPP_ -D__OPTIMIZE__ -D__NO_MATH_INLINES -D__NO_STRING_INLINES -D__GNUC_GNU_INLINE__ -D__GNUG__=5 -D__GNUC__=5 -D__GNUC_MINOR__=4 -D__GNUC_PATCHLEVEL__=0 -D__LP64__ -D_LP64 -D_GNU_SOURCE=1 -D__DEPRECATED=1 -D__GXX_WEAK__=1 -D__GXX_ABI_VERSION=1009 "-D__USER_LABEL_PREFIX__= " -D__REGISTER_PREFIX__= -D__INTEL_RTTI__ -D__EXCEPTIONS=1 -D__unix__ -D__unix -D__linux__ -D__linux -D__gnu_linux__ -B -Dunix -Dlinux "-_Asystem(unix)" -D__ELF__ -D__x86_64 -D__x86_64__ -D__amd64 -D__amd64__ "-_Acpu(x86_64)" "-_Amachine(x86_64)" -D__INTEL_COMPILER_BUILD_DATE=20210609 -D__INTEL_OFFLOAD -D__MMX__ -D__SSE__ -D__SSE_MATH__ -D__SSE2__ -D__SSE2_MATH__ -D__pentium4 -D__pentium4__ -D__tune_pentium4__ -_k -_8 -_l --has_new_stdarg_support -_a -_b --gnu_version=50400 -_W5 -p --bool -tused -x --openmp_simd --noopenmp_offload --dependency_file_name CMakeFiles/cmTC_2167f.dir/CMakeCXXCompilerABI.cpp.o.d --compile_dependencies --dependency_target_name CMakeFiles/cmTC_2167f.dir/CMakeCXXCompilerABI.cpp.o --multibyte_chars -mGLOB_diag_suppress_sys --system_preinclude /usr/include/stdc-predef.h -I/opt/intel/oneapi/mpi/2021.3.0//include -I/opt/intel/oneapi/mkl/2021.3.0/include -I/opt/intel/oneapi/compiler/2021.3.0/linux/include -I/opt/intel/oneapi/mpi/2021.3.0//include -I/opt/intel/oneapi/mkl/2021.3.0/include -I/opt/intel/oneapi/compiler/2021.3.0/linux/include --array_section --simd --simd_func --offload_mode=1 --offload_target_names=mic,MIC --offload_unique_string=icpc0970914651yM61df --bool -mGLOB_em64t=TRUE -mP1OPT_version=2021.3.0-intel64 -mGLOB_diag_file=CMakeFiles/cmTC_2167f.dir/CMakeCXXCompilerABI.cpp.diag -mGLOB_long_size_64 -mGLOB_routine_pointer_size_64 -mP1OPT_print_version=FALSE -mCG_use_gas_got_workaround=F -mP2OPT_align_option_used=TRUE -mGLOB_gcc_version=540 "-mGLOB_options_string=-v -MD -MT CMakeFiles/cmTC_2167f.dir/CMakeCXXCompilerABI.cpp.o -MF CMakeFiles/cmTC_2167f.dir/CMakeCXXCompilerABI.cpp.o.d -o CMakeFiles/cmTC_2167f.dir/CMakeCXXCompilerABI.cpp.o -c" -mGLOB_cxx_limited_range=FALSE -mCG_extend_parms=FALSE -mGLOB_compiler_bin_directory=/opt/intel/oneapi/compiler/2021.3.0/linux/bin/intel64/../../bin/intel64 -mGLOB_as_output_backup_file_name=/tmp/icpcUWU294as_.s -mIPOPT_activate -mIPOPT_lite -mGLOB_uarch_tuning=0x0 -mGLOB_product_id_code=0x22006d90 -mCG_bnl_movbe=T -mP3OPT_use_mspp_call_convention -mP2OPT_subs_out_of_bound=FALSE -mP2OPT_disam_type_based_disam=2 -mP2OPT_disam_assume_ansi_c -mP2OPT_checked_disam_ansi_alias=TRUE -mGLOB_ansi_alias -mPGOPTI_value_profile_use=T -mP2OPT_il0_array_sections=TRUE -mGLOB_offload_mode=1 -mGLOB_offload_no_openmp=TRUE -mP2OPT_offload_unique_var_string=icpc0970914651yM61df -mP2OPT_hlo_level=2 -mP2OPT_hlo -mP2OPT_hpo_rtt_control=0 -mIPOPT_args_in_regs=0 -mP2OPT_disam_assume_nonstd_intent_in=FALSE -mGLOB_imf_mapping_library=/opt/intel/oneapi/compiler/2021.3.0/linux/bin/intel64/../../bin/intel64/libiml_attr.so -mPGOPTI_gen_threadsafe_level=0 -mIPOPT_lto_object_enabled -mIPOPT_lto_object_value=1 -mIPOPT_obj_output_file_name=CMakeFiles/cmTC_2167f.dir/CMakeCXXCompilerABI.cpp.o -mIPOPT_whole_archive_fixup_file_name=/tmp/icpcwarchojCu9i -mGLOB_linker_version=2.26.1 -mGLOB_linker=ld -mGLOB_driver_tempfile_name=/tmp/icpctempfileIQIy9U -mP3OPT_asm_target=P3OPT_ASM_TARGET_GAS -mGLOB_async_unwind_tables=TRUE -mGLOB_obj_output_file=CMakeFiles/cmTC_2167f.dir/CMakeCXXCompilerABI.cpp.o -mGLOB_source_dialect=GLOB_SOURCE_DIALECT_C_PLUS_PLUS -mP1OPT_source_file_name=/usr/local/share/cmake-3.20/Modules/CMakeCXXCompilerABI.cpp -mP1OPT_full_source_file_name=/usr/local/share/cmake-3.20/Modules/CMakeCXXCompilerABI.cpp -mGLOB_eh_linux /usr/local/share/cmake-3.20/Modules/CMakeCXXCompilerABI.cpp
#include "..." search starts here:
#include <...> search starts here:
 /opt/intel/oneapi/mpi/2021.3.0//include
 /opt/intel/oneapi/mkl/2021.3.0/include
 /opt/intel/oneapi/compiler/2021.3.0/linux/include
 /opt/intel/oneapi/mpi/2021.3.0//include
 /opt/intel/oneapi/mkl/2021.3.0/include
 /opt/intel/oneapi/compiler/2021.3.0/linux/include
 /home/qianrui/gnucompile/g_gsl-2.6/include
 /home/qianrui/gnucompile/g_gsl-2.6/include
 /opt/intel/oneapi/compiler/2021.3.0/linux/bin/intel64/../../compiler/include/intel64
 /opt/intel/oneapi/compiler/2021.3.0/linux/bin/intel64/../../compiler/include/icc
 /opt/intel/oneapi/compiler/2021.3.0/linux/bin/intel64/../../compiler/include
 /usr/include/c++/5.4.0
 /usr/include/c++/5.4.0/backward
 /usr/local/include
 /usr/lib/gcc/x86_64-linux-gnu/5/include
 /usr/lib/gcc/x86_64-linux-gnu/5/include-fixed
 /usr/include/
 /usr/include
 /usr/include/x86_64-linux-gnu
 /usr/include/x86_64-linux-gnu/c++/5.4.0
End of search list.
Linking CXX executable cmTC_2167f
/usr/local/bin/cmake -E cmake_link_script CMakeFiles/cmTC_2167f.dir/link.txt --verbose=1
/opt/intel/oneapi/compiler/2021.3.0/linux/bin/intel64/icpc  -v -rdynamic CMakeFiles/cmTC_2167f.dir/CMakeCXXCompilerABI.cpp.o -o cmTC_2167f 
icpc version 2021.3.0 (gcc version 5.4.0 compatibility)
/opt/intel/oneapi/compiler/2021.3.0/linux/bin/intel64/../../bin/intel64/mcpcom    -mGLOB_em64t=TRUE -mP1OPT_version=2021.3.0-intel64 -mGLOB_diag_file=CMakeFiles/cmTC_2167f.dir/CMakeCXXCompilerABI.cpp.diag -mGLOB_long_size_64 -mGLOB_routine_pointer_size_64 -mP1OPT_print_version=FALSE -mCG_use_gas_got_workaround=F -mP2OPT_align_option_used=TRUE -mGLOB_gcc_version=540 "-mGLOB_options_string=-v -rdynamic -o cmTC_2167f" -mGLOB_cxx_limited_range=FALSE -mCG_extend_parms=FALSE -mGLOB_compiler_bin_directory=/opt/intel/oneapi/compiler/2021.3.0/linux/bin/intel64/../../bin/intel64 -mGLOB_as_output_backup_file_name=/tmp/icpcmH9htBas_.s -mGLOB_dashboard_use_source_name -mIPOPT_activate -mGLOB_product_id_code=0x22006d90 -mP3OPT_use_mspp_call_convention -mP2OPT_subs_out_of_bound=FALSE -mP2OPT_disam_type_based_disam=2 -mP2OPT_disam_assume_ansi_c -mP2OPT_checked_disam_ansi_alias=TRUE -mGLOB_ansi_alias -mPGOPTI_value_profile_use=T -mGLOB_opt_report_use_source_name -mP2OPT_il0_array_sections=TRUE -mGLOB_offload_mode=1 -mGLOB_offload_no_openmp=TRUE -mP2OPT_offload_unique_var_string=icpc1852303678zzFYPl -mP2OPT_hlo -mP2OPT_hpo_rtt_control=0 -mIPOPT_args_in_regs=0 -mP2OPT_disam_assume_nonstd_intent_in=FALSE -mGLOB_imf_mapping_library=/opt/intel/oneapi/compiler/2021.3.0/linux/bin/intel64/../../bin/intel64/libiml_attr.so -mPGOPTI_gen_threadsafe_level=0 -mIPOPT_link -mIPOPT_ipo_activate -mIPOPT_mo_activate -mIPOPT_source_files_list=/tmp/icpcslisOb6aYm -mIPOPT_mo_global_data -mIPOPT_link_script_file=/tmp/icpcscriptDAiJdZ "-mIPOPT_cmdline_link="/usr/lib/gcc/x86_64-linux-gnu/5/../../../x86_64-linux-gnu/crt1.o" "/usr/lib/gcc/x86_64-linux-gnu/5/../../../x86_64-linux-gnu/crti.o" "/usr/lib/gcc/x86_64-linux-gnu/5/crtbegin.o" "-export-dynamic" "--eh-frame-hdr" "--build-id" "-dynamic-linker" "/lib64/ld-linux-x86-64.so.2" "-m" "elf_x86_64" "-o" "cmTC_2167f" "-L/opt/intel/oneapi/mpi/2021.3.0//libfabric/lib" "-L/opt/intel/oneapi/mpi/2021.3.0//lib/release" "-L/opt/intel/oneapi/mpi/2021.3.0//lib" "-L/opt/intel/oneapi/mkl/2021.3.0/lib/intel64" "-L/opt/intel/oneapi/compiler/2021.3.0/linux/compiler/lib/intel64_lin" "-L/opt/intel/oneapi/compiler/2021.3.0/linux/lib" "-L/opt/intel/oneapi/mpi/2021.3.0//libfabric/lib" "-L/opt/intel/oneapi/mpi/2021.3.0//lib/release" "-L/opt/intel/oneapi/mpi/2021.3.0//lib" "-L/opt/intel/oneapi/mkl/2021.3.0/lib/intel64" "-L/opt/intel/oneapi/compiler/2021.3.0/linux/compiler/lib/intel64_lin" "-L/opt/intel/oneapi/compiler/2021.3.0/linux/lib" "-L/home/qianrui/gnucompile/g_gsl-2.6/lib" "-L/opt/intel/composer_xe_2013_sp1.3.174/mkl/lib/intel64" "-L/usr/local/lib" "-L/home/qianrui/gnucompile/g_gsl-2.6/lib" "-L/opt/intel/composer_xe_2013_sp1.3.174/mkl/lib/intel64" "-L/usr/local/lib" "-L/opt/intel/oneapi/compiler/2021.3.0/linux/bin/intel64/../../compiler/lib/intel64_lin" "-L/opt/intel/oneapi/mpi/2021.3.0//libfabric/lib/../lib/" "-L/opt/intel/oneapi/mpi/2021.3.0//lib/../lib/" "-L/opt/intel/oneapi/compiler/2021.3.0/linux/lib/../lib/" "-L/home/qianrui/gnucompile/g_gsl-2.6/lib/../lib/" "-L/usr/local/lib/../lib/" "-L/usr/lib/gcc/x86_64-linux-gnu/5/" "-L/usr/lib/gcc/x86_64-linux-gnu/5/../../../x86_64-linux-gnu/" "-L/usr/lib/gcc/x86_64-linux-gnu/5/../../../../lib64" "-L/usr/lib/gcc/x86_64-linux-gnu/5/../../../../lib/" "-L/lib/x86_64-linux-gnu/" "-L/lib/../lib64" "-L/lib/../lib/" "-L/usr/lib/x86_64-linux-gnu/" "-L/usr/lib/../lib64" "-L/usr/lib/../lib/" "-L/opt/intel/oneapi/mpi/2021.3.0//libfabric/lib/" "-L/opt/intel/oneapi/mpi/2021.3.0//lib/release/" "-L/opt/intel/oneapi/mpi/2021.3.0//lib/" "-L/opt/intel/oneapi/mkl/2021.3.0/lib/intel64/" "-L/opt/intel/oneapi/compiler/2021.3.0/linux/compiler/lib/intel64_lin/" "-L/opt/intel/oneapi/compiler/2021.3.0/linux/lib/" "-L/home/qianrui/gnucompile/g_gsl-2.6/lib/" "-L/opt/intel/composer_xe_2013_sp1.3.174/mkl/lib/intel64/" "-L/usr/local/lib/" "-L/usr/lib/gcc/x86_64-linux-gnu/5/../../../" "-L/lib64" "-L/lib/" "-L/usr/lib64" "-L/usr/lib" "CMakeFiles/cmTC_2167f.dir/CMakeCXXCompilerABI.cpp.o" "-Bdynamic" "-Bstatic" "-limf" "-lsvml" "-lirng" "-Bdynamic" "-lstdc++" "-lm" "-Bstatic" "-lipgo" "-ldecimal" "--as-needed" "-Bdynamic" "-lcilkrts" "--no-as-needed" "-lstdc++" "-lgcc" "--as-needed" "-lgcc_s" "--no-as-needed" "-Bstatic" "-lirc" "-lsvml" "-Bdynamic" "-lc" "-lgcc" "--as-needed" "-lgcc_s" "--no-as-needed" "-Bstatic" "-lirc_s" "-Bdynamic" "-ldl" "-lc" "/usr/lib/gcc/x86_64-linux-gnu/5/crtend.o" "/usr/lib/gcc/x86_64-linux-gnu/5/../../../x86_64-linux-gnu/crtn.o"" -mIPOPT_il_in_obj -mIPOPT_ipo_activate_warn=FALSE -mIPOPT_obj_output_file_name=/tmp/ipo_icpcI0T0sF.o -mIPOPT_whole_archive_fixup_file_name=/tmp/icpcwarchoTZz0P -mGLOB_linker_version=2.26.1 -mGLOB_linker=ld -mGLOB_driver_tempfile_name=/tmp/icpctempfileBi9iis -mP3OPT_asm_target=P3OPT_ASM_TARGET_GAS -mGLOB_async_unwind_tables=TRUE -mGLOB_obj_output_file=/tmp/ipo_icpcI0T0sF.o -mGLOB_source_dialect=GLOB_SOURCE_DIALECT_NONE -mP1OPT_source_file_name=ipo_out.c CMakeFiles/cmTC_2167f.dir/CMakeCXXCompilerABI.cpp.o -mIPOPT_object_files=T -mIPOPT_assembly_files=/tmp/icpcalisECD2XT -mIPOPT_generated_tempfiles=/tmp/icpcelisJX7ydw -mIPOPT_embedded_object_base_name=/tmp/icpceobj2YZ5s8 -mIPOPT_cmdline_link_new_name=/tmp/icpcllisBtlDIK
ld    /usr/lib/gcc/x86_64-linux-gnu/5/../../../x86_64-linux-gnu/crt1.o /usr/lib/gcc/x86_64-linux-gnu/5/../../../x86_64-linux-gnu/crti.o /usr/lib/gcc/x86_64-linux-gnu/5/crtbegin.o -export-dynamic --eh-frame-hdr --build-id -dynamic-linker /lib64/ld-linux-x86-64.so.2 -m elf_x86_64 -o cmTC_2167f -L/opt/intel/oneapi/mpi/2021.3.0//libfabric/lib -L/opt/intel/oneapi/mpi/2021.3.0//lib/release -L/opt/intel/oneapi/mpi/2021.3.0//lib -L/opt/intel/oneapi/mkl/2021.3.0/lib/intel64 -L/opt/intel/oneapi/compiler/2021.3.0/linux/compiler/lib/intel64_lin -L/opt/intel/oneapi/compiler/2021.3.0/linux/lib -L/opt/intel/oneapi/mpi/2021.3.0//libfabric/lib -L/opt/intel/oneapi/mpi/2021.3.0//lib/release -L/opt/intel/oneapi/mpi/2021.3.0//lib -L/opt/intel/oneapi/mkl/2021.3.0/lib/intel64 -L/opt/intel/oneapi/compiler/2021.3.0/linux/compiler/lib/intel64_lin -L/opt/intel/oneapi/compiler/2021.3.0/linux/lib -L/home/qianrui/gnucompile/g_gsl-2.6/lib -L/opt/intel/composer_xe_2013_sp1.3.174/mkl/lib/intel64 -L/usr/local/lib -L/home/qianrui/gnucompile/g_gsl-2.6/lib -L/opt/intel/composer_xe_2013_sp1.3.174/mkl/lib/intel64 -L/usr/local/lib -L/opt/intel/oneapi/compiler/2021.3.0/linux/bin/intel64/../../compiler/lib/intel64_lin -L/opt/intel/oneapi/mpi/2021.3.0//libfabric/lib/../lib/ -L/opt/intel/oneapi/mpi/2021.3.0//lib/../lib/ -L/opt/intel/oneapi/compiler/2021.3.0/linux/lib/../lib/ -L/home/qianrui/gnucompile/g_gsl-2.6/lib/../lib/ -L/usr/local/lib/../lib/ -L/usr/lib/gcc/x86_64-linux-gnu/5/ -L/usr/lib/gcc/x86_64-linux-gnu/5/../../../x86_64-linux-gnu/ -L/usr/lib/gcc/x86_64-linux-gnu/5/../../../../lib64 -L/usr/lib/gcc/x86_64-linux-gnu/5/../../../../lib/ -L/lib/x86_64-linux-gnu/ -L/lib/../lib64 -L/lib/../lib/ -L/usr/lib/x86_64-linux-gnu/ -L/usr/lib/../lib64 -L/usr/lib/../lib/ -L/opt/intel/oneapi/mpi/2021.3.0//libfabric/lib/ -L/opt/intel/oneapi/mpi/2021.3.0//lib/release/ -L/opt/intel/oneapi/mpi/2021.3.0//lib/ -L/opt/intel/oneapi/mkl/2021.3.0/lib/intel64/ -L/opt/intel/oneapi/compiler/2021.3.0/linux/compiler/lib/intel64_lin/ -L/opt/intel/oneapi/compiler/2021.3.0/linux/lib/ -L/home/qianrui/gnucompile/g_gsl-2.6/lib/ -L/opt/intel/composer_xe_2013_sp1.3.174/mkl/lib/intel64/ -L/usr/local/lib/ -L/usr/lib/gcc/x86_64-linux-gnu/5/../../../ -L/lib64 -L/lib/ -L/usr/lib64 -L/usr/lib CMakeFiles/cmTC_2167f.dir/CMakeCXXCompilerABI.cpp.o -Bdynamic -Bstatic -limf -lsvml -lirng -Bdynamic -lstdc++ -lm -Bstatic -lipgo -ldecimal --as-needed -Bdynamic -lcilkrts --no-as-needed -lstdc++ -lgcc --as-needed -lgcc_s --no-as-needed -Bstatic -lirc -lsvml -Bdynamic -lc -lgcc --as-needed -lgcc_s --no-as-needed -Bstatic -lirc_s -Bdynamic -ldl -lc /usr/lib/gcc/x86_64-linux-gnu/5/crtend.o /usr/lib/gcc/x86_64-linux-gnu/5/../../../x86_64-linux-gnu/crtn.o
make[1]: Leaving directory '/home/qianrui/github/reconstruction/abacus-develop/source/build/CMakeFiles/CMakeTmp'



Parsed CXX implicit include dir info from above output: rv=done
  found start of include info
  found start of implicit include info
    add: [/opt/intel/oneapi/mpi/2021.3.0//include]
    add: [/opt/intel/oneapi/mkl/2021.3.0/include]
    add: [/opt/intel/oneapi/compiler/2021.3.0/linux/include]
    add: [/opt/intel/oneapi/mpi/2021.3.0//include]
    add: [/opt/intel/oneapi/mkl/2021.3.0/include]
    add: [/opt/intel/oneapi/compiler/2021.3.0/linux/include]
    add: [/home/qianrui/gnucompile/g_gsl-2.6/include]
    add: [/home/qianrui/gnucompile/g_gsl-2.6/include]
    add: [/opt/intel/oneapi/compiler/2021.3.0/linux/bin/intel64/../../compiler/include/intel64]
    add: [/opt/intel/oneapi/compiler/2021.3.0/linux/bin/intel64/../../compiler/include/icc]
    add: [/opt/intel/oneapi/compiler/2021.3.0/linux/bin/intel64/../../compiler/include]
    add: [/usr/include/c++/5.4.0]
    add: [/usr/include/c++/5.4.0/backward]
    add: [/usr/local/include]
    add: [/usr/lib/gcc/x86_64-linux-gnu/5/include]
    add: [/usr/lib/gcc/x86_64-linux-gnu/5/include-fixed]
    add: [/usr/include/]
    add: [/usr/include]
    add: [/usr/include/x86_64-linux-gnu]
    add: [/usr/include/x86_64-linux-gnu/c++/5.4.0]
  end of search list found
  collapse include dir [/opt/intel/oneapi/mpi/2021.3.0//include] ==> [/opt/intel/oneapi/mpi/2021.3.0/include]
  collapse include dir [/opt/intel/oneapi/mkl/2021.3.0/include] ==> [/opt/intel/oneapi/mkl/2021.3.0/include]
  collapse include dir [/opt/intel/oneapi/compiler/2021.3.0/linux/include] ==> [/opt/intel/oneapi/compiler/2021.3.0/linux/include]
  collapse include dir [/opt/intel/oneapi/mpi/2021.3.0//include] ==> [/opt/intel/oneapi/mpi/2021.3.0/include]
  collapse include dir [/opt/intel/oneapi/mkl/2021.3.0/include] ==> [/opt/intel/oneapi/mkl/2021.3.0/include]
  collapse include dir [/opt/intel/oneapi/compiler/2021.3.0/linux/include] ==> [/opt/intel/oneapi/compiler/2021.3.0/linux/include]
  collapse include dir [/home/qianrui/gnucompile/g_gsl-2.6/include] ==> [/home/qianrui/gnucompile/g_gsl-2.6/include]
  collapse include dir [/home/qianrui/gnucompile/g_gsl-2.6/include] ==> [/home/qianrui/gnucompile/g_gsl-2.6/include]
  collapse include dir [/opt/intel/oneapi/compiler/2021.3.0/linux/bin/intel64/../../compiler/include/intel64] ==> [/opt/intel/oneapi/compiler/2021.3.0/linux/compiler/include/intel64]
  collapse include dir [/opt/intel/oneapi/compiler/2021.3.0/linux/bin/intel64/../../compiler/include/icc] ==> [/opt/intel/oneapi/compiler/2021.3.0/linux/compiler/include/icc]
  collapse include dir [/opt/intel/oneapi/compiler/2021.3.0/linux/bin/intel64/../../compiler/include] ==> [/opt/intel/oneapi/compiler/2021.3.0/linux/compiler/include]
  collapse include dir [/usr/include/c++/5.4.0] ==> [/usr/include/c++/5.4.0]
  collapse include dir [/usr/include/c++/5.4.0/backward] ==> [/usr/include/c++/5.4.0/backward]
  collapse include dir [/usr/local/include] ==> [/usr/local/include]
  collapse include dir [/usr/lib/gcc/x86_64-linux-gnu/5/include] ==> [/usr/lib/gcc/x86_64-linux-gnu/5/include]
  collapse include dir [/usr/lib/gcc/x86_64-linux-gnu/5/include-fixed] ==> [/usr/lib/gcc/x86_64-linux-gnu/5/include-fixed]
  collapse include dir [/usr/include/] ==> [/usr/include]
  collapse include dir [/usr/include] ==> [/usr/include]
  collapse include dir [/usr/include/x86_64-linux-gnu] ==> [/usr/include/x86_64-linux-gnu]
  collapse include dir [/usr/include/x86_64-linux-gnu/c++/5.4.0] ==> [/usr/include/x86_64-linux-gnu/c++/5.4.0]
  implicit include dirs: [/opt/intel/oneapi/mpi/2021.3.0/include;/opt/intel/oneapi/mkl/2021.3.0/include;/opt/intel/oneapi/compiler/2021.3.0/linux/include;/home/qianrui/gnucompile/g_gsl-2.6/include;/opt/intel/oneapi/compiler/2021.3.0/linux/compiler/include/intel64;/opt/intel/oneapi/compiler/2021.3.0/linux/compiler/include/icc;/opt/intel/oneapi/compiler/2021.3.0/linux/compiler/include;/usr/include/c++/5.4.0;/usr/include/c++/5.4.0/backward;/usr/local/include;/usr/lib/gcc/x86_64-linux-gnu/5/include;/usr/lib/gcc/x86_64-linux-gnu/5/include-fixed;/usr/include;/usr/include/x86_64-linux-gnu;/usr/include/x86_64-linux-gnu/c++/5.4.0]


Parsed CXX implicit link information from above output:
  link line regex: [^( *|.*[/\])(ld|CMAKE_LINK_STARTFILE-NOTFOUND|([^/\]+-)?ld|collect2)[^/\]*( |$)]
  ignore line: [Change Dir: /home/qianrui/github/reconstruction/abacus-develop/source/build/CMakeFiles/CMakeTmp]
  ignore line: []
  ignore line: [Run Build Command(s):/usr/bin/make -f Makefile cmTC_2167f/fast && /usr/bin/make  -f CMakeFiles/cmTC_2167f.dir/build.make CMakeFiles/cmTC_2167f.dir/build]
  ignore line: [make[1]: Entering directory '/home/qianrui/github/reconstruction/abacus-develop/source/build/CMakeFiles/CMakeTmp']
  ignore line: [Building CXX object CMakeFiles/cmTC_2167f.dir/CMakeCXXCompilerABI.cpp.o]
  ignore line: [/opt/intel/oneapi/compiler/2021.3.0/linux/bin/intel64/icpc   -v -MD -MT CMakeFiles/cmTC_2167f.dir/CMakeCXXCompilerABI.cpp.o -MF CMakeFiles/cmTC_2167f.dir/CMakeCXXCompilerABI.cpp.o.d -o CMakeFiles/cmTC_2167f.dir/CMakeCXXCompilerABI.cpp.o -c /usr/local/share/cmake-3.20/Modules/CMakeCXXCompilerABI.cpp]
  ignore line: [icpc version 2021.3.0 (gcc version 5.4.0 compatibility)]
  ignore line: [/opt/intel/oneapi/compiler/2021.3.0/linux/bin/intel64/../../bin/intel64/mcpcom    --target_efi2 --lang=c++ -oCMakeFiles/cmTC_2167f.dir/CMakeCXXCompilerABI.cpp.o -_g -mP3OPT_inline_alloca -D__ICC=2021 -D__INTEL_COMPILER=2021 -D__INTEL_COMPILER_UPDATE=3 -D__PTRDIFF_TYPE__=long "-D__SIZE_TYPE__=unsigned long" -D__WCHAR_TYPE__=int "-D__WINT_TYPE__=unsigned int" "-D__INTMAX_TYPE__=long int" "-D__UINTMAX_TYPE__=long unsigned int" -D__GLIBCXX_TYPE_INT_N_0=__int128 -D__GLIBCXX_BITSIZE_INT_N_0=128 -D__LONG_MAX__=9223372036854775807L -D__QMSPP_ -D__OPTIMIZE__ -D__NO_MATH_INLINES -D__NO_STRING_INLINES -D__GNUC_GNU_INLINE__ -D__GNUG__=5 -D__GNUC__=5 -D__GNUC_MINOR__=4 -D__GNUC_PATCHLEVEL__=0 -D__LP64__ -D_LP64 -D_GNU_SOURCE=1 -D__DEPRECATED=1 -D__GXX_WEAK__=1 -D__GXX_ABI_VERSION=1009 "-D__USER_LABEL_PREFIX__= " -D__REGISTER_PREFIX__= -D__INTEL_RTTI__ -D__EXCEPTIONS=1 -D__unix__ -D__unix -D__linux__ -D__linux -D__gnu_linux__ -B -Dunix -Dlinux "-_Asystem(unix)" -D__ELF__ -D__x86_64 -D__x86_64__ -D__amd64 -D__amd64__ "-_Acpu(x86_64)" "-_Amachine(x86_64)" -D__INTEL_COMPILER_BUILD_DATE=20210609 -D__INTEL_OFFLOAD -D__MMX__ -D__SSE__ -D__SSE_MATH__ -D__SSE2__ -D__SSE2_MATH__ -D__pentium4 -D__pentium4__ -D__tune_pentium4__ -_k -_8 -_l --has_new_stdarg_support -_a -_b --gnu_version=50400 -_W5 -p --bool -tused -x --openmp_simd --noopenmp_offload --dependency_file_name CMakeFiles/cmTC_2167f.dir/CMakeCXXCompilerABI.cpp.o.d --compile_dependencies --dependency_target_name CMakeFiles/cmTC_2167f.dir/CMakeCXXCompilerABI.cpp.o --multibyte_chars -mGLOB_diag_suppress_sys --system_preinclude /usr/include/stdc-predef.h -I/opt/intel/oneapi/mpi/2021.3.0//include -I/opt/intel/oneapi/mkl/2021.3.0/include -I/opt/intel/oneapi/compiler/2021.3.0/linux/include -I/opt/intel/oneapi/mpi/2021.3.0//include -I/opt/intel/oneapi/mkl/2021.3.0/include -I/opt/intel/oneapi/compiler/2021.3.0/linux/include --array_section --simd --simd_func --offload_mode=1 --offload_target_names=mic MIC --offload_unique_string=icpc0970914651yM61df --bool -mGLOB_em64t=TRUE -mP1OPT_version=2021.3.0-intel64 -mGLOB_diag_file=CMakeFiles/cmTC_2167f.dir/CMakeCXXCompilerABI.cpp.diag -mGLOB_long_size_64 -mGLOB_routine_pointer_size_64 -mP1OPT_print_version=FALSE -mCG_use_gas_got_workaround=F -mP2OPT_align_option_used=TRUE -mGLOB_gcc_version=540 "-mGLOB_options_string=-v -MD -MT CMakeFiles/cmTC_2167f.dir/CMakeCXXCompilerABI.cpp.o -MF CMakeFiles/cmTC_2167f.dir/CMakeCXXCompilerABI.cpp.o.d -o CMakeFiles/cmTC_2167f.dir/CMakeCXXCompilerABI.cpp.o -c" -mGLOB_cxx_limited_range=FALSE -mCG_extend_parms=FALSE -mGLOB_compiler_bin_directory=/opt/intel/oneapi/compiler/2021.3.0/linux/bin/intel64/../../bin/intel64 -mGLOB_as_output_backup_file_name=/tmp/icpcUWU294as_.s -mIPOPT_activate -mIPOPT_lite -mGLOB_uarch_tuning=0x0 -mGLOB_product_id_code=0x22006d90 -mCG_bnl_movbe=T -mP3OPT_use_mspp_call_convention -mP2OPT_subs_out_of_bound=FALSE -mP2OPT_disam_type_based_disam=2 -mP2OPT_disam_assume_ansi_c -mP2OPT_checked_disam_ansi_alias=TRUE -mGLOB_ansi_alias -mPGOPTI_value_profile_use=T -mP2OPT_il0_array_sections=TRUE -mGLOB_offload_mode=1 -mGLOB_offload_no_openmp=TRUE -mP2OPT_offload_unique_var_string=icpc0970914651yM61df -mP2OPT_hlo_level=2 -mP2OPT_hlo -mP2OPT_hpo_rtt_control=0 -mIPOPT_args_in_regs=0 -mP2OPT_disam_assume_nonstd_intent_in=FALSE -mGLOB_imf_mapping_library=/opt/intel/oneapi/compiler/2021.3.0/linux/bin/intel64/../../bin/intel64/libiml_attr.so -mPGOPTI_gen_threadsafe_level=0 -mIPOPT_lto_object_enabled -mIPOPT_lto_object_value=1 -mIPOPT_obj_output_file_name=CMakeFiles/cmTC_2167f.dir/CMakeCXXCompilerABI.cpp.o -mIPOPT_whole_archive_fixup_file_name=/tmp/icpcwarchojCu9i -mGLOB_linker_version=2.26.1 -mGLOB_linker=ld -mGLOB_driver_tempfile_name=/tmp/icpctempfileIQIy9U -mP3OPT_asm_target=P3OPT_ASM_TARGET_GAS -mGLOB_async_unwind_tables=TRUE -mGLOB_obj_output_file=CMakeFiles/cmTC_2167f.dir/CMakeCXXCompilerABI.cpp.o -mGLOB_source_dialect=GLOB_SOURCE_DIALECT_C_PLUS_PLUS -mP1OPT_source_file_name=/usr/local/share/cmake-3.20/Modules/CMakeCXXCompilerABI.cpp -mP1OPT_full_source_file_name=/usr/local/share/cmake-3.20/Modules/CMakeCXXCompilerABI.cpp -mGLOB_eh_linux /usr/local/share/cmake-3.20/Modules/CMakeCXXCompilerABI.cpp]
  ignore line: [#include "..." search starts here:]
  ignore line: [#include <...> search starts here:]
  ignore line: [ /opt/intel/oneapi/mpi/2021.3.0//include]
  ignore line: [ /opt/intel/oneapi/mkl/2021.3.0/include]
  ignore line: [ /opt/intel/oneapi/compiler/2021.3.0/linux/include]
  ignore line: [ /opt/intel/oneapi/mpi/2021.3.0//include]
  ignore line: [ /opt/intel/oneapi/mkl/2021.3.0/include]
  ignore line: [ /opt/intel/oneapi/compiler/2021.3.0/linux/include]
  ignore line: [ /home/qianrui/gnucompile/g_gsl-2.6/include]
  ignore line: [ /home/qianrui/gnucompile/g_gsl-2.6/include]
  ignore line: [ /opt/intel/oneapi/compiler/2021.3.0/linux/bin/intel64/../../compiler/include/intel64]
  ignore line: [ /opt/intel/oneapi/compiler/2021.3.0/linux/bin/intel64/../../compiler/include/icc]
  ignore line: [ /opt/intel/oneapi/compiler/2021.3.0/linux/bin/intel64/../../compiler/include]
  ignore line: [ /usr/include/c++/5.4.0]
  ignore line: [ /usr/include/c++/5.4.0/backward]
  ignore line: [ /usr/local/include]
  ignore line: [ /usr/lib/gcc/x86_64-linux-gnu/5/include]
  ignore line: [ /usr/lib/gcc/x86_64-linux-gnu/5/include-fixed]
  ignore line: [ /usr/include/]
  ignore line: [ /usr/include]
  ignore line: [ /usr/include/x86_64-linux-gnu]
  ignore line: [ /usr/include/x86_64-linux-gnu/c++/5.4.0]
  ignore line: [End of search list.]
  ignore line: [Linking CXX executable cmTC_2167f]
  ignore line: [/usr/local/bin/cmake -E cmake_link_script CMakeFiles/cmTC_2167f.dir/link.txt --verbose=1]
  ignore line: [/opt/intel/oneapi/compiler/2021.3.0/linux/bin/intel64/icpc  -v -rdynamic CMakeFiles/cmTC_2167f.dir/CMakeCXXCompilerABI.cpp.o -o cmTC_2167f ]
  ignore line: [icpc version 2021.3.0 (gcc version 5.4.0 compatibility)]
  ignore line: [/opt/intel/oneapi/compiler/2021.3.0/linux/bin/intel64/../../bin/intel64/mcpcom    -mGLOB_em64t=TRUE -mP1OPT_version=2021.3.0-intel64 -mGLOB_diag_file=CMakeFiles/cmTC_2167f.dir/CMakeCXXCompilerABI.cpp.diag -mGLOB_long_size_64 -mGLOB_routine_pointer_size_64 -mP1OPT_print_version=FALSE -mCG_use_gas_got_workaround=F -mP2OPT_align_option_used=TRUE -mGLOB_gcc_version=540 "-mGLOB_options_string=-v -rdynamic -o cmTC_2167f" -mGLOB_cxx_limited_range=FALSE -mCG_extend_parms=FALSE -mGLOB_compiler_bin_directory=/opt/intel/oneapi/compiler/2021.3.0/linux/bin/intel64/../../bin/intel64 -mGLOB_as_output_backup_file_name=/tmp/icpcmH9htBas_.s -mGLOB_dashboard_use_source_name -mIPOPT_activate -mGLOB_product_id_code=0x22006d90 -mP3OPT_use_mspp_call_convention -mP2OPT_subs_out_of_bound=FALSE -mP2OPT_disam_type_based_disam=2 -mP2OPT_disam_assume_ansi_c -mP2OPT_checked_disam_ansi_alias=TRUE -mGLOB_ansi_alias -mPGOPTI_value_profile_use=T -mGLOB_opt_report_use_source_name -mP2OPT_il0_array_sections=TRUE -mGLOB_offload_mode=1 -mGLOB_offload_no_openmp=TRUE -mP2OPT_offload_unique_var_string=icpc1852303678zzFYPl -mP2OPT_hlo -mP2OPT_hpo_rtt_control=0 -mIPOPT_args_in_regs=0 -mP2OPT_disam_assume_nonstd_intent_in=FALSE -mGLOB_imf_mapping_library=/opt/intel/oneapi/compiler/2021.3.0/linux/bin/intel64/../../bin/intel64/libiml_attr.so -mPGOPTI_gen_threadsafe_level=0 -mIPOPT_link -mIPOPT_ipo_activate -mIPOPT_mo_activate -mIPOPT_source_files_list=/tmp/icpcslisOb6aYm -mIPOPT_mo_global_data -mIPOPT_link_script_file=/tmp/icpcscriptDAiJdZ "-mIPOPT_cmdline_link="/usr/lib/gcc/x86_64-linux-gnu/5/../../../x86_64-linux-gnu/crt1.o" "/usr/lib/gcc/x86_64-linux-gnu/5/../../../x86_64-linux-gnu/crti.o" "/usr/lib/gcc/x86_64-linux-gnu/5/crtbegin.o" "-export-dynamic" "--eh-frame-hdr" "--build-id" "-dynamic-linker" "/lib64/ld-linux-x86-64.so.2" "-m" "elf_x86_64" "-o" "cmTC_2167f" "-L/opt/intel/oneapi/mpi/2021.3.0//libfabric/lib" "-L/opt/intel/oneapi/mpi/2021.3.0//lib/release" "-L/opt/intel/oneapi/mpi/2021.3.0//lib" "-L/opt/intel/oneapi/mkl/2021.3.0/lib/intel64" "-L/opt/intel/oneapi/compiler/2021.3.0/linux/compiler/lib/intel64_lin" "-L/opt/intel/oneapi/compiler/2021.3.0/linux/lib" "-L/opt/intel/oneapi/mpi/2021.3.0//libfabric/lib" "-L/opt/intel/oneapi/mpi/2021.3.0//lib/release" "-L/opt/intel/oneapi/mpi/2021.3.0//lib" "-L/opt/intel/oneapi/mkl/2021.3.0/lib/intel64" "-L/opt/intel/oneapi/compiler/2021.3.0/linux/compiler/lib/intel64_lin" "-L/opt/intel/oneapi/compiler/2021.3.0/linux/lib" "-L/home/qianrui/gnucompile/g_gsl-2.6/lib" "-L/opt/intel/composer_xe_2013_sp1.3.174/mkl/lib/intel64" "-L/usr/local/lib" "-L/home/qianrui/gnucompile/g_gsl-2.6/lib" "-L/opt/intel/composer_xe_2013_sp1.3.174/mkl/lib/intel64" "-L/usr/local/lib" "-L/opt/intel/oneapi/compiler/2021.3.0/linux/bin/intel64/../../compiler/lib/intel64_lin" "-L/opt/intel/oneapi/mpi/2021.3.0//libfabric/lib/../lib/" "-L/opt/intel/oneapi/mpi/2021.3.0//lib/../lib/" "-L/opt/intel/oneapi/compiler/2021.3.0/linux/lib/../lib/" "-L/home/qianrui/gnucompile/g_gsl-2.6/lib/../lib/" "-L/usr/local/lib/../lib/" "-L/usr/lib/gcc/x86_64-linux-gnu/5/" "-L/usr/lib/gcc/x86_64-linux-gnu/5/../../../x86_64-linux-gnu/" "-L/usr/lib/gcc/x86_64-linux-gnu/5/../../../../lib64" "-L/usr/lib/gcc/x86_64-linux-gnu/5/../../../../lib/" "-L/lib/x86_64-linux-gnu/" "-L/lib/../lib64" "-L/lib/../lib/" "-L/usr/lib/x86_64-linux-gnu/" "-L/usr/lib/../lib64" "-L/usr/lib/../lib/" "-L/opt/intel/oneapi/mpi/2021.3.0//libfabric/lib/" "-L/opt/intel/oneapi/mpi/2021.3.0//lib/release/" "-L/opt/intel/oneapi/mpi/2021.3.0//lib/" "-L/opt/intel/oneapi/mkl/2021.3.0/lib/intel64/" "-L/opt/intel/oneapi/compiler/2021.3.0/linux/compiler/lib/intel64_lin/" "-L/opt/intel/oneapi/compiler/2021.3.0/linux/lib/" "-L/home/qianrui/gnucompile/g_gsl-2.6/lib/" "-L/opt/intel/composer_xe_2013_sp1.3.174/mkl/lib/intel64/" "-L/usr/local/lib/" "-L/usr/lib/gcc/x86_64-linux-gnu/5/../../../" "-L/lib64" "-L/lib/" "-L/usr/lib64" "-L/usr/lib" "CMakeFiles/cmTC_2167f.dir/CMakeCXXCompilerABI.cpp.o" "-Bdynamic" "-Bstatic" "-limf" "-lsvml" "-lirng" "-Bdynamic" "-lstdc++" "-lm" "-Bstatic" "-lipgo" "-ldecimal" "--as-needed" "-Bdynamic" "-lcilkrts" "--no-as-needed" "-lstdc++" "-lgcc" "--as-needed" "-lgcc_s" "--no-as-needed" "-Bstatic" "-lirc" "-lsvml" "-Bdynamic" "-lc" "-lgcc" "--as-needed" "-lgcc_s" "--no-as-needed" "-Bstatic" "-lirc_s" "-Bdynamic" "-ldl" "-lc" "/usr/lib/gcc/x86_64-linux-gnu/5/crtend.o" "/usr/lib/gcc/x86_64-linux-gnu/5/../../../x86_64-linux-gnu/crtn.o"" -mIPOPT_il_in_obj -mIPOPT_ipo_activate_warn=FALSE -mIPOPT_obj_output_file_name=/tmp/ipo_icpcI0T0sF.o -mIPOPT_whole_archive_fixup_file_name=/tmp/icpcwarchoTZz0P -mGLOB_linker_version=2.26.1 -mGLOB_linker=ld -mGLOB_driver_tempfile_name=/tmp/icpctempfileBi9iis -mP3OPT_asm_target=P3OPT_ASM_TARGET_GAS -mGLOB_async_unwind_tables=TRUE -mGLOB_obj_output_file=/tmp/ipo_icpcI0T0sF.o -mGLOB_source_dialect=GLOB_SOURCE_DIALECT_NONE -mP1OPT_source_file_name=ipo_out.c CMakeFiles/cmTC_2167f.dir/CMakeCXXCompilerABI.cpp.o -mIPOPT_object_files=T -mIPOPT_assembly_files=/tmp/icpcalisECD2XT -mIPOPT_generated_tempfiles=/tmp/icpcelisJX7ydw -mIPOPT_embedded_object_base_name=/tmp/icpceobj2YZ5s8 -mIPOPT_cmdline_link_new_name=/tmp/icpcllisBtlDIK]
  link line: [ld    /usr/lib/gcc/x86_64-linux-gnu/5/../../../x86_64-linux-gnu/crt1.o /usr/lib/gcc/x86_64-linux-gnu/5/../../../x86_64-linux-gnu/crti.o /usr/lib/gcc/x86_64-linux-gnu/5/crtbegin.o -export-dynamic --eh-frame-hdr --build-id -dynamic-linker /lib64/ld-linux-x86-64.so.2 -m elf_x86_64 -o cmTC_2167f -L/opt/intel/oneapi/mpi/2021.3.0//libfabric/lib -L/opt/intel/oneapi/mpi/2021.3.0//lib/release -L/opt/intel/oneapi/mpi/2021.3.0//lib -L/opt/intel/oneapi/mkl/2021.3.0/lib/intel64 -L/opt/intel/oneapi/compiler/2021.3.0/linux/compiler/lib/intel64_lin -L/opt/intel/oneapi/compiler/2021.3.0/linux/lib -L/opt/intel/oneapi/mpi/2021.3.0//libfabric/lib -L/opt/intel/oneapi/mpi/2021.3.0//lib/release -L/opt/intel/oneapi/mpi/2021.3.0//lib -L/opt/intel/oneapi/mkl/2021.3.0/lib/intel64 -L/opt/intel/oneapi/compiler/2021.3.0/linux/compiler/lib/intel64_lin -L/opt/intel/oneapi/compiler/2021.3.0/linux/lib -L/home/qianrui/gnucompile/g_gsl-2.6/lib -L/opt/intel/composer_xe_2013_sp1.3.174/mkl/lib/intel64 -L/usr/local/lib -L/home/qianrui/gnucompile/g_gsl-2.6/lib -L/opt/intel/composer_xe_2013_sp1.3.174/mkl/lib/intel64 -L/usr/local/lib -L/opt/intel/oneapi/compiler/2021.3.0/linux/bin/intel64/../../compiler/lib/intel64_lin -L/opt/intel/oneapi/mpi/2021.3.0//libfabric/lib/../lib/ -L/opt/intel/oneapi/mpi/2021.3.0//lib/../lib/ -L/opt/intel/oneapi/compiler/2021.3.0/linux/lib/../lib/ -L/home/qianrui/gnucompile/g_gsl-2.6/lib/../lib/ -L/usr/local/lib/../lib/ -L/usr/lib/gcc/x86_64-linux-gnu/5/ -L/usr/lib/gcc/x86_64-linux-gnu/5/../../../x86_64-linux-gnu/ -L/usr/lib/gcc/x86_64-linux-gnu/5/../../../../lib64 -L/usr/lib/gcc/x86_64-linux-gnu/5/../../../../lib/ -L/lib/x86_64-linux-gnu/ -L/lib/../lib64 -L/lib/../lib/ -L/usr/lib/x86_64-linux-gnu/ -L/usr/lib/../lib64 -L/usr/lib/../lib/ -L/opt/intel/oneapi/mpi/2021.3.0//libfabric/lib/ -L/opt/intel/oneapi/mpi/2021.3.0//lib/release/ -L/opt/intel/oneapi/mpi/2021.3.0//lib/ -L/opt/intel/oneapi/mkl/2021.3.0/lib/intel64/ -L/opt/intel/oneapi/compiler/2021.3.0/linux/compiler/lib/intel64_lin/ -L/opt/intel/oneapi/compiler/2021.3.0/linux/lib/ -L/home/qianrui/gnucompile/g_gsl-2.6/lib/ -L/opt/intel/composer_xe_2013_sp1.3.174/mkl/lib/intel64/ -L/usr/local/lib/ -L/usr/lib/gcc/x86_64-linux-gnu/5/../../../ -L/lib64 -L/lib/ -L/usr/lib64 -L/usr/lib CMakeFiles/cmTC_2167f.dir/CMakeCXXCompilerABI.cpp.o -Bdynamic -Bstatic -limf -lsvml -lirng -Bdynamic -lstdc++ -lm -Bstatic -lipgo -ldecimal --as-needed -Bdynamic -lcilkrts --no-as-needed -lstdc++ -lgcc --as-needed -lgcc_s --no-as-needed -Bstatic -lirc -lsvml -Bdynamic -lc -lgcc --as-needed -lgcc_s --no-as-needed -Bstatic -lirc_s -Bdynamic -ldl -lc /usr/lib/gcc/x86_64-linux-gnu/5/crtend.o /usr/lib/gcc/x86_64-linux-gnu/5/../../../x86_64-linux-gnu/crtn.o]
    arg [ld] ==> ignore
    arg [/usr/lib/gcc/x86_64-linux-gnu/5/../../../x86_64-linux-gnu/crt1.o] ==> obj [/usr/lib/gcc/x86_64-linux-gnu/5/../../../x86_64-linux-gnu/crt1.o]
    arg [/usr/lib/gcc/x86_64-linux-gnu/5/../../../x86_64-linux-gnu/crti.o] ==> obj [/usr/lib/gcc/x86_64-linux-gnu/5/../../../x86_64-linux-gnu/crti.o]
    arg [/usr/lib/gcc/x86_64-linux-gnu/5/crtbegin.o] ==> obj [/usr/lib/gcc/x86_64-linux-gnu/5/crtbegin.o]
    arg [-export-dynamic] ==> ignore
    arg [--eh-frame-hdr] ==> ignore
    arg [--build-id] ==> ignore
    arg [-dynamic-linker] ==> ignore
    arg [/lib64/ld-linux-x86-64.so.2] ==> ignore
    arg [-m] ==> ignore
    arg [elf_x86_64] ==> ignore
    arg [-o] ==> ignore
    arg [cmTC_2167f] ==> ignore
    arg [-L/opt/intel/oneapi/mpi/2021.3.0//libfabric/lib] ==> dir [/opt/intel/oneapi/mpi/2021.3.0//libfabric/lib]
    arg [-L/opt/intel/oneapi/mpi/2021.3.0//lib/release] ==> dir [/opt/intel/oneapi/mpi/2021.3.0//lib/release]
    arg [-L/opt/intel/oneapi/mpi/2021.3.0//lib] ==> dir [/opt/intel/oneapi/mpi/2021.3.0//lib]
    arg [-L/opt/intel/oneapi/mkl/2021.3.0/lib/intel64] ==> dir [/opt/intel/oneapi/mkl/2021.3.0/lib/intel64]
    arg [-L/opt/intel/oneapi/compiler/2021.3.0/linux/compiler/lib/intel64_lin] ==> dir [/opt/intel/oneapi/compiler/2021.3.0/linux/compiler/lib/intel64_lin]
    arg [-L/opt/intel/oneapi/compiler/2021.3.0/linux/lib] ==> dir [/opt/intel/oneapi/compiler/2021.3.0/linux/lib]
    arg [-L/opt/intel/oneapi/mpi/2021.3.0//libfabric/lib] ==> dir [/opt/intel/oneapi/mpi/2021.3.0//libfabric/lib]
    arg [-L/opt/intel/oneapi/mpi/2021.3.0//lib/release] ==> dir [/opt/intel/oneapi/mpi/2021.3.0//lib/release]
    arg [-L/opt/intel/oneapi/mpi/2021.3.0//lib] ==> dir [/opt/intel/oneapi/mpi/2021.3.0//lib]
    arg [-L/opt/intel/oneapi/mkl/2021.3.0/lib/intel64] ==> dir [/opt/intel/oneapi/mkl/2021.3.0/lib/intel64]
    arg [-L/opt/intel/oneapi/compiler/2021.3.0/linux/compiler/lib/intel64_lin] ==> dir [/opt/intel/oneapi/compiler/2021.3.0/linux/compiler/lib/intel64_lin]
    arg [-L/opt/intel/oneapi/compiler/2021.3.0/linux/lib] ==> dir [/opt/intel/oneapi/compiler/2021.3.0/linux/lib]
    arg [-L/home/qianrui/gnucompile/g_gsl-2.6/lib] ==> dir [/home/qianrui/gnucompile/g_gsl-2.6/lib]
    arg [-L/opt/intel/composer_xe_2013_sp1.3.174/mkl/lib/intel64] ==> dir [/opt/intel/composer_xe_2013_sp1.3.174/mkl/lib/intel64]
    arg [-L/usr/local/lib] ==> dir [/usr/local/lib]
    arg [-L/home/qianrui/gnucompile/g_gsl-2.6/lib] ==> dir [/home/qianrui/gnucompile/g_gsl-2.6/lib]
    arg [-L/opt/intel/composer_xe_2013_sp1.3.174/mkl/lib/intel64] ==> dir [/opt/intel/composer_xe_2013_sp1.3.174/mkl/lib/intel64]
    arg [-L/usr/local/lib] ==> dir [/usr/local/lib]
    arg [-L/opt/intel/oneapi/compiler/2021.3.0/linux/bin/intel64/../../compiler/lib/intel64_lin] ==> dir [/opt/intel/oneapi/compiler/2021.3.0/linux/bin/intel64/../../compiler/lib/intel64_lin]
    arg [-L/opt/intel/oneapi/mpi/2021.3.0//libfabric/lib/../lib/] ==> dir [/opt/intel/oneapi/mpi/2021.3.0//libfabric/lib/../lib/]
    arg [-L/opt/intel/oneapi/mpi/2021.3.0//lib/../lib/] ==> dir [/opt/intel/oneapi/mpi/2021.3.0//lib/../lib/]
    arg [-L/opt/intel/oneapi/compiler/2021.3.0/linux/lib/../lib/] ==> dir [/opt/intel/oneapi/compiler/2021.3.0/linux/lib/../lib/]
    arg [-L/home/qianrui/gnucompile/g_gsl-2.6/lib/../lib/] ==> dir [/home/qianrui/gnucompile/g_gsl-2.6/lib/../lib/]
    arg [-L/usr/local/lib/../lib/] ==> dir [/usr/local/lib/../lib/]
    arg [-L/usr/lib/gcc/x86_64-linux-gnu/5/] ==> dir [/usr/lib/gcc/x86_64-linux-gnu/5/]
    arg [-L/usr/lib/gcc/x86_64-linux-gnu/5/../../../x86_64-linux-gnu/] ==> dir [/usr/lib/gcc/x86_64-linux-gnu/5/../../../x86_64-linux-gnu/]
    arg [-L/usr/lib/gcc/x86_64-linux-gnu/5/../../../../lib64] ==> dir [/usr/lib/gcc/x86_64-linux-gnu/5/../../../../lib64]
    arg [-L/usr/lib/gcc/x86_64-linux-gnu/5/../../../../lib/] ==> dir [/usr/lib/gcc/x86_64-linux-gnu/5/../../../../lib/]
    arg [-L/lib/x86_64-linux-gnu/] ==> dir [/lib/x86_64-linux-gnu/]
    arg [-L/lib/../lib64] ==> dir [/lib/../lib64]
    arg [-L/lib/../lib/] ==> dir [/lib/../lib/]
    arg [-L/usr/lib/x86_64-linux-gnu/] ==> dir [/usr/lib/x86_64-linux-gnu/]
    arg [-L/usr/lib/../lib64] ==> dir [/usr/lib/../lib64]
    arg [-L/usr/lib/../lib/] ==> dir [/usr/lib/../lib/]
    arg [-L/opt/intel/oneapi/mpi/2021.3.0//libfabric/lib/] ==> dir [/opt/intel/oneapi/mpi/2021.3.0//libfabric/lib/]
    arg [-L/opt/intel/oneapi/mpi/2021.3.0//lib/release/] ==> dir [/opt/intel/oneapi/mpi/2021.3.0//lib/release/]
    arg [-L/opt/intel/oneapi/mpi/2021.3.0//lib/] ==> dir [/opt/intel/oneapi/mpi/2021.3.0//lib/]
    arg [-L/opt/intel/oneapi/mkl/2021.3.0/lib/intel64/] ==> dir [/opt/intel/oneapi/mkl/2021.3.0/lib/intel64/]
    arg [-L/opt/intel/oneapi/compiler/2021.3.0/linux/compiler/lib/intel64_lin/] ==> dir [/opt/intel/oneapi/compiler/2021.3.0/linux/compiler/lib/intel64_lin/]
    arg [-L/opt/intel/oneapi/compiler/2021.3.0/linux/lib/] ==> dir [/opt/intel/oneapi/compiler/2021.3.0/linux/lib/]
    arg [-L/home/qianrui/gnucompile/g_gsl-2.6/lib/] ==> dir [/home/qianrui/gnucompile/g_gsl-2.6/lib/]
    arg [-L/opt/intel/composer_xe_2013_sp1.3.174/mkl/lib/intel64/] ==> dir [/opt/intel/composer_xe_2013_sp1.3.174/mkl/lib/intel64/]
    arg [-L/usr/local/lib/] ==> dir [/usr/local/lib/]
    arg [-L/usr/lib/gcc/x86_64-linux-gnu/5/../../../] ==> dir [/usr/lib/gcc/x86_64-linux-gnu/5/../../../]
    arg [-L/lib64] ==> dir [/lib64]
    arg [-L/lib/] ==> dir [/lib/]
    arg [-L/usr/lib64] ==> dir [/usr/lib64]
    arg [-L/usr/lib] ==> dir [/usr/lib]
    arg [CMakeFiles/cmTC_2167f.dir/CMakeCXXCompilerABI.cpp.o] ==> ignore
    arg [-Bdynamic] ==> ignore
    arg [-Bstatic] ==> ignore
    arg [-limf] ==> lib [imf]
    arg [-lsvml] ==> lib [svml]
    arg [-lirng] ==> lib [irng]
    arg [-Bdynamic] ==> ignore
    arg [-lstdc++] ==> lib [stdc++]
    arg [-lm] ==> lib [m]
    arg [-Bstatic] ==> ignore
    arg [-lipgo] ==> lib [ipgo]
    arg [-ldecimal] ==> lib [decimal]
    arg [--as-needed] ==> ignore
    arg [-Bdynamic] ==> ignore
    arg [-lcilkrts] ==> lib [cilkrts]
    arg [--no-as-needed] ==> ignore
    arg [-lstdc++] ==> lib [stdc++]
    arg [-lgcc] ==> lib [gcc]
    arg [--as-needed] ==> ignore
    arg [-lgcc_s] ==> lib [gcc_s]
    arg [--no-as-needed] ==> ignore
    arg [-Bstatic] ==> ignore
    arg [-lirc] ==> lib [irc]
    arg [-lsvml] ==> lib [svml]
    arg [-Bdynamic] ==> ignore
    arg [-lc] ==> lib [c]
    arg [-lgcc] ==> lib [gcc]
    arg [--as-needed] ==> ignore
    arg [-lgcc_s] ==> lib [gcc_s]
    arg [--no-as-needed] ==> ignore
    arg [-Bstatic] ==> ignore
    arg [-lirc_s] ==> lib [irc_s]
    arg [-Bdynamic] ==> ignore
    arg [-ldl] ==> lib [dl]
    arg [-lc] ==> lib [c]
    arg [/usr/lib/gcc/x86_64-linux-gnu/5/crtend.o] ==> obj [/usr/lib/gcc/x86_64-linux-gnu/5/crtend.o]
    arg [/usr/lib/gcc/x86_64-linux-gnu/5/../../../x86_64-linux-gnu/crtn.o] ==> obj [/usr/lib/gcc/x86_64-linux-gnu/5/../../../x86_64-linux-gnu/crtn.o]
  collapse obj [/usr/lib/gcc/x86_64-linux-gnu/5/../../../x86_64-linux-gnu/crt1.o] ==> [/usr/lib/x86_64-linux-gnu/crt1.o]
  collapse obj [/usr/lib/gcc/x86_64-linux-gnu/5/../../../x86_64-linux-gnu/crti.o] ==> [/usr/lib/x86_64-linux-gnu/crti.o]
  collapse obj [/usr/lib/gcc/x86_64-linux-gnu/5/../../../x86_64-linux-gnu/crtn.o] ==> [/usr/lib/x86_64-linux-gnu/crtn.o]
  collapse library dir [/opt/intel/oneapi/mpi/2021.3.0//libfabric/lib] ==> [/opt/intel/oneapi/mpi/2021.3.0/libfabric/lib]
  collapse library dir [/opt/intel/oneapi/mpi/2021.3.0//lib/release] ==> [/opt/intel/oneapi/mpi/2021.3.0/lib/release]
  collapse library dir [/opt/intel/oneapi/mpi/2021.3.0//lib] ==> [/opt/intel/oneapi/mpi/2021.3.0/lib]
  collapse library dir [/opt/intel/oneapi/mkl/2021.3.0/lib/intel64] ==> [/opt/intel/oneapi/mkl/2021.3.0/lib/intel64]
  collapse library dir [/opt/intel/oneapi/compiler/2021.3.0/linux/compiler/lib/intel64_lin] ==> [/opt/intel/oneapi/compiler/2021.3.0/linux/compiler/lib/intel64_lin]
  collapse library dir [/opt/intel/oneapi/compiler/2021.3.0/linux/lib] ==> [/opt/intel/oneapi/compiler/2021.3.0/linux/lib]
  collapse library dir [/opt/intel/oneapi/mpi/2021.3.0//libfabric/lib] ==> [/opt/intel/oneapi/mpi/2021.3.0/libfabric/lib]
  collapse library dir [/opt/intel/oneapi/mpi/2021.3.0//lib/release] ==> [/opt/intel/oneapi/mpi/2021.3.0/lib/release]
  collapse library dir [/opt/intel/oneapi/mpi/2021.3.0//lib] ==> [/opt/intel/oneapi/mpi/2021.3.0/lib]
  collapse library dir [/opt/intel/oneapi/mkl/2021.3.0/lib/intel64] ==> [/opt/intel/oneapi/mkl/2021.3.0/lib/intel64]
  collapse library dir [/opt/intel/oneapi/compiler/2021.3.0/linux/compiler/lib/intel64_lin] ==> [/opt/intel/oneapi/compiler/2021.3.0/linux/compiler/lib/intel64_lin]
  collapse library dir [/opt/intel/oneapi/compiler/2021.3.0/linux/lib] ==> [/opt/intel/oneapi/compiler/2021.3.0/linux/lib]
  collapse library dir [/home/qianrui/gnucompile/g_gsl-2.6/lib] ==> [/home/qianrui/gnucompile/g_gsl-2.6/lib]
  collapse library dir [/opt/intel/composer_xe_2013_sp1.3.174/mkl/lib/intel64] ==> [/opt/intel/composer_xe_2013_sp1.3.174/mkl/lib/intel64]
  collapse library dir [/usr/local/lib] ==> [/usr/local/lib]
  collapse library dir [/home/qianrui/gnucompile/g_gsl-2.6/lib] ==> [/home/qianrui/gnucompile/g_gsl-2.6/lib]
  collapse library dir [/opt/intel/composer_xe_2013_sp1.3.174/mkl/lib/intel64] ==> [/opt/intel/composer_xe_2013_sp1.3.174/mkl/lib/intel64]
  collapse library dir [/usr/local/lib] ==> [/usr/local/lib]
  collapse library dir [/opt/intel/oneapi/compiler/2021.3.0/linux/bin/intel64/../../compiler/lib/intel64_lin] ==> [/opt/intel/oneapi/compiler/2021.3.0/linux/compiler/lib/intel64_lin]
  collapse library dir [/opt/intel/oneapi/mpi/2021.3.0//libfabric/lib/../lib/] ==> [/opt/intel/oneapi/mpi/2021.3.0/libfabric/lib]
  collapse library dir [/opt/intel/oneapi/mpi/2021.3.0//lib/../lib/] ==> [/opt/intel/oneapi/mpi/2021.3.0/lib]
  collapse library dir [/opt/intel/oneapi/compiler/2021.3.0/linux/lib/../lib/] ==> [/opt/intel/oneapi/compiler/2021.3.0/linux/lib]
  collapse library dir [/home/qianrui/gnucompile/g_gsl-2.6/lib/../lib/] ==> [/home/qianrui/gnucompile/g_gsl-2.6/lib]
  collapse library dir [/usr/local/lib/../lib/] ==> [/usr/local/lib]
  collapse library dir [/usr/lib/gcc/x86_64-linux-gnu/5/] ==> [/usr/lib/gcc/x86_64-linux-gnu/5]
  collapse library dir [/usr/lib/gcc/x86_64-linux-gnu/5/../../../x86_64-linux-gnu/] ==> [/usr/lib/x86_64-linux-gnu]
  collapse library dir [/usr/lib/gcc/x86_64-linux-gnu/5/../../../../lib64] ==> [/usr/lib64]
  collapse library dir [/usr/lib/gcc/x86_64-linux-gnu/5/../../../../lib/] ==> [/usr/lib]
  collapse library dir [/lib/x86_64-linux-gnu/] ==> [/lib/x86_64-linux-gnu]
  collapse library dir [/lib/../lib64] ==> [/lib64]
  collapse library dir [/lib/../lib/] ==> [/lib]
  collapse library dir [/usr/lib/x86_64-linux-gnu/] ==> [/usr/lib/x86_64-linux-gnu]
  collapse library dir [/usr/lib/../lib64] ==> [/usr/lib64]
  collapse library dir [/usr/lib/../lib/] ==> [/usr/lib]
  collapse library dir [/opt/intel/oneapi/mpi/2021.3.0//libfabric/lib/] ==> [/opt/intel/oneapi/mpi/2021.3.0/libfabric/lib]
  collapse library dir [/opt/intel/oneapi/mpi/2021.3.0//lib/release/] ==> [/opt/intel/oneapi/mpi/2021.3.0/lib/release]
  collapse library dir [/opt/intel/oneapi/mpi/2021.3.0//lib/] ==> [/opt/intel/oneapi/mpi/2021.3.0/lib]
  collapse library dir [/opt/intel/oneapi/mkl/2021.3.0/lib/intel64/] ==> [/opt/intel/oneapi/mkl/2021.3.0/lib/intel64]
  collapse library dir [/opt/intel/oneapi/compiler/2021.3.0/linux/compiler/lib/intel64_lin/] ==> [/opt/intel/oneapi/compiler/2021.3.0/linux/compiler/lib/intel64_lin]
  collapse library dir [/opt/intel/oneapi/compiler/2021.3.0/linux/lib/] ==> [/opt/intel/oneapi/compiler/2021.3.0/linux/lib]
  collapse library dir [/home/qianrui/gnucompile/g_gsl-2.6/lib/] ==> [/home/qianrui/gnucompile/g_gsl-2.6/lib]
  collapse library dir [/opt/intel/composer_xe_2013_sp1.3.174/mkl/lib/intel64/] ==> [/opt/intel/composer_xe_2013_sp1.3.174/mkl/lib/intel64]
  collapse library dir [/usr/local/lib/] ==> [/usr/local/lib]
  collapse library dir [/usr/lib/gcc/x86_64-linux-gnu/5/../../../] ==> [/usr/lib]
  collapse library dir [/lib64] ==> [/lib64]
  collapse library dir [/lib/] ==> [/lib]
  collapse library dir [/usr/lib64] ==> [/usr/lib64]
  collapse library dir [/usr/lib] ==> [/usr/lib]
  implicit libs: [imf;svml;irng;stdc++;m;ipgo;decimal;cilkrts;stdc++;gcc;gcc_s;irc;svml;c;gcc;gcc_s;irc_s;dl;c]
  implicit objs: [/usr/lib/x86_64-linux-gnu/crt1.o;/usr/lib/x86_64-linux-gnu/crti.o;/usr/lib/gcc/x86_64-linux-gnu/5/crtbegin.o;/usr/lib/gcc/x86_64-linux-gnu/5/crtend.o;/usr/lib/x86_64-linux-gnu/crtn.o]
  implicit dirs: [/opt/intel/oneapi/mpi/2021.3.0/libfabric/lib;/opt/intel/oneapi/mpi/2021.3.0/lib/release;/opt/intel/oneapi/mpi/2021.3.0/lib;/opt/intel/oneapi/mkl/2021.3.0/lib/intel64;/opt/intel/oneapi/compiler/2021.3.0/linux/compiler/lib/intel64_lin;/opt/intel/oneapi/compiler/2021.3.0/linux/lib;/home/qianrui/gnucompile/g_gsl-2.6/lib;/opt/intel/composer_xe_2013_sp1.3.174/mkl/lib/intel64;/usr/local/lib;/usr/lib/gcc/x86_64-linux-gnu/5;/usr/lib/x86_64-linux-gnu;/usr/lib64;/usr/lib;/lib/x86_64-linux-gnu;/lib64;/lib]
  implicit fwks: []


