Sender: LSF System <lsfadmin@node287>
Subject: Job 1588046: <../Generate_Orbital_AllInOne.sh ORBITAL_INPUT> in cluster <tc4600> Done

Job <../Generate_Orbital_AllInOne.sh ORBITAL_INPUT> was submitted from host <tcadmin> by user <wszhang> in cluster <tc4600>.
Job was executed on host(s) <8*node287>, in queue <idle>, as user <wszhang> in cluster <tc4600>.
</home/nic/wszhang> was used as the home directory.
</home/nic/wszhang/eclipse_project/abacus-NewGit/ABACUS.1.0.0/tools/SIAB/example_SA_Si-DZP> was used as the working directory.
Started at Results reported on 
Your job looked like:

------------------------------------------------------------
# LSBATCH: User input
../Generate_Orbital_AllInOne.sh ORBITAL_INPUT
------------------------------------------------------------

Successfully completed.

Resource usage summary:

    CPU time :                                   1113.88 sec.
    Max Memory :                                 1546 MB
    Average Memory :                             263.19 MB
    Total Requested Memory :                     -
    Delta Memory :                               -
    Max Swap :                                   1 MB
    Max Processes :                              14
    Max Threads :                                23
    Run time :                                   515 sec.
    Turnaround time :                            517 sec.

The output (if any) follows:

 
 ********************************************************* 
 *                                                       * 
 *          Start to Generate Orbital for LCAO           * 
 *                                                       * 
 ********************************************************* 
      InputFile = ORBITAL_INPUT
        EXE_mpi = mpijob 
    Host1_NCore = 8
         EXE_pw = /home/nic/wszhang/eclipse_project/abacus-NewGit/ABACUS.1.0.0/bin/20190930.fix0621.ABACUS.mpi 
    EXE_orbital = /home/nic/wszhang/eclipse_project/abacus-NewGit/ABACUS.1.0.0/tools/SIAB/SimulatedAnnealing/source/SIA_s.exe 
        targets = 14_Si_100
     Pseudo_dir = /home/nic/wszhang/eclipse_project/delta_dft/CIF_POT/SG15_ONCV_PBE-1.0/ 
           ecut = 100
    rcut_number = 1, info_r = ( 6 )
         Pseudo = Si_ONCV_PBE-1.0.upf
        sigma = 0.01
          nSTRU = 1
        STRU[1] = dimer
   BL_number[1] = 2, info[1] = 1.8 2.0
    LevelEnd[1] = 2
      nbands[1] = 8.0
   ref_bands[1] = 4.0
    SkipSTRU[1] = 0
 -------------------------------------------------------> Si
 The dir exist: 14_Si_100
    |run  cicle: rcut=6
 nSTRU = 1 
        |run  cicle: iSTRU=1
            |run  cicle: BL=1.8
 na=2
 mpijob /home/nic/wszhang/eclipse_project/abacus-NewGit/ABACUS.1.0.0/bin/20190930.fix0621.ABACUS.mpi 
 *********************************************************
 *                                                       *
 *                  WELCOME TO ABACUS                    *
 *                                                       *
 *            'Atomic-orbital Based Ab-initio            *
 *                  Computation at UStc'                 *
 *                                                       *
 *          Website: http://abacus.ustc.edu.cn/          *
 *                                                       *
 *********************************************************
 Wed Oct  9 18:34:53 2019
 MAKE THE DIR         : OUT.Si-6-1.8/
 DONE(0.198189   SEC) : SETUP UNITCELL
 DONE(0.199137   SEC) : INIT K-POINTS
 ---------------------------------------------------------
 This calculation is self-consistent
 ---------------------------------------------------------
 SPIN    KPOINTS         PROCESSORS  
 1       1               8           
 ---------------------------------------------------------
 Use plane wave basis
 ---------------------------------------------------------
 ELEMENT NATOM       XC          
 Si      2           PBE
 ---------------------------------------------------------
 Initial plane wave basis and FFT box
 ---------------------------------------------------------
 DONE(0.764269   SEC) : INIT PLANEWAVE
 UNIFORM GRID DIM     : 128 * 128 * 128
 UNIFORM GRID DIM(BIG): 128 * 128 * 128
 MEMORY FOR PSI (MB)  : 2.06018
 DONE(0.840127   SEC) : LOCAL POTENTIAL
 DONE(0.869433   SEC) : NON-LOCAL POTENTIAL
 START POTENTIAL      : atomic
 DONE(1.1181     SEC) : INIT POTENTIAL
 DONE(1.3183     SEC) : INIT BASIS
 -------------------------------------------
 SELF-CONSISTENT : 
 -------------------------------------------
 ITER   ETOT(eV)       EDIFF(eV)      DRHO2      CG_ITER    TIME(S)    
 CG1    -2.061718e+02  0.000000e+00   3.184e-01  8.750e+00  1.670e+00  
 CG2    -2.069331e+02  -7.612549e-01  3.083e-02  3.250e+00  9.400e-01  
 CG3    -2.070168e+02  -8.373766e-02  1.623e-03  2.750e+00  8.300e-01  
 CG4    -2.070253e+02  -8.515627e-03  1.598e-03  3.875e+00  9.900e-01  
 CG5    -2.070289e+02  -3.555672e-03  5.205e-04  2.250e+00  8.100e-01  
 CG6    -2.070293e+02  -4.547129e-04  1.600e-04  2.750e+00  8.300e-01  
 CG7    -2.070299e+02  -5.658154e-04  6.799e-05  2.500e+00  8.000e-01  
 CG8    -2.070298e+02  1.373816e-04   4.082e-05  2.000e+00  7.300e-01  
 CG9    -2.070298e+02  -6.383605e-05  4.041e-07  2.250e+00  7.600e-01  
 CG10   -2.070298e+02  -2.107391e-06  1.070e-07  4.625e+00  1.070e+00  
 CG11   -2.070298e+02  -1.154920e-07  1.248e-08  2.375e+00  7.900e-01  
 DONE(1.233e+01  SEC) : jlq3d_overlap
 DONE(4.212e+01  SEC) : Sq_overlap
 DONE(4.227e+01  SEC) : BASIS OVERLAP (Q and S) GENERATION.

  |CLASS_NAME---------|NAME---------------|TIME(Sec)-----|CALLS----|AVG------|PER%-------
 A DC_Driv             reading             0.2            1         0.2       0.47      %
 B Run_Frag            frag_init           0.12           1         0.12      0.29      %
 A DC_Driv             divide_frag         0.57           1         0.57      1.3       %
 B PW_Basis            gen_pw              0.56           1         0.56      1.3       %
 A DC_Driv             solve_eachf         42             1         42        98        %
 B Run_Frag            frag_pw_line        42             1         42        98        %
 X FFT                 FFT3D               6.7            1034      0.0065    16        %
 E potential           v_of_rho            2.1            12        0.17      4.9       %
 C wavefunc            wfcinit             0.2            1         0.2       0.47      %
 G Hamilt_PW           cinitcgg            1.7            12        0.14      3.9       %
 H Hamilt_PW           h_psi               6.1            395       0.015     14        %
 I Hamilt_PW           add_vuspsi          0.19           395       0.00049   0.45      %
 C Ions                opt_ions_pw         10             1         10        24        %
 D electrons           self_consistent     10             1         10        24        %
 E electrons           c_bands             6.5            11        0.59      15        %
 F Hamilt              diago               6.4            11        0.58      15        %
 G Diago_CG            diag                4.9            11        0.45      12        %
 E Charge              mix_rho             0.55           11        0.05      1.3       %
 ----------------------------------------------------------------------------------------

 START  Time  : Wed Oct  9 18:34:53 2019
 FINISH Time  : Wed Oct  9 18:35:36 2019
 TOTAL  Time  : 43
 SEE INFORMATION IN : OUT.Si-6-1.8/
            |run  cicle: BL=2.0
 na=2
 mpijob /home/nic/wszhang/eclipse_project/abacus-NewGit/ABACUS.1.0.0/bin/20190930.fix0621.ABACUS.mpi 
 *********************************************************
 *                                                       *
 *                  WELCOME TO ABACUS                    *
 *                                                       *
 *            'Atomic-orbital Based Ab-initio            *
 *                  Computation at UStc'                 *
 *                                                       *
 *          Website: http://abacus.ustc.edu.cn/          *
 *                                                       *
 *********************************************************
 Wed Oct  9 18:35:36 2019
 MAKE THE DIR         : OUT.Si-6-2.0/
 DONE(0.089385   SEC) : SETUP UNITCELL
 DONE(0.090184   SEC) : INIT K-POINTS
 ---------------------------------------------------------
 This calculation is self-consistent
 ---------------------------------------------------------
 SPIN    KPOINTS         PROCESSORS  
 1       1               8           
 ---------------------------------------------------------
 Use plane wave basis
 ---------------------------------------------------------
 ELEMENT NATOM       XC          
 Si      2           PBE
 ---------------------------------------------------------
 Initial plane wave basis and FFT box
 ---------------------------------------------------------
 DONE(0.683643   SEC) : INIT PLANEWAVE
 UNIFORM GRID DIM     : 128 * 128 * 128
 UNIFORM GRID DIM(BIG): 128 * 128 * 128
 MEMORY FOR PSI (MB)  : 2.06018
 DONE(0.912724   SEC) : LOCAL POTENTIAL
 DONE(0.955054   SEC) : NON-LOCAL POTENTIAL
 START POTENTIAL      : atomic
 DONE(1.2292     SEC) : INIT POTENTIAL
 DONE(1.4241     SEC) : INIT BASIS
 -------------------------------------------
 SELF-CONSISTENT : 
 -------------------------------------------
 ITER   ETOT(eV)       EDIFF(eV)      DRHO2      CG_ITER    TIME(S)    
 CG1    -2.075209e+02  0.000000e+00   1.715e-01  8.625e+00  1.670e+00  
 CG2    -2.081104e+02  -5.895245e-01  6.334e-02  3.500e+00  9.600e-01  
 CG3    -2.081764e+02  -6.600380e-02  5.091e-03  2.000e+00  7.400e-01  
 CG4    -2.081907e+02  -1.430668e-02  6.570e-03  2.625e+00  8.300e-01  
 CG5    -2.081939e+02  -3.159341e-03  6.659e-04  2.000e+00  7.600e-01  
 CG6    -2.081950e+02  -1.134353e-03  3.684e-05  2.500e+00  8.100e-01  
 CG7    -2.081952e+02  -1.993684e-04  9.647e-06  4.000e+00  1.000e+00  
 CG8    -2.081952e+02  -2.116157e-05  2.314e-06  2.250e+00  7.700e-01  
 CG9    -2.081952e+02  -6.794978e-06  7.252e-07  2.500e+00  7.900e-01  
 CG10   -2.081952e+02  -1.567577e-06  3.613e-08  2.500e+00  7.700e-01  
 DONE(1.131e+01  SEC) : jlq3d_overlap
 DONE(4.208e+01  SEC) : Sq_overlap
 DONE(4.223e+01  SEC) : BASIS OVERLAP (Q and S) GENERATION.

  |CLASS_NAME---------|NAME---------------|TIME(Sec)-----|CALLS----|AVG------|PER%-------
 A DC_Driv             divide_frag         0.59           1         0.59      1.4       %
 B PW_Basis            gen_pw              0.59           1         0.59      1.4       %
 A DC_Driv             solve_eachf         42             1         42        98        %
 B Run_Frag            frag_pw_line        42             1         42        98        %
 C ppcell_vl           init_vloc           0.2            1         0.2       0.47      %
 X FFT                 FFT3D               6              919       0.0065    14        %
 E potential           v_of_rho            1.9            11        0.18      4.6       %
 C wavefunc            wfcinit             0.19           1         0.19      0.46      %
 G Hamilt_PW           cinitcgg            1.5            11        0.14      3.6       %
 H Hamilt_PW           h_psi               5.4            348       0.016     13        %
 I Hamilt_PW           add_vuspsi          0.17           348       0.00048   0.4       %
 C Ions                opt_ions_pw         9.1            1         9.1       22        %
 D electrons           self_consistent     9.1            1         9.1       22        %
 E electrons           c_bands             5.7            10        0.57      14        %
 F Hamilt              diago               5.7            10        0.57      13        %
 G Diago_CG            diag                4.3            10        0.43      10        %
 E Charge              mix_rho             0.52           10        0.052     1.2       %
 ----------------------------------------------------------------------------------------

 START  Time  : Wed Oct  9 18:35:36 2019
 FINISH Time  : Wed Oct  9 18:36:18 2019
 TOTAL  Time  : 42
 SEE INFORMATION IN : OUT.Si-6-2.0/

 iSTRULeft=0, LevelEnd[iSTRULeft]=0 
 
 Completely New SIA Calculation ... 
 ifRestart=0
 
 Using Old Simulated Annealing Method 

 Run /home/nic/wszhang/eclipse_project/abacus-NewGit/ABACUS.1.0.0/tools/SIAB/SimulatedAnnealing/source/SIA_s.exe

 ***************** 
  WELCOME TO SIA! 
 ***************** 
 Generating Numerical Orbitals via minimizing spillage program start.
 Start  Time : Wed Oct  9 18:36:19 2019
 First read in the parameters from INPUT.
 
 ========================================================
 Find file: INPUT (used to generate local orbitals).
 Can't find file: INPUTs (used to generate overlap data)
 Minimize the spillage now.
 ========================================================
 FILE : ../Si-6-1.8.20.dat
 FILE : ../Si-6-2.0.20.dat

 Element type = 1
 Element type = 1
 KINETIC_DR=0.01

 =================================================== 
                       level = 1
 =================================================== 
 cal_nw::nw = 8 cal_nw::nw2 = 8
 Type=14 Readin_Orbital=8 Generate_Orbital=8
 Total Localized Orbitals in this Level = 8
 iw = 8 iw2 = 8

 Initial Spillage Value at this Level: 
 Structure  1    40.286%
 Structure  2   41.8215%

 STEP      TEMP            SPILLAGE
    1 1.000e-03       2.1833569710%
    2 8.000e-04       2.5239026151%
    3 6.400e-04       2.1980120746%
    4 5.120e-04       1.9580286272%
    5 4.096e-04       2.0689928001%
    6 3.277e-04       1.9056729171%
    7 2.621e-04       1.8130140134%
    8 2.097e-04       1.6879457387%
    9 1.678e-04       1.7066679294%
   10 1.342e-04       1.6370742161%
   11 1.074e-04       1.6585283793%
   12 8.590e-05       1.5189822080%
   13 6.872e-05       1.5438040359%
   14 5.498e-05       1.5371692937%
   15 4.398e-05       1.5492514767%
   16 3.518e-05       1.4751593240%
   17 2.815e-05       1.4853022496%
   18 2.252e-05       1.4652481145%
   19 1.801e-05       1.4741590712%
   20 1.441e-05       1.4637867436%
   21 1.153e-05       1.4513111866%
   22 9.223e-06       1.4514707983%
   23 7.379e-06       1.4473127198%
   24 5.903e-06       1.4450907199%
   25 4.722e-06       1.4412307196%
   26 3.778e-06       1.4407770763%
   27 3.022e-06       1.4382127955%
   28 2.418e-06       1.4382745475%
   29 1.934e-06       1.4345956220%
   30 1.547e-06       1.4352200299%
   31 1.238e-06       1.4342527926%
   32 9.904e-07       1.4339663655%
   33 7.923e-07       1.4334705157%
   34 6.338e-07       1.4335424499%
   35 5.071e-07       1.4333001917%
   36 4.056e-07       1.4330785670%
   37 3.245e-07       1.4330137613%
   38 2.596e-07       1.4328559641%
   39 2.077e-07       1.4330167116%
   40 1.662e-07       1.4327352500%
   41 1.329e-07       1.4326122847%
   42 1.063e-07       1.4325402255%
   43 8.507e-08       1.4325439315%
   44 6.806e-08       1.4325289156%
   45 5.445e-08       1.4325340941%
   46 4.356e-08       1.4325171558%
   47 3.484e-08       1.4324717848%
   48 2.788e-08       1.4324511816%
   49 2.230e-08       1.4324656715%
   50 1.784e-08       1.4324639023%
    1 1.427e-08       1.4453879905%
    s 2.120e+00        7.9386136006
    p 2.120e+00       16.3132532477
    2 1.427e-08       1.4460750227%
    s 1.696e+00        5.6687688909
    p 1.696e+00        9.9995915899
    3 1.427e-08       1.4448092709%
    s 1.357e+00        6.7741287630
    p 1.357e+00       11.4870200510
    4 1.427e-08       1.4460516890%
    s 1.085e+00        7.0473397457
    p 1.085e+00       11.4609055481
    5 1.427e-08       1.4459823707%
    s 8.682e-01        5.5810801698
    p 8.682e-01       12.0488240932
    6 1.427e-08       1.4463866167%
    s 6.946e-01        6.3849878145
    p 6.946e-01       14.0041117253
    7 1.427e-08       1.4455070882%
    s 5.556e-01        5.7116893925
    p 5.556e-01        9.1819643937
    8 1.427e-08       1.4466786129%
    s 4.445e-01        6.3193844566
    p 4.445e-01        8.3942666599
    9 1.427e-08       1.4463371371%
    s 3.556e-01        5.5539419883
    p 3.556e-01        7.6659209704
   10 1.427e-08       1.4463640450%
    s 2.845e-01        5.8074457019
    p 2.845e-01        8.0580808913
   11 1.427e-08       1.4466962903%
    s 2.276e-01        6.0452007376
    p 2.276e-01        9.9277906994
   12 1.427e-08       1.4465964895%
    s 1.821e-01        5.8251938508
    p 1.821e-01        6.9751646223
   13 1.427e-08       1.4467384097%
    s 1.457e-01        5.4871203205
    p 1.457e-01        7.0932157214
   14 1.427e-08       1.4466540953%
    s 1.165e-01        5.8700537680
    p 1.165e-01        6.6330795426
   15 1.427e-08       1.4467751077%
    s 9.322e-02        5.7865430119
    p 9.322e-02        5.9081307970
   16 1.427e-08       1.4467625661%
    s 7.458e-02        5.6637209592
    p 7.458e-02        6.2241032505
   17 1.427e-08       1.4464936435%
    s 5.966e-02        5.6384967287
    p 5.966e-02        5.8258798218
   18 1.427e-08       1.4466539249%
    s 4.773e-02        5.6228407531
    p 4.773e-02        5.7336053006
   19 1.427e-08       1.4467116929%
    s 3.818e-02        5.4029489951
    p 3.818e-02        5.7863462671
   20 1.427e-08       1.4467420861%
    s 3.055e-02        5.3321836434
    p 3.055e-02        5.7182575564
   21 1.427e-08       1.4467630745%
    s 2.444e-02        5.3863872993
    p 2.444e-02        5.3799625137
   22 1.427e-08       1.4467654653%
    s 1.955e-02        5.3399900664
    p 1.955e-02        5.3968676970
   23 1.427e-08       1.4466896790%
    s 1.564e-02        5.5217885805
    p 1.564e-02        5.1169372555
   24 1.427e-08       1.4467710382%
    s 1.251e-02        5.4225635108
    p 1.251e-02        5.1707599506
   25 1.427e-08       1.4467498181%
    s 1.001e-02        5.4225363580
    p 1.001e-02        5.0879316219
   26 1.427e-08       1.4467863753%
    s 8.008e-03        5.4069036584
    p 8.008e-03        5.0634125685
   27 1.427e-08       1.4467738186%
    s 6.406e-03        5.3230514071
    p 6.406e-03        5.1211960123
   28 1.427e-08       1.4467521217%
    s 5.125e-03        5.2831862214
    p 5.125e-03        5.1582804414
   29 1.427e-08       1.4467775742%
    s 4.100e-03        5.3521289134
    p 4.100e-03        5.0798025237
   30 1.427e-08       1.4467653903%
    s 3.280e-03        5.3203341667
    p 3.280e-03        5.0675817839
   31 1.427e-08       1.4467762954%
    s 2.624e-03        5.3755520437
    p 2.624e-03        5.0023927385
   32 1.427e-08       1.4467774177%
    s 2.099e-03        5.3536600861
    p 2.099e-03        5.0291037976
   33 1.427e-08       1.4467875338%
    s 1.679e-03        5.3568902982
    p 1.679e-03        5.0157712649
   34 1.427e-08       1.4467823184%
    s 1.343e-03        5.3271451031
    p 1.343e-03        5.0483935473
   35 1.427e-08       1.4467848549%
    s 1.075e-03        5.3331716446
    p 1.075e-03        5.0336250699
   36 1.427e-08       1.4467850392%
    s 8.598e-04        5.3285619961
    p 8.598e-04        5.0320545345
   37 1.427e-08       1.4467875397%
    s 6.879e-04        5.3269383791
    p 6.879e-04        5.0296008734
   38 1.427e-08       1.4467884537%
    s 5.503e-04        5.3450002940
    p 5.503e-04        5.0110265617
   39 1.427e-08       1.4467875979%
    s 4.402e-04        5.3168996744
    p 4.402e-04        5.0432298097
   40 1.427e-08       1.4467879190%
    s 3.522e-04        5.3060356753
    p 3.522e-04        5.0467295195


 =================================================== 
                       level = 2
 =================================================== 
 cal_nw::nw = 18 cal_nw::nw2 = 18
 Type=14 Readin_Orbital=18 Generate_Orbital=18
 Total Localized Orbitals in this Level = 18
 iw = 18 iw2 = 18

 Orthogonal.......

 Initial Spillage Value at this Level: 
 Structure  1  0.815457%
 Structure  2   0.89076%

 STEP      TEMP            SPILLAGE
    1 8.000e-04       1.1410299810%
    2 6.400e-04       0.9389537411%
    3 5.120e-04       1.0689860452%
    4 4.096e-04       0.9001672552%
    5 3.277e-04       0.9655399480%
    6 2.621e-04       0.8251305702%
    7 2.097e-04       0.8545678156%
    8 1.678e-04       0.7688751218%
    9 1.342e-04       0.7760940395%
   10 1.074e-04       0.7954888654%
   11 8.590e-05       0.7529273556%
   12 6.872e-05       0.7272973574%
   13 5.498e-05       0.7570076606%
   14 4.398e-05       0.6942094084%
   15 3.518e-05       0.6960643412%
   16 2.815e-05       0.6893629507%
   17 2.252e-05       0.6826114124%
   18 1.801e-05       0.6897655893%
   19 1.441e-05       0.6885575443%
   20 1.153e-05       0.6767150278%
   21 9.223e-06       0.6718875820%
   22 7.379e-06       0.6706605875%
   23 5.903e-06       0.6731410549%
   24 4.722e-06       0.6683445912%
   25 3.778e-06       0.6629770153%
   26 3.022e-06       0.6607360100%
   27 2.418e-06       0.6619301787%
   28 1.934e-06       0.6593857564%
   29 1.547e-06       0.6594773271%
   30 1.238e-06       0.6579598184%
   31 9.904e-07       0.6572057901%
   32 7.923e-07       0.6567874562%
   33 6.338e-07       0.6561795623%
   34 5.071e-07       0.6560555759%
   35 4.056e-07       0.6558982869%
   36 3.245e-07       0.6557101971%
   37 2.596e-07       0.6556665164%
   38 2.077e-07       0.6554791854%
   39 1.662e-07       0.6553181900%
   40 1.329e-07       0.6553165372%
   41 1.063e-07       0.6552276165%
   42 8.507e-08       0.6550347964%
   43 6.806e-08       0.6550698593%
   44 5.445e-08       0.6550030854%
   45 4.356e-08       0.6550618556%
   46 3.484e-08       0.6550095983%
   47 2.788e-08       0.6549878876%
   48 2.230e-08       0.6549511927%
   49 1.784e-08       0.6549452276%
   50 1.427e-08       0.6549188082%
    1 1.142e-08       0.6607167340%
    s 7.136e+00       57.6982888001
    p 7.136e+00       18.0112755557
    d 7.136e+00       13.4571461822
    2 1.142e-08       0.6614351934%
    s 5.709e+00       52.6107422900
    p 5.709e+00       18.2440661095
    d 5.709e+00        6.5155861757
    3 1.142e-08       0.6610318574%
    s 4.567e+00       45.6315227516
    p 4.567e+00       14.8250574276
    d 4.567e+00        6.3324348118
    4 1.142e-08       0.6613882012%
    s 3.654e+00       44.1157561963
    p 3.654e+00       15.2972529858
    d 3.654e+00        6.8646992702
    5 1.142e-08       0.6609796228%
    s 2.923e+00       26.3830786594
    p 2.923e+00       14.4796292692
    d 2.923e+00       11.5247749894
    6 1.142e-08       0.6614352560%
    s 2.338e+00       24.5432716977
    p 2.338e+00       15.8773733158
    d 2.338e+00        6.0644201991
    7 1.142e-08       0.6613957912%
    s 1.871e+00       30.4887736069
    p 1.871e+00        9.7264969243
    d 1.871e+00        7.8359578822
    8 1.142e-08       0.6611232368%
    s 1.497e+00       26.2820477552
    p 1.497e+00       11.9499285826
    d 1.497e+00        7.3428148393
    9 1.142e-08       0.6614389422%
    s 1.197e+00       15.5461839363
    p 1.197e+00        7.4477130996
    d 1.197e+00       10.7952438978
   10 1.142e-08       0.6611940410%
    s 9.578e-01       20.3194468913
    p 9.578e-01        5.6990146013
    d 9.578e-01        6.1811116376
   11 1.142e-08       0.6613998713%
    s 7.662e-01       17.4277675316
    p 7.662e-01        9.5362072176
    d 7.662e-01        6.5695620705
   12 1.142e-08       0.6614128141%
    s 6.130e-01       12.8595451604
    p 6.130e-01        7.3621826801
    d 6.130e-01        5.9688878841
   13 1.142e-08       0.6614329120%
    s 4.904e-01        8.9880787238
    p 4.904e-01        7.2987542890
    d 4.904e-01        5.5547802118
   14 1.142e-08       0.6613733024%
    s 3.923e-01        8.8514538298
    p 3.923e-01        6.6120478740
    d 3.923e-01        5.3060884194
   15 1.142e-08       0.6605701721%
    s 3.138e-01       10.3487584632
    p 3.138e-01        5.3207121562
    d 3.138e-01        4.9459268675
   16 1.142e-08       0.6614025007%
    s 2.511e-01        9.7952358375
    p 2.511e-01        6.8609023031
    d 2.511e-01        6.7067422836
   17 1.142e-08       0.6613772660%
    s 2.009e-01        7.3066149696
    p 2.009e-01        5.6711401445
    d 2.009e-01        5.3247833019
   18 1.142e-08       0.6614181070%
    s 1.607e-01        7.1290935275
    p 1.607e-01        5.2366621564
    d 1.607e-01        4.9129073694
   19 1.142e-08       0.6614204551%
    s 1.286e-01        7.7747244176
    p 1.286e-01        5.6075964400
    d 1.286e-01        4.5143416694
   20 1.142e-08       0.6614616678%
    s 1.028e-01        6.0235026560
    p 1.028e-01        5.2494290234
    d 1.028e-01        4.6192728240
   21 1.142e-08       0.6614290856%
    s 8.227e-02        6.0199213789
    p 8.227e-02        4.7478428083
    d 8.227e-02        4.6394167744
   22 1.142e-08       0.6613086509%
    s 6.582e-02        6.3056095857
    p 6.582e-02        4.8327044924
    d 6.582e-02        4.7327216714
   23 1.142e-08       0.6614500873%
    s 5.265e-02        5.3988966880
    p 5.265e-02        4.5787255691
    d 5.265e-02        4.9254282015
   24 1.142e-08       0.6613811066%
    s 4.212e-02        5.5656467853
    p 4.212e-02        4.3855217460
    d 4.212e-02        5.0418206681
   25 1.142e-08       0.6614659917%
    s 3.370e-02        5.8818703027
    p 3.370e-02        3.9859536528
    d 3.370e-02        4.6454022525
   26 1.142e-08       0.6614151395%
    s 2.696e-02        5.6020041906
    p 2.696e-02        4.1701572898
    d 2.696e-02        4.6542130565
   27 1.142e-08       0.6614663360%
    s 2.157e-02        5.1314770804
    p 2.157e-02        4.5245304526
    d 2.157e-02        4.5775105705
   28 1.142e-08       0.6614608602%
    s 1.725e-02        5.1863239187
    p 1.725e-02        4.3446902713
    d 1.725e-02        4.5897883090
   29 1.142e-08       0.6614426640%
    s 1.380e-02        5.2447862600
    p 1.380e-02        4.2727592495
    d 1.380e-02        4.6041092446
   30 1.142e-08       0.6614642937%
    s 1.104e-02        5.1720213804
    p 1.104e-02        4.1788309340
    d 1.104e-02        4.5406994335
   31 1.142e-08       0.6614630920%
    s 8.834e-03        5.2217164834
    p 8.834e-03        4.1076215276
    d 8.834e-03        4.5726726835
   32 1.142e-08       0.6614678021%
    s 7.067e-03        5.2858438983
    p 7.067e-03        3.9763124876
    d 7.067e-03        4.6067808124
   33 1.142e-08       0.6614661046%
    s 5.654e-03        5.1182804245
    p 5.654e-03        4.0838991163
    d 5.654e-03        4.6265560157
   34 1.142e-08       0.6614664048%
    s 4.523e-03        5.1391981501
    p 4.523e-03        4.0837900735
    d 4.523e-03        4.6148135650
   35 1.142e-08       0.6614549451%
    s 3.618e-03        4.9784698923
    p 3.618e-03        4.1875420476
    d 3.618e-03        4.6258787603
   36 1.142e-08       0.6614674881%
    s 2.895e-03        4.9550776483
    p 2.895e-03        4.1896892996
    d 2.895e-03        4.6407414830
   37 1.142e-08       0.6614676129%
    s 2.316e-03        5.0422626090
    p 2.316e-03        4.0886933106
    d 2.316e-03        4.6237356484
   38 1.142e-08       0.6614675354%
    s 1.853e-03        5.0503569320
    p 1.853e-03        4.0302709614
    d 1.853e-03        4.6446203991
   39 1.142e-08       0.6614665985%
    s 1.482e-03        5.0646584798
    p 1.482e-03        4.0849499284
    d 1.482e-03        4.5715062419
   40 1.142e-08       0.6614675406%
    s 1.186e-03        5.0600188633
    p 1.186e-03        4.0869833143
    d 1.186e-03        4.5663133801

--------- CLASS NAME--------------- NAME ----- TIME(sec) -- CALLS ----- AVG ----- PER%
                                   total         427.83         1   4.3e+02     1e+02%
          Metropolis      move_various_t        4.3e+02         2   2.1e+02     1e+02%
            ReadData        OverlapSq1q2           0.27         2      0.13     0.063%
--------------------------------------------------------------------------------------

 Start  Time : Wed Oct  9 18:36:19 2019
 Finish Time : Wed Oct  9 18:43:27 2019
 Total  Time : 428 Seconds
